<?xml version="1.0" encoding="utf-8"?>
<testsuites disabled="0" errors="0" failures="11" tests="11" time="194.33662632199673">
	<testsuite disabled="0" errors="0" failures="11" name="schemathesis" skipped="1" tests="11" time="194.33662632199673" hostname="82b009be0dad">
		<testcase name="POST /api/pizzerias" time="7.940301">
			<failure type="failure" message="1. Test Case ID: Tporoq

- Response violates schema

    null is not of type &quot;string&quot;

    Schema at /properties/createdAt:

        {
            &quot;type&quot;: &quot;string&quot;,
            &quot;format&quot;: &quot;date-time&quot;,
            &quot;description&quot;: &quot;Creation timestamp&quot;,
            &quot;example&quot;: &quot;2026-02-23T10:45:12&quot;
        }

    Value:

        null

[201] Created:

    `{&quot;id&quot;:320,&quot;name&quot;:&quot;Napoli Centrale&quot;,&quot;address&quot;:&quot;123&quot;,&quot;phone&quot;:&quot;+351912345678&quot;,&quot;createdAt&quot;:null}`

Reproduce with:

    curl -X POST -H 'Content-Type: application/json' -d '{&quot;name&quot;: &quot;Napoli Centrale&quot;, &quot;address&quot;: 123, &quot;phone&quot;: &quot;+351912345678&quot;}' http://host.docker.internal:8080/api/pizzerias"/>
			<failure type="failure" message="1. Test Case ID: Tporoq

- Response violates schema

    null is not of type &quot;string&quot;

    Schema at /properties/createdAt:

        {
            &quot;type&quot;: &quot;string&quot;,
            &quot;format&quot;: &quot;date-time&quot;,
            &quot;description&quot;: &quot;Creation timestamp&quot;,
            &quot;example&quot;: &quot;2026-02-23T10:45:12&quot;
        }

    Value:

        null

[201] Created:

    `{&quot;id&quot;:320,&quot;name&quot;:&quot;Napoli Centrale&quot;,&quot;address&quot;:&quot;123&quot;,&quot;phone&quot;:&quot;+351912345678&quot;,&quot;createdAt&quot;:null}`

Reproduce with:

    curl -X POST -H 'Content-Type: application/json' -d '{&quot;name&quot;: &quot;Napoli Centrale&quot;, &quot;address&quot;: 123, &quot;phone&quot;: &quot;+351912345678&quot;}' http://host.docker.internal:8080/api/pizzerias

2. Test Case ID: ylDN0N

- Response violates schema

    &quot;2026-05-09T05:23:28.402983493&quot; is not a &quot;date-time&quot;

    Schema at /properties/timestamp:

        {
            &quot;format&quot;: &quot;date-time&quot;,
            &quot;type&quot;: &quot;string&quot;,
            &quot;description&quot;: &quot;Time when the error was generated&quot;,
            &quot;example&quot;: &quot;2026-02-23T10:45:12.345&quot;
        }

    Value:

        &quot;2026-05-09T05:23:28.402983493&quot;

[400] Bad Request:

    `{&quot;error&quot;:&quot;Bad Request&quot;,&quot;message&quot;:&quot;name: must not be blank&quot;,&quot;timestamp&quot;:&quot;2026-05-09T05:23:28.402983493&quot;,&quot;status&quot;:400}`

Reproduce with:

    curl -X POST -H 'Content-Type: application/json' -d '{&quot;address&quot;: 123, &quot;phone&quot;: &quot;+351912345678&quot;}' http://host.docker.internal:8080/api/pizzerias

3. Test Case ID: wY8RCH

- API accepted schema-violating request

    Invalid data should have been rejected
    Expected: 400, 401, 403, 404, 406, 422, 428, 5xx
    Invalid component: in body - object with invalid 'phone' value: Incorrect type

[201] Created:

    `{&quot;id&quot;:321,&quot;name&quot;:&quot;Napoli Centrale&quot;,&quot;address&quot;:&quot;123&quot;,&quot;phone&quot;:null,&quot;createdAt&quot;:null}`

Reproduce with:

    curl -X POST -H 'Content-Type: application/json' -d '{&quot;name&quot;: &quot;Napoli Centrale&quot;, &quot;address&quot;: 123, &quot;phone&quot;: null}' http://host.docker.internal:8080/api/pizzerias

4. Test Case ID: 0Wc0aH

- Response violates schema

    null is not of type &quot;string&quot;

    Schema at /properties/address:

        {
            &quot;type&quot;: &quot;string&quot;,
            &quot;description&quot;: &quot;Street address&quot;,
            &quot;example&quot;: 123
        }

    Value:

        null

[201] Created:

    `{&quot;id&quot;:324,&quot;name&quot;:&quot;Napoli Centrale&quot;,&quot;address&quot;:null,&quot;phone&quot;:&quot;+351912345678&quot;,&quot;createdAt&quot;:null}`

Reproduce with:

    curl -X POST -H 'Content-Type: application/json' -d '{&quot;name&quot;: &quot;Napoli Centrale&quot;, &quot;address&quot;: null, &quot;phone&quot;: &quot;+351912345678&quot;}' http://host.docker.internal:8080/api/pizzerias"/>
			<failure type="failure" message="1. Test Case ID: Tporoq

- Response violates schema

    null is not of type &quot;string&quot;

    Schema at /properties/createdAt:

        {
            &quot;type&quot;: &quot;string&quot;,
            &quot;format&quot;: &quot;date-time&quot;,
            &quot;description&quot;: &quot;Creation timestamp&quot;,
            &quot;example&quot;: &quot;2026-02-23T10:45:12&quot;
        }

    Value:

        null

[201] Created:

    `{&quot;id&quot;:320,&quot;name&quot;:&quot;Napoli Centrale&quot;,&quot;address&quot;:&quot;123&quot;,&quot;phone&quot;:&quot;+351912345678&quot;,&quot;createdAt&quot;:null}`

Reproduce with:

    curl -X POST -H 'Content-Type: application/json' -d '{&quot;name&quot;: &quot;Napoli Centrale&quot;, &quot;address&quot;: 123, &quot;phone&quot;: &quot;+351912345678&quot;}' http://host.docker.internal:8080/api/pizzerias

2. Test Case ID: ylDN0N

- Response violates schema

    &quot;2026-05-09T05:23:28.402983493&quot; is not a &quot;date-time&quot;

    Schema at /properties/timestamp:

        {
            &quot;format&quot;: &quot;date-time&quot;,
            &quot;type&quot;: &quot;string&quot;,
            &quot;description&quot;: &quot;Time when the error was generated&quot;,
            &quot;example&quot;: &quot;2026-02-23T10:45:12.345&quot;
        }

    Value:

        &quot;2026-05-09T05:23:28.402983493&quot;

[400] Bad Request:

    `{&quot;error&quot;:&quot;Bad Request&quot;,&quot;message&quot;:&quot;name: must not be blank&quot;,&quot;timestamp&quot;:&quot;2026-05-09T05:23:28.402983493&quot;,&quot;status&quot;:400}`

Reproduce with:

    curl -X POST -H 'Content-Type: application/json' -d '{&quot;address&quot;: 123, &quot;phone&quot;: &quot;+351912345678&quot;}' http://host.docker.internal:8080/api/pizzerias

3. Test Case ID: wY8RCH

- API accepted schema-violating request

    Invalid data should have been rejected
    Expected: 400, 401, 403, 404, 406, 422, 428, 5xx
    Invalid component: in body - object with invalid 'phone' value: Incorrect type

[201] Created:

    `{&quot;id&quot;:321,&quot;name&quot;:&quot;Napoli Centrale&quot;,&quot;address&quot;:&quot;123&quot;,&quot;phone&quot;:null,&quot;createdAt&quot;:null}`

Reproduce with:

    curl -X POST -H 'Content-Type: application/json' -d '{&quot;name&quot;: &quot;Napoli Centrale&quot;, &quot;address&quot;: 123, &quot;phone&quot;: null}' http://host.docker.internal:8080/api/pizzerias

4. Test Case ID: 0Wc0aH

- Response violates schema

    null is not of type &quot;string&quot;

    Schema at /properties/address:

        {
            &quot;type&quot;: &quot;string&quot;,
            &quot;description&quot;: &quot;Street address&quot;,
            &quot;example&quot;: 123
        }

    Value:

        null

[201] Created:

    `{&quot;id&quot;:324,&quot;name&quot;:&quot;Napoli Centrale&quot;,&quot;address&quot;:null,&quot;phone&quot;:&quot;+351912345678&quot;,&quot;createdAt&quot;:null}`

Reproduce with:

    curl -X POST -H 'Content-Type: application/json' -d '{&quot;name&quot;: &quot;Napoli Centrale&quot;, &quot;address&quot;: null, &quot;phone&quot;: &quot;+351912345678&quot;}' http://host.docker.internal:8080/api/pizzerias

5. Test Case ID: QNJBHU

- API rejected schema-compliant request

    Valid data should have been accepted
    Expected: 2xx, 401, 403, 404, 409, 5xx

[400] Bad Request:

    `{&quot;error&quot;:&quot;Bad Request&quot;,&quot;message&quot;:&quot;name: must not be blank&quot;,&quot;timestamp&quot;:&quot;2026-05-09T05:23:37.78940773&quot;,&quot;status&quot;:400}`

Reproduce with:

    curl -X POST -H 'Content-Type: application/json' -d '{&quot;name&quot;: &quot;&quot;}' http://host.docker.internal:8080/api/pizzerias"/>
		</testcase>
		<testcase name="GET /api/pizzerias" time="0.278515">
			<failure type="failure" message="1. Test Case ID: Hx4Ovh

- Response violates schema

    &quot;2026-05-09T05:20:44&quot; is not a &quot;date-time&quot;

    Schema at /components/schemas/Pizzeria/properties/createdAt:

        {
            &quot;format&quot;: &quot;date-time&quot;,
            &quot;type&quot;: &quot;string&quot;,
            &quot;description&quot;: &quot;Creation timestamp&quot;,
            &quot;example&quot;: &quot;2026-02-23T10:45:12&quot;
        }

    Value:

        &quot;2026-05-09T05:20:44&quot;

[200] OK:

    `[{&quot;id&quot;:2,&quot;name&quot;:&quot;Roma Antica&quot;,&quot;address&quot;:&quot;Avenida da Liberdade 22, Lisboa&quot;,&quot;phone&quot;:&quot;+351 210 200 200&quot;,&quot;createdAt&quot;:&quot;2026-05-09T05:20:44&quot;},{&quot;id&quot;:3,&quot;name&quot;:&quot;Sicilia Slice&quot;,&quot;address&quot;:&quot;Praça do Mercado 5, Coimbra&quot;,&quot;phone&quot;:&quot;+351 239 300 300&quot;,&quot;createdAt&quot;:&quot;2026-05-09T05:20:44&quot;},{&quot;id&quot;:4,&quot;name&quot;:&quot;ZAP&quot;,&quot;address&quot;:&quot;688 Zaproxy Ridge&quot;,&quot;phone&quot;:&quot;9999999999&quot;,&quot;createdAt&quot;:&quot;2026-05-09T05:21:34&quot;},{&quot;id&quot;:5,&quot;name&quot;:&quot;http://www.google.com/&quot;,&quot;address&quot;:&quot;688 Zaproxy Ridge&quot;,&quot;phone&quot;:&quot;9999999999&quot;,&quot;createdAt&quot;:&quot;2026-05-09T05:21:35&quot;},{&quot;id&quot;:6,&quot;n // Output truncated...`

Reproduce with:

    curl -X GET http://host.docker.internal:8080/api/pizzerias"/>
			<failure type="failure" message="1. Test Case ID: Hx4Ovh

- Response violates schema

    &quot;2026-05-09T05:20:44&quot; is not a &quot;date-time&quot;

    Schema at /components/schemas/Pizzeria/properties/createdAt:

        {
            &quot;format&quot;: &quot;date-time&quot;,
            &quot;type&quot;: &quot;string&quot;,
            &quot;description&quot;: &quot;Creation timestamp&quot;,
            &quot;example&quot;: &quot;2026-02-23T10:45:12&quot;
        }

    Value:

        &quot;2026-05-09T05:20:44&quot;

[200] OK:

    `[{&quot;id&quot;:2,&quot;name&quot;:&quot;Roma Antica&quot;,&quot;address&quot;:&quot;Avenida da Liberdade 22, Lisboa&quot;,&quot;phone&quot;:&quot;+351 210 200 200&quot;,&quot;createdAt&quot;:&quot;2026-05-09T05:20:44&quot;},{&quot;id&quot;:3,&quot;name&quot;:&quot;Sicilia Slice&quot;,&quot;address&quot;:&quot;Praça do Mercado 5, Coimbra&quot;,&quot;phone&quot;:&quot;+351 239 300 300&quot;,&quot;createdAt&quot;:&quot;2026-05-09T05:20:44&quot;},{&quot;id&quot;:4,&quot;name&quot;:&quot;ZAP&quot;,&quot;address&quot;:&quot;688 Zaproxy Ridge&quot;,&quot;phone&quot;:&quot;9999999999&quot;,&quot;createdAt&quot;:&quot;2026-05-09T05:21:34&quot;},{&quot;id&quot;:5,&quot;name&quot;:&quot;http://www.google.com/&quot;,&quot;address&quot;:&quot;688 Zaproxy Ridge&quot;,&quot;phone&quot;:&quot;9999999999&quot;,&quot;createdAt&quot;:&quot;2026-05-09T05:21:35&quot;},{&quot;id&quot;:6,&quot;n // Output truncated...`

Reproduce with:

    curl -X GET http://host.docker.internal:8080/api/pizzerias"/>
			<skipped type="skipped">No examples in schema</skipped>
		</testcase>
		<testcase name="POST /api/pizzas" time="11.869640">
			<failure type="failure" message="1. Test Case ID: 4H2RB1

- Response violates schema

    &quot;2026-05-09T05:23:26.881737225&quot; is not a &quot;date-time&quot;

    Schema at /properties/timestamp:

        {
            &quot;format&quot;: &quot;date-time&quot;,
            &quot;type&quot;: &quot;string&quot;,
            &quot;description&quot;: &quot;Time when the error was generated&quot;,
            &quot;example&quot;: &quot;2026-02-23T10:45:12.345&quot;
        }

    Value:

        &quot;2026-05-09T05:23:26.881737225&quot;

[404] Not Found:

    `{&quot;error&quot;:&quot;Not Found&quot;,&quot;message&quot;:&quot;Pizzeria with id 1 was not found.&quot;,&quot;timestamp&quot;:&quot;2026-05-09T05:23:26.881737225&quot;,&quot;status&quot;:404}`

Reproduce with:

    curl -X POST -H 'Content-Type: application/json' -d '{&quot;name&quot;: &quot;Margherita&quot;, &quot;ingredients&quot;: &quot;Tomato, mozzarella, basil&quot;, &quot;pizzeriaId&quot;: 1, &quot;price&quot;: 12.5, &quot;size&quot;: &quot;medium&quot;, &quot;isAvailable&quot;: true, &quot;photoUrl&quot;: &quot;https://example.com/pizzas/margherita.jpg&quot;}' http://host.docker.internal:8080/api/pizzas"/>
			<failure type="failure" message="1. Test Case ID: 4H2RB1

- Response violates schema

    &quot;2026-05-09T05:23:26.881737225&quot; is not a &quot;date-time&quot;

    Schema at /properties/timestamp:

        {
            &quot;format&quot;: &quot;date-time&quot;,
            &quot;type&quot;: &quot;string&quot;,
            &quot;description&quot;: &quot;Time when the error was generated&quot;,
            &quot;example&quot;: &quot;2026-02-23T10:45:12.345&quot;
        }

    Value:

        &quot;2026-05-09T05:23:26.881737225&quot;

[404] Not Found:

    `{&quot;error&quot;:&quot;Not Found&quot;,&quot;message&quot;:&quot;Pizzeria with id 1 was not found.&quot;,&quot;timestamp&quot;:&quot;2026-05-09T05:23:26.881737225&quot;,&quot;status&quot;:404}`

Reproduce with:

    curl -X POST -H 'Content-Type: application/json' -d '{&quot;name&quot;: &quot;Margherita&quot;, &quot;ingredients&quot;: &quot;Tomato, mozzarella, basil&quot;, &quot;pizzeriaId&quot;: 1, &quot;price&quot;: 12.5, &quot;size&quot;: &quot;medium&quot;, &quot;isAvailable&quot;: true, &quot;photoUrl&quot;: &quot;https://example.com/pizzas/margherita.jpg&quot;}' http://host.docker.internal:8080/api/pizzas"/>
			<failure type="failure" message="1. Test Case ID: 4H2RB1

- Response violates schema

    &quot;2026-05-09T05:23:26.881737225&quot; is not a &quot;date-time&quot;

    Schema at /properties/timestamp:

        {
            &quot;format&quot;: &quot;date-time&quot;,
            &quot;type&quot;: &quot;string&quot;,
            &quot;description&quot;: &quot;Time when the error was generated&quot;,
            &quot;example&quot;: &quot;2026-02-23T10:45:12.345&quot;
        }

    Value:

        &quot;2026-05-09T05:23:26.881737225&quot;

[404] Not Found:

    `{&quot;error&quot;:&quot;Not Found&quot;,&quot;message&quot;:&quot;Pizzeria with id 1 was not found.&quot;,&quot;timestamp&quot;:&quot;2026-05-09T05:23:26.881737225&quot;,&quot;status&quot;:404}`

Reproduce with:

    curl -X POST -H 'Content-Type: application/json' -d '{&quot;name&quot;: &quot;Margherita&quot;, &quot;ingredients&quot;: &quot;Tomato, mozzarella, basil&quot;, &quot;pizzeriaId&quot;: 1, &quot;price&quot;: 12.5, &quot;size&quot;: &quot;medium&quot;, &quot;isAvailable&quot;: true, &quot;photoUrl&quot;: &quot;https://example.com/pizzas/margherita.jpg&quot;}' http://host.docker.internal:8080/api/pizzas

2. Test Case ID: wZD71t

- API rejected schema-compliant request

    Valid data should have been accepted
    Expected: 2xx, 401, 403, 404, 409, 5xx

[400] Bad Request:

    `{&quot;error&quot;:&quot;Bad Request&quot;,&quot;message&quot;:&quot;name: must not be blank&quot;,&quot;timestamp&quot;:&quot;2026-05-09T05:23:45.724847399&quot;,&quot;status&quot;:400}`

Reproduce with:

    curl -X POST -H 'Content-Type: application/json' -d '{&quot;name&quot;: &quot;&quot;, &quot;pizzeriaId&quot;: 302, &quot;price&quot;: 0.0, &quot;size&quot;: &quot;large&quot;}' http://host.docker.internal:8080/api/pizzas

3. Test Case ID: zHFKUe

- Response violates schema

    null is not of type &quot;string&quot;

    Schema at /properties/createdAt:

        {
            &quot;type&quot;: &quot;string&quot;,
            &quot;format&quot;: &quot;date-time&quot;,
            &quot;description&quot;: &quot;Creation timestamp&quot;,
            &quot;example&quot;: &quot;2026-02-23T10:45:12&quot;
        }

    Value:

        null

[201] Created:

    `{&quot;id&quot;:7,&quot;name&quot;:&quot;ÒaØ&quot;,&quot;ingredients&quot;:null,&quot;price&quot;:0.0,&quot;size&quot;:&quot;large&quot;,&quot;isAvailable&quot;:true,&quot;photoUrl&quot;:null,&quot;createdAt&quot;:null,&quot;pizzeriaId&quot;:302}`

Reproduce with:

    curl -X POST -H 'Content-Type: application/json' -d '{&quot;name&quot;: &quot;\u00d2a\u00d8&quot;, &quot;pizzeriaId&quot;: 302, &quot;price&quot;: 0.0, &quot;size&quot;: &quot;large&quot;}' http://host.docker.internal:8080/api/pizzas"/>
		</testcase>
		<testcase name="PUT /api/pizzas/{id}" time="11.372527">
			<failure type="failure" message="1. Test Case ID: 8DXXKa

- Response violates schema

    &quot;2026-05-09T05:23:28.149903842&quot; is not a &quot;date-time&quot;

    Schema at /properties/timestamp:

        {
            &quot;format&quot;: &quot;date-time&quot;,
            &quot;type&quot;: &quot;string&quot;,
            &quot;description&quot;: &quot;Time when the error was generated&quot;,
            &quot;example&quot;: &quot;2026-02-23T10:45:12.345&quot;
        }

    Value:

        &quot;2026-05-09T05:23:28.149903842&quot;

[404] Not Found:

    `{&quot;error&quot;:&quot;Not Found&quot;,&quot;message&quot;:&quot;Pizza with id 1 was not found.&quot;,&quot;timestamp&quot;:&quot;2026-05-09T05:23:28.149903842&quot;,&quot;status&quot;:404}`

Reproduce with:

    curl -X PUT -H 'Content-Type: application/json' -d '{&quot;name&quot;: &quot;Margherita&quot;, &quot;ingredients&quot;: &quot;Tomato, mozzarella, basil&quot;, &quot;pizzeriaId&quot;: 1, &quot;price&quot;: 12.5, &quot;size&quot;: &quot;medium&quot;, &quot;isAvailable&quot;: true, &quot;photoUrl&quot;: &quot;https://example.com/pizzas/margherita.jpg&quot;}' http://host.docker.internal:8080/api/pizzas/1"/>
			<failure type="failure" message="1. Test Case ID: 8DXXKa

- Response violates schema

    &quot;2026-05-09T05:23:28.149903842&quot; is not a &quot;date-time&quot;

    Schema at /properties/timestamp:

        {
            &quot;format&quot;: &quot;date-time&quot;,
            &quot;type&quot;: &quot;string&quot;,
            &quot;description&quot;: &quot;Time when the error was generated&quot;,
            &quot;example&quot;: &quot;2026-02-23T10:45:12.345&quot;
        }

    Value:

        &quot;2026-05-09T05:23:28.149903842&quot;

[404] Not Found:

    `{&quot;error&quot;:&quot;Not Found&quot;,&quot;message&quot;:&quot;Pizza with id 1 was not found.&quot;,&quot;timestamp&quot;:&quot;2026-05-09T05:23:28.149903842&quot;,&quot;status&quot;:404}`

Reproduce with:

    curl -X PUT -H 'Content-Type: application/json' -d '{&quot;name&quot;: &quot;Margherita&quot;, &quot;ingredients&quot;: &quot;Tomato, mozzarella, basil&quot;, &quot;pizzeriaId&quot;: 1, &quot;price&quot;: 12.5, &quot;size&quot;: &quot;medium&quot;, &quot;isAvailable&quot;: true, &quot;photoUrl&quot;: &quot;https://example.com/pizzas/margherita.jpg&quot;}' http://host.docker.internal:8080/api/pizzas/1"/>
			<failure type="failure" message="1. Test Case ID: 8DXXKa

- Response violates schema

    &quot;2026-05-09T05:23:28.149903842&quot; is not a &quot;date-time&quot;

    Schema at /properties/timestamp:

        {
            &quot;format&quot;: &quot;date-time&quot;,
            &quot;type&quot;: &quot;string&quot;,
            &quot;description&quot;: &quot;Time when the error was generated&quot;,
            &quot;example&quot;: &quot;2026-02-23T10:45:12.345&quot;
        }

    Value:

        &quot;2026-05-09T05:23:28.149903842&quot;

[404] Not Found:

    `{&quot;error&quot;:&quot;Not Found&quot;,&quot;message&quot;:&quot;Pizza with id 1 was not found.&quot;,&quot;timestamp&quot;:&quot;2026-05-09T05:23:28.149903842&quot;,&quot;status&quot;:404}`

Reproduce with:

    curl -X PUT -H 'Content-Type: application/json' -d '{&quot;name&quot;: &quot;Margherita&quot;, &quot;ingredients&quot;: &quot;Tomato, mozzarella, basil&quot;, &quot;pizzeriaId&quot;: 1, &quot;price&quot;: 12.5, &quot;size&quot;: &quot;medium&quot;, &quot;isAvailable&quot;: true, &quot;photoUrl&quot;: &quot;https://example.com/pizzas/margherita.jpg&quot;}' http://host.docker.internal:8080/api/pizzas/1

2. Test Case ID: N5GsA1

- API rejected schema-compliant request

    Valid data should have been accepted
    Expected: 2xx, 401, 403, 404, 409, 5xx

[400] Bad Request:

    `{&quot;error&quot;:&quot;Bad Request&quot;,&quot;message&quot;:&quot;name: must not be blank&quot;,&quot;timestamp&quot;:&quot;2026-05-09T05:23:57.523072482&quot;,&quot;status&quot;:400}`

Reproduce with:

    curl -X PUT -H 'Content-Type: application/json' -d '{&quot;name&quot;: &quot;&quot;, &quot;pizzeriaId&quot;: 0, &quot;price&quot;: 0.0, &quot;size&quot;: &quot;large&quot;}' http://host.docker.internal:8080/api/pizzas/3"/>
		</testcase>
		<testcase name="PUT /api/pizzerias/{id}" time="15.239346">
			<failure type="failure" message="1. Test Case ID: QonU24

- Response violates schema

    &quot;2026-05-09T05:23:26&quot; is not a &quot;date-time&quot;

    Schema at /properties/createdAt:

        {
            &quot;format&quot;: &quot;date-time&quot;,
            &quot;type&quot;: &quot;string&quot;,
            &quot;description&quot;: &quot;Creation timestamp&quot;,
            &quot;example&quot;: &quot;2026-02-23T10:45:12&quot;
        }

    Value:

        &quot;2026-05-09T05:23:26&quot;

[200] OK:

    `{&quot;id&quot;:320,&quot;name&quot;:&quot;Napoli Centrale&quot;,&quot;address&quot;:&quot;123&quot;,&quot;phone&quot;:&quot;+351912345678&quot;,&quot;createdAt&quot;:&quot;2026-05-09T05:23:26&quot;}`

Reproduce with:

    curl -X PUT -H 'Content-Type: application/json' -d '{&quot;name&quot;: &quot;Napoli Centrale&quot;, &quot;address&quot;: 123, &quot;phone&quot;: &quot;+351912345678&quot;}' http://host.docker.internal:8080/api/pizzerias/320

2. Test Case ID: 3BXUlC

- Response violates schema

    &quot;2026-05-09T05:23:28.167647989&quot; is not a &quot;date-time&quot;

    Schema at /properties/timestamp:

        {
            &quot;format&quot;: &quot;date-time&quot;,
            &quot;type&quot;: &quot;string&quot;,
            &quot;description&quot;: &quot;Time when the error was generated&quot;,
            &quot;example&quot;: &quot;2026-02-23T10:45:12.345&quot;
        }

    Value:

        &quot;2026-05-09T05:23:28.167647989&quot;

[404] Not Found:

    `{&quot;error&quot;:&quot;Not Found&quot;,&quot;message&quot;:&quot;Pizzeria with id 1 was not found.&quot;,&quot;timestamp&quot;:&quot;2026-05-09T05:23:28.167647989&quot;,&quot;status&quot;:404}`

Reproduce with:

    curl -X PUT -H 'Content-Type: application/json' -d '{&quot;name&quot;: &quot;Napoli Centrale&quot;, &quot;address&quot;: 123, &quot;phone&quot;: &quot;+351912345678&quot;}' http://host.docker.internal:8080/api/pizzerias/1"/>
			<failure type="failure" message="1. Test Case ID: QonU24

- Response violates schema

    &quot;2026-05-09T05:23:26&quot; is not a &quot;date-time&quot;

    Schema at /properties/createdAt:

        {
            &quot;format&quot;: &quot;date-time&quot;,
            &quot;type&quot;: &quot;string&quot;,
            &quot;description&quot;: &quot;Creation timestamp&quot;,
            &quot;example&quot;: &quot;2026-02-23T10:45:12&quot;
        }

    Value:

        &quot;2026-05-09T05:23:26&quot;

[200] OK:

    `{&quot;id&quot;:320,&quot;name&quot;:&quot;Napoli Centrale&quot;,&quot;address&quot;:&quot;123&quot;,&quot;phone&quot;:&quot;+351912345678&quot;,&quot;createdAt&quot;:&quot;2026-05-09T05:23:26&quot;}`

Reproduce with:

    curl -X PUT -H 'Content-Type: application/json' -d '{&quot;name&quot;: &quot;Napoli Centrale&quot;, &quot;address&quot;: 123, &quot;phone&quot;: &quot;+351912345678&quot;}' http://host.docker.internal:8080/api/pizzerias/320

2. Test Case ID: 3BXUlC

- Response violates schema

    &quot;2026-05-09T05:23:28.167647989&quot; is not a &quot;date-time&quot;

    Schema at /properties/timestamp:

        {
            &quot;format&quot;: &quot;date-time&quot;,
            &quot;type&quot;: &quot;string&quot;,
            &quot;description&quot;: &quot;Time when the error was generated&quot;,
            &quot;example&quot;: &quot;2026-02-23T10:45:12.345&quot;
        }

    Value:

        &quot;2026-05-09T05:23:28.167647989&quot;

[404] Not Found:

    `{&quot;error&quot;:&quot;Not Found&quot;,&quot;message&quot;:&quot;Pizzeria with id 1 was not found.&quot;,&quot;timestamp&quot;:&quot;2026-05-09T05:23:28.167647989&quot;,&quot;status&quot;:404}`

Reproduce with:

    curl -X PUT -H 'Content-Type: application/json' -d '{&quot;name&quot;: &quot;Napoli Centrale&quot;, &quot;address&quot;: 123, &quot;phone&quot;: &quot;+351912345678&quot;}' http://host.docker.internal:8080/api/pizzerias/1"/>
			<failure type="failure" message="1. Test Case ID: QonU24

- Response violates schema

    &quot;2026-05-09T05:23:26&quot; is not a &quot;date-time&quot;

    Schema at /properties/createdAt:

        {
            &quot;format&quot;: &quot;date-time&quot;,
            &quot;type&quot;: &quot;string&quot;,
            &quot;description&quot;: &quot;Creation timestamp&quot;,
            &quot;example&quot;: &quot;2026-02-23T10:45:12&quot;
        }

    Value:

        &quot;2026-05-09T05:23:26&quot;

[200] OK:

    `{&quot;id&quot;:320,&quot;name&quot;:&quot;Napoli Centrale&quot;,&quot;address&quot;:&quot;123&quot;,&quot;phone&quot;:&quot;+351912345678&quot;,&quot;createdAt&quot;:&quot;2026-05-09T05:23:26&quot;}`

Reproduce with:

    curl -X PUT -H 'Content-Type: application/json' -d '{&quot;name&quot;: &quot;Napoli Centrale&quot;, &quot;address&quot;: 123, &quot;phone&quot;: &quot;+351912345678&quot;}' http://host.docker.internal:8080/api/pizzerias/320

2. Test Case ID: 3BXUlC

- Response violates schema

    &quot;2026-05-09T05:23:28.167647989&quot; is not a &quot;date-time&quot;

    Schema at /properties/timestamp:

        {
            &quot;format&quot;: &quot;date-time&quot;,
            &quot;type&quot;: &quot;string&quot;,
            &quot;description&quot;: &quot;Time when the error was generated&quot;,
            &quot;example&quot;: &quot;2026-02-23T10:45:12.345&quot;
        }

    Value:

        &quot;2026-05-09T05:23:28.167647989&quot;

[404] Not Found:

    `{&quot;error&quot;:&quot;Not Found&quot;,&quot;message&quot;:&quot;Pizzeria with id 1 was not found.&quot;,&quot;timestamp&quot;:&quot;2026-05-09T05:23:28.167647989&quot;,&quot;status&quot;:404}`

Reproduce with:

    curl -X PUT -H 'Content-Type: application/json' -d '{&quot;name&quot;: &quot;Napoli Centrale&quot;, &quot;address&quot;: 123, &quot;phone&quot;: &quot;+351912345678&quot;}' http://host.docker.internal:8080/api/pizzerias/1

3. Test Case ID: iRRxCV

- Response violates schema

    null is not of type &quot;string&quot;

    Schema at /properties/address:

        {
            &quot;type&quot;: &quot;string&quot;,
            &quot;description&quot;: &quot;Street address&quot;,
            &quot;example&quot;: 123
        }

    Value:

        null

[200] OK:

    `{&quot;id&quot;:302,&quot;name&quot;:&quot;ZAP&quot;,&quot;address&quot;:null,&quot;phone&quot;:null,&quot;createdAt&quot;:&quot;2026-05-09T05:21:45&quot;}`

Reproduce with:

    curl -X PUT -H 'Content-Type: application/json' -d '{&quot;name&quot;: &quot;ZAP&quot;}' http://host.docker.internal:8080/api/pizzerias/302

4. Test Case ID: HcC2Az

- API rejected schema-compliant request

    Valid data should have been accepted
    Expected: 2xx, 401, 403, 404, 409, 5xx
    Hint: The request body contains 1 additional property not defined in the schema (`»é1¯?񉻁·󁀸    |J`). The server likely rejects unexpected fields. Add `additionalProperties: false` to your schema to prevent this.

[400] Bad Request:

    `{&quot;timestamp&quot;:&quot;2026-05-09T05:24:08.472Z&quot;,&quot;status&quot;:400,&quot;error&quot;:&quot;Bad Request&quot;,&quot;path&quot;:&quot;/api/pizzerias/341&quot;}`

Reproduce with:

    curl -X PUT -H 'Content-Type: application/json' -d '{&quot;name&quot;: &quot;zj${8942*4119}zj&quot;, &quot;phone&quot;: &quot;\ud848\udd71&quot;, &quot;\u00bb\u00e91\u00af?\u0080\ud8e7\udec1\u00b7\u0017\udac4\udc38\u0085|J&quot;: []}' http://host.docker.internal:8080/api/pizzerias/341"/>
		</testcase>
		<testcase name="GET /api/pizzas" time="6.468439">
			<failure type="failure" message="1. Test Case ID: IoJNqF

- Response violates schema

    &quot;2026-05-09T05:20:44&quot; is not a &quot;date-time&quot;

    Schema at /components/schemas/Pizza/properties/createdAt:

        {
            &quot;format&quot;: &quot;date-time&quot;,
            &quot;type&quot;: &quot;string&quot;,
            &quot;description&quot;: &quot;Creation timestamp&quot;,
            &quot;example&quot;: &quot;2026-02-23T10:45:12&quot;
        }

    Value:

        &quot;2026-05-09T05:20:44&quot;

- API accepted schema-violating request

    Invalid data should have been rejected
    Expected: 400, 401, 403, 404, 406, 422, 428, 5xx
    Invalid component: parameter `pizzeriaId` in query - incorrect type

[200] OK:

    `[{&quot;id&quot;:3,&quot;name&quot;:&quot;Pepperoni&quot;,&quot;ingredients&quot;:&quot;Tomato, mozzarella, pepperoni&quot;,&quot;price&quot;:11.00,&quot;size&quot;:&quot;large&quot;,&quot;isAvailable&quot;:true,&quot;photoUrl&quot;:&quot;https://images.unsplash.com/photo-1513104890138-7c749659a591&quot;,&quot;createdAt&quot;:&quot;2026-05-09T05:20:44&quot;,&quot;pizzeriaId&quot;:2},{&quot;id&quot;:4,&quot;name&quot;:&quot;Quattro Formaggi&quot;,&quot;ingredients&quot;:&quot;Mozzarella, gorgonzola, parmesan, provolone&quot;,&quot;price&quot;:12.40,&quot;size&quot;:&quot;medium&quot;,&quot;isAvailable&quot;:true,&quot;photoUrl&quot;:null,&quot;createdAt&quot;:&quot;2026-05-09T05:20:44&quot;,&quot;pizzeriaId&quot;:2},{&quot;id&quot;:5,&quot;name&quot;:&quot;Vegetariana&quot;,&quot;ingredients&quot;:&quot;Tomato, mozza // Output truncated...`

Reproduce with:

    curl -X GET 'http://host.docker.internal:8080/api/pizzas?pizzeriaId='"/>
			<failure type="failure" message="1. Test Case ID: IoJNqF

- Response violates schema

    &quot;2026-05-09T05:20:44&quot; is not a &quot;date-time&quot;

    Schema at /components/schemas/Pizza/properties/createdAt:

        {
            &quot;format&quot;: &quot;date-time&quot;,
            &quot;type&quot;: &quot;string&quot;,
            &quot;description&quot;: &quot;Creation timestamp&quot;,
            &quot;example&quot;: &quot;2026-02-23T10:45:12&quot;
        }

    Value:

        &quot;2026-05-09T05:20:44&quot;

- API accepted schema-violating request

    Invalid data should have been rejected
    Expected: 400, 401, 403, 404, 406, 422, 428, 5xx
    Invalid component: parameter `pizzeriaId` in query - incorrect type

[200] OK:

    `[{&quot;id&quot;:3,&quot;name&quot;:&quot;Pepperoni&quot;,&quot;ingredients&quot;:&quot;Tomato, mozzarella, pepperoni&quot;,&quot;price&quot;:11.00,&quot;size&quot;:&quot;large&quot;,&quot;isAvailable&quot;:true,&quot;photoUrl&quot;:&quot;https://images.unsplash.com/photo-1513104890138-7c749659a591&quot;,&quot;createdAt&quot;:&quot;2026-05-09T05:20:44&quot;,&quot;pizzeriaId&quot;:2},{&quot;id&quot;:4,&quot;name&quot;:&quot;Quattro Formaggi&quot;,&quot;ingredients&quot;:&quot;Mozzarella, gorgonzola, parmesan, provolone&quot;,&quot;price&quot;:12.40,&quot;size&quot;:&quot;medium&quot;,&quot;isAvailable&quot;:true,&quot;photoUrl&quot;:null,&quot;createdAt&quot;:&quot;2026-05-09T05:20:44&quot;,&quot;pizzeriaId&quot;:2},{&quot;id&quot;:5,&quot;name&quot;:&quot;Vegetariana&quot;,&quot;ingredients&quot;:&quot;Tomato, mozza // Output truncated...`

Reproduce with:

    curl -X GET 'http://host.docker.internal:8080/api/pizzas?pizzeriaId='"/>
		</testcase>
		<testcase name="GET /api/pizzas/{id}" time="6.277127">
			<failure type="failure" message="1. Test Case ID: PjmKv9

- Response violates schema

    &quot;2026-05-09T05:23:28.193300601&quot; is not a &quot;date-time&quot;

    Schema at /properties/timestamp:

        {
            &quot;format&quot;: &quot;date-time&quot;,
            &quot;type&quot;: &quot;string&quot;,
            &quot;description&quot;: &quot;Time when the error was generated&quot;,
            &quot;example&quot;: &quot;2026-02-23T10:45:12.345&quot;
        }

    Value:

        &quot;2026-05-09T05:23:28.193300601&quot;

[404] Not Found:

    `{&quot;error&quot;:&quot;Not Found&quot;,&quot;message&quot;:&quot;Pizza with id 1 was not found.&quot;,&quot;timestamp&quot;:&quot;2026-05-09T05:23:28.193300601&quot;,&quot;status&quot;:404}`

Reproduce with:

    curl -X GET http://host.docker.internal:8080/api/pizzas/1"/>
			<failure type="failure" message="1. Test Case ID: PjmKv9

- Response violates schema

    &quot;2026-05-09T05:23:28.193300601&quot; is not a &quot;date-time&quot;

    Schema at /properties/timestamp:

        {
            &quot;format&quot;: &quot;date-time&quot;,
            &quot;type&quot;: &quot;string&quot;,
            &quot;description&quot;: &quot;Time when the error was generated&quot;,
            &quot;example&quot;: &quot;2026-02-23T10:45:12.345&quot;
        }

    Value:

        &quot;2026-05-09T05:23:28.193300601&quot;

[404] Not Found:

    `{&quot;error&quot;:&quot;Not Found&quot;,&quot;message&quot;:&quot;Pizza with id 1 was not found.&quot;,&quot;timestamp&quot;:&quot;2026-05-09T05:23:28.193300601&quot;,&quot;status&quot;:404}`

Reproduce with:

    curl -X GET http://host.docker.internal:8080/api/pizzas/1

2. Test Case ID: M795Xp

- Undocumented HTTP status code

    Received: 400
    Documented: 200, 404

[400] Bad Request:

    `{&quot;timestamp&quot;:&quot;2026-05-09T05:23:33.615Z&quot;,&quot;status&quot;:400,&quot;error&quot;:&quot;Bad Request&quot;,&quot;path&quot;:&quot;/api/pizzas/null%2Cnull&quot;}`

Reproduce with:

    curl -X GET http://host.docker.internal:8080/api/pizzas/null%2Cnull"/>
			<failure type="failure" message="1. Test Case ID: PjmKv9

- Response violates schema

    &quot;2026-05-09T05:23:28.193300601&quot; is not a &quot;date-time&quot;

    Schema at /properties/timestamp:

        {
            &quot;format&quot;: &quot;date-time&quot;,
            &quot;type&quot;: &quot;string&quot;,
            &quot;description&quot;: &quot;Time when the error was generated&quot;,
            &quot;example&quot;: &quot;2026-02-23T10:45:12.345&quot;
        }

    Value:

        &quot;2026-05-09T05:23:28.193300601&quot;

[404] Not Found:

    `{&quot;error&quot;:&quot;Not Found&quot;,&quot;message&quot;:&quot;Pizza with id 1 was not found.&quot;,&quot;timestamp&quot;:&quot;2026-05-09T05:23:28.193300601&quot;,&quot;status&quot;:404}`

Reproduce with:

    curl -X GET http://host.docker.internal:8080/api/pizzas/1

2. Test Case ID: M795Xp

- Undocumented HTTP status code

    Received: 400
    Documented: 200, 404

[400] Bad Request:

    `{&quot;timestamp&quot;:&quot;2026-05-09T05:23:33.615Z&quot;,&quot;status&quot;:400,&quot;error&quot;:&quot;Bad Request&quot;,&quot;path&quot;:&quot;/api/pizzas/null%2Cnull&quot;}`

Reproduce with:

    curl -X GET http://host.docker.internal:8080/api/pizzas/null%2Cnull

3. Test Case ID: l7i0NX

- Response violates schema

    &quot;2026-05-09T05:23:52&quot; is not a &quot;date-time&quot;

    Schema at /properties/createdAt:

        {
            &quot;format&quot;: &quot;date-time&quot;,
            &quot;type&quot;: &quot;string&quot;,
            &quot;description&quot;: &quot;Creation timestamp&quot;,
            &quot;example&quot;: &quot;2026-02-23T10:45:12&quot;
        }

    Value:

        &quot;2026-05-09T05:23:52&quot;

[200] OK:

    `{&quot;id&quot;:20,&quot;name&quot;:&quot;©&quot;,&quot;ingredients&quot;:null,&quot;price&quot;:0.00,&quot;size&quot;:&quot;large&quot;,&quot;isAvailable&quot;:true,&quot;photoUrl&quot;:null,&quot;createdAt&quot;:&quot;2026-05-09T05:23:52&quot;,&quot;pizzeriaId&quot;:303}`

Reproduce with:

    curl -X GET http://host.docker.internal:8080/api/pizzas/20"/>
		</testcase>
		<testcase name="GET /api/pizzerias/{id}" time="5.142861">
			<failure type="failure" message="1. Test Case ID: erJXYr

- Response violates schema

    &quot;2026-05-09T05:23:26&quot; is not a &quot;date-time&quot;

    Schema at /properties/createdAt:

        {
            &quot;format&quot;: &quot;date-time&quot;,
            &quot;type&quot;: &quot;string&quot;,
            &quot;description&quot;: &quot;Creation timestamp&quot;,
            &quot;example&quot;: &quot;2026-02-23T10:45:12&quot;
        }

    Value:

        &quot;2026-05-09T05:23:26&quot;

[200] OK:

    `{&quot;id&quot;:320,&quot;name&quot;:&quot;Napoli Centrale&quot;,&quot;address&quot;:&quot;123&quot;,&quot;phone&quot;:&quot;+351912345678&quot;,&quot;createdAt&quot;:&quot;2026-05-09T05:23:26&quot;}`

Reproduce with:

    curl -X GET http://host.docker.internal:8080/api/pizzerias/320

2. Test Case ID: W6ZigH

- Response violates schema

    &quot;2026-05-09T05:23:28.21226503&quot; is not a &quot;date-time&quot;

    Schema at /properties/timestamp:

        {
            &quot;format&quot;: &quot;date-time&quot;,
            &quot;type&quot;: &quot;string&quot;,
            &quot;description&quot;: &quot;Time when the error was generated&quot;,
            &quot;example&quot;: &quot;2026-02-23T10:45:12.345&quot;
        }

    Value:

        &quot;2026-05-09T05:23:28.21226503&quot;

[404] Not Found:

    `{&quot;error&quot;:&quot;Not Found&quot;,&quot;message&quot;:&quot;Pizzeria with id 1 was not found.&quot;,&quot;timestamp&quot;:&quot;2026-05-09T05:23:28.21226503&quot;,&quot;status&quot;:404}`

Reproduce with:

    curl -X GET http://host.docker.internal:8080/api/pizzerias/1"/>
			<failure type="failure" message="1. Test Case ID: erJXYr

- Response violates schema

    &quot;2026-05-09T05:23:26&quot; is not a &quot;date-time&quot;

    Schema at /properties/createdAt:

        {
            &quot;format&quot;: &quot;date-time&quot;,
            &quot;type&quot;: &quot;string&quot;,
            &quot;description&quot;: &quot;Creation timestamp&quot;,
            &quot;example&quot;: &quot;2026-02-23T10:45:12&quot;
        }

    Value:

        &quot;2026-05-09T05:23:26&quot;

[200] OK:

    `{&quot;id&quot;:320,&quot;name&quot;:&quot;Napoli Centrale&quot;,&quot;address&quot;:&quot;123&quot;,&quot;phone&quot;:&quot;+351912345678&quot;,&quot;createdAt&quot;:&quot;2026-05-09T05:23:26&quot;}`

Reproduce with:

    curl -X GET http://host.docker.internal:8080/api/pizzerias/320

2. Test Case ID: W6ZigH

- Response violates schema

    &quot;2026-05-09T05:23:28.21226503&quot; is not a &quot;date-time&quot;

    Schema at /properties/timestamp:

        {
            &quot;format&quot;: &quot;date-time&quot;,
            &quot;type&quot;: &quot;string&quot;,
            &quot;description&quot;: &quot;Time when the error was generated&quot;,
            &quot;example&quot;: &quot;2026-02-23T10:45:12.345&quot;
        }

    Value:

        &quot;2026-05-09T05:23:28.21226503&quot;

[404] Not Found:

    `{&quot;error&quot;:&quot;Not Found&quot;,&quot;message&quot;:&quot;Pizzeria with id 1 was not found.&quot;,&quot;timestamp&quot;:&quot;2026-05-09T05:23:28.21226503&quot;,&quot;status&quot;:404}`

Reproduce with:

    curl -X GET http://host.docker.internal:8080/api/pizzerias/1

3. Test Case ID: Euo9tF

- Undocumented HTTP status code

    Received: 400
    Documented: 200, 404

[400] Bad Request:

    `{&quot;timestamp&quot;:&quot;2026-05-09T05:23:34.964Z&quot;,&quot;status&quot;:400,&quot;error&quot;:&quot;Bad Request&quot;,&quot;path&quot;:&quot;/api/pizzerias/null%2Cnull&quot;}`

Reproduce with:

    curl -X GET http://host.docker.internal:8080/api/pizzerias/null%2Cnull"/>
			<failure type="failure" message="1. Test Case ID: erJXYr

- Response violates schema

    &quot;2026-05-09T05:23:26&quot; is not a &quot;date-time&quot;

    Schema at /properties/createdAt:

        {
            &quot;format&quot;: &quot;date-time&quot;,
            &quot;type&quot;: &quot;string&quot;,
            &quot;description&quot;: &quot;Creation timestamp&quot;,
            &quot;example&quot;: &quot;2026-02-23T10:45:12&quot;
        }

    Value:

        &quot;2026-05-09T05:23:26&quot;

[200] OK:

    `{&quot;id&quot;:320,&quot;name&quot;:&quot;Napoli Centrale&quot;,&quot;address&quot;:&quot;123&quot;,&quot;phone&quot;:&quot;+351912345678&quot;,&quot;createdAt&quot;:&quot;2026-05-09T05:23:26&quot;}`

Reproduce with:

    curl -X GET http://host.docker.internal:8080/api/pizzerias/320

2. Test Case ID: W6ZigH

- Response violates schema

    &quot;2026-05-09T05:23:28.21226503&quot; is not a &quot;date-time&quot;

    Schema at /properties/timestamp:

        {
            &quot;format&quot;: &quot;date-time&quot;,
            &quot;type&quot;: &quot;string&quot;,
            &quot;description&quot;: &quot;Time when the error was generated&quot;,
            &quot;example&quot;: &quot;2026-02-23T10:45:12.345&quot;
        }

    Value:

        &quot;2026-05-09T05:23:28.21226503&quot;

[404] Not Found:

    `{&quot;error&quot;:&quot;Not Found&quot;,&quot;message&quot;:&quot;Pizzeria with id 1 was not found.&quot;,&quot;timestamp&quot;:&quot;2026-05-09T05:23:28.21226503&quot;,&quot;status&quot;:404}`

Reproduce with:

    curl -X GET http://host.docker.internal:8080/api/pizzerias/1

3. Test Case ID: Euo9tF

- Undocumented HTTP status code

    Received: 400
    Documented: 200, 404

[400] Bad Request:

    `{&quot;timestamp&quot;:&quot;2026-05-09T05:23:34.964Z&quot;,&quot;status&quot;:400,&quot;error&quot;:&quot;Bad Request&quot;,&quot;path&quot;:&quot;/api/pizzerias/null%2Cnull&quot;}`

Reproduce with:

    curl -X GET http://host.docker.internal:8080/api/pizzerias/null%2Cnull

4. Test Case ID: 9tPVHl

- Response violates schema

    null is not of type &quot;string&quot;

    Schema at /properties/address:

        {
            &quot;type&quot;: &quot;string&quot;,
            &quot;description&quot;: &quot;Street address&quot;,
            &quot;example&quot;: 123
        }

    Value:

        null

[200] OK:

    `{&quot;id&quot;:370,&quot;name&quot;:&quot;https://4435449095504744004.owasp.org&quot;,&quot;address&quot;:null,&quot;phone&quot;:null,&quot;createdAt&quot;:&quot;2026-05-09T05:23:40&quot;}`

Reproduce with:

    curl -X GET http://host.docker.internal:8080/api/pizzerias/370

5. Test Case ID: bJ4ad9

- API rejected schema-compliant request

    Valid data should have been accepted
    Expected: 2xx, 401, 403, 404, 409, 5xx

[400] Bad Request:

    `{&quot;timestamp&quot;:&quot;2026-05-09T05:24:36.474Z&quot;,&quot;status&quot;:400,&quot;error&quot;:&quot;Bad Request&quot;,&quot;path&quot;:&quot;/api/pizzerias/139546990783607697928572769844745091858&quot;}`

Reproduce with:

    curl -X GET http://host.docker.internal:8080/api/pizzerias/139546990783607697928572769844745091858"/>
		</testcase>
		<testcase name="DELETE /api/pizzas/{id}" time="4.742963">
			<failure type="failure" message="1. Test Case ID: a3Opym

- Response violates schema

    &quot;2026-05-09T05:23:28.221406594&quot; is not a &quot;date-time&quot;

    Schema at /properties/timestamp:

        {
            &quot;format&quot;: &quot;date-time&quot;,
            &quot;type&quot;: &quot;string&quot;,
            &quot;description&quot;: &quot;Time when the error was generated&quot;,
            &quot;example&quot;: &quot;2026-02-23T10:45:12.345&quot;
        }

    Value:

        &quot;2026-05-09T05:23:28.221406594&quot;

[404] Not Found:

    `{&quot;error&quot;:&quot;Not Found&quot;,&quot;message&quot;:&quot;Pizza with id 1 was not found.&quot;,&quot;timestamp&quot;:&quot;2026-05-09T05:23:28.221406594&quot;,&quot;status&quot;:404}`

Reproduce with:

    curl -X DELETE http://host.docker.internal:8080/api/pizzas/1"/>
			<failure type="failure" message="1. Test Case ID: a3Opym

- Response violates schema

    &quot;2026-05-09T05:23:28.221406594&quot; is not a &quot;date-time&quot;

    Schema at /properties/timestamp:

        {
            &quot;format&quot;: &quot;date-time&quot;,
            &quot;type&quot;: &quot;string&quot;,
            &quot;description&quot;: &quot;Time when the error was generated&quot;,
            &quot;example&quot;: &quot;2026-02-23T10:45:12.345&quot;
        }

    Value:

        &quot;2026-05-09T05:23:28.221406594&quot;

[404] Not Found:

    `{&quot;error&quot;:&quot;Not Found&quot;,&quot;message&quot;:&quot;Pizza with id 1 was not found.&quot;,&quot;timestamp&quot;:&quot;2026-05-09T05:23:28.221406594&quot;,&quot;status&quot;:404}`

Reproduce with:

    curl -X DELETE http://host.docker.internal:8080/api/pizzas/1

2. Test Case ID: xBqXAy

- Undocumented HTTP status code

    Received: 400
    Documented: 204, 404

[400] Bad Request:

    `{&quot;timestamp&quot;:&quot;2026-05-09T05:23:36.275Z&quot;,&quot;status&quot;:400,&quot;error&quot;:&quot;Bad Request&quot;,&quot;path&quot;:&quot;/api/pizzas/null%2Cnull&quot;}`

Reproduce with:

    curl -X DELETE http://host.docker.internal:8080/api/pizzas/null%2Cnull"/>
			<failure type="failure" message="1. Test Case ID: a3Opym

- Response violates schema

    &quot;2026-05-09T05:23:28.221406594&quot; is not a &quot;date-time&quot;

    Schema at /properties/timestamp:

        {
            &quot;format&quot;: &quot;date-time&quot;,
            &quot;type&quot;: &quot;string&quot;,
            &quot;description&quot;: &quot;Time when the error was generated&quot;,
            &quot;example&quot;: &quot;2026-02-23T10:45:12.345&quot;
        }

    Value:

        &quot;2026-05-09T05:23:28.221406594&quot;

[404] Not Found:

    `{&quot;error&quot;:&quot;Not Found&quot;,&quot;message&quot;:&quot;Pizza with id 1 was not found.&quot;,&quot;timestamp&quot;:&quot;2026-05-09T05:23:28.221406594&quot;,&quot;status&quot;:404}`

Reproduce with:

    curl -X DELETE http://host.docker.internal:8080/api/pizzas/1

2. Test Case ID: xBqXAy

- Undocumented HTTP status code

    Received: 400
    Documented: 204, 404

[400] Bad Request:

    `{&quot;timestamp&quot;:&quot;2026-05-09T05:23:36.275Z&quot;,&quot;status&quot;:400,&quot;error&quot;:&quot;Bad Request&quot;,&quot;path&quot;:&quot;/api/pizzas/null%2Cnull&quot;}`

Reproduce with:

    curl -X DELETE http://host.docker.internal:8080/api/pizzas/null%2Cnull

3. Test Case ID: TdVIAx

- API rejected schema-compliant request

    Valid data should have been accepted
    Expected: 2xx, 401, 403, 404, 409, 5xx

[400] Bad Request:

    `{&quot;timestamp&quot;:&quot;2026-05-09T05:24:41.375Z&quot;,&quot;status&quot;:400,&quot;error&quot;:&quot;Bad Request&quot;,&quot;path&quot;:&quot;/api/pizzas/139546990783607697928572769844745091858&quot;}`

Reproduce with:

    curl -X DELETE http://host.docker.internal:8080/api/pizzas/139546990783607697928572769844745091858"/>
		</testcase>
		<testcase name="DELETE /api/pizzerias/{id}" time="5.053322">
			<failure type="failure" message="1. Test Case ID: b8oFrz

- Response violates schema

    &quot;2026-05-09T05:23:28.242461142&quot; is not a &quot;date-time&quot;

    Schema at /properties/timestamp:

        {
            &quot;format&quot;: &quot;date-time&quot;,
            &quot;type&quot;: &quot;string&quot;,
            &quot;description&quot;: &quot;Time when the error was generated&quot;,
            &quot;example&quot;: &quot;2026-02-23T10:45:12.345&quot;
        }

    Value:

        &quot;2026-05-09T05:23:28.242461142&quot;

[404] Not Found:

    `{&quot;error&quot;:&quot;Not Found&quot;,&quot;message&quot;:&quot;Pizzeria with id 1 was not found.&quot;,&quot;timestamp&quot;:&quot;2026-05-09T05:23:28.242461142&quot;,&quot;status&quot;:404}`

Reproduce with:

    curl -X DELETE http://host.docker.internal:8080/api/pizzerias/1"/>
			<failure type="failure" message="1. Test Case ID: b8oFrz

- Response violates schema

    &quot;2026-05-09T05:23:28.242461142&quot; is not a &quot;date-time&quot;

    Schema at /properties/timestamp:

        {
            &quot;format&quot;: &quot;date-time&quot;,
            &quot;type&quot;: &quot;string&quot;,
            &quot;description&quot;: &quot;Time when the error was generated&quot;,
            &quot;example&quot;: &quot;2026-02-23T10:45:12.345&quot;
        }

    Value:

        &quot;2026-05-09T05:23:28.242461142&quot;

[404] Not Found:

    `{&quot;error&quot;:&quot;Not Found&quot;,&quot;message&quot;:&quot;Pizzeria with id 1 was not found.&quot;,&quot;timestamp&quot;:&quot;2026-05-09T05:23:28.242461142&quot;,&quot;status&quot;:404}`

Reproduce with:

    curl -X DELETE http://host.docker.internal:8080/api/pizzerias/1

2. Test Case ID: 4SvfZj

- Undocumented HTTP status code

    Received: 400
    Documented: 204, 404

[400] Bad Request:

    `{&quot;timestamp&quot;:&quot;2026-05-09T05:23:37.616Z&quot;,&quot;status&quot;:400,&quot;error&quot;:&quot;Bad Request&quot;,&quot;path&quot;:&quot;/api/pizzerias/null%2Cnull&quot;}`

Reproduce with:

    curl -X DELETE http://host.docker.internal:8080/api/pizzerias/null%2Cnull"/>
			<failure type="failure" message="1. Test Case ID: b8oFrz

- Response violates schema

    &quot;2026-05-09T05:23:28.242461142&quot; is not a &quot;date-time&quot;

    Schema at /properties/timestamp:

        {
            &quot;format&quot;: &quot;date-time&quot;,
            &quot;type&quot;: &quot;string&quot;,
            &quot;description&quot;: &quot;Time when the error was generated&quot;,
            &quot;example&quot;: &quot;2026-02-23T10:45:12.345&quot;
        }

    Value:

        &quot;2026-05-09T05:23:28.242461142&quot;

[404] Not Found:

    `{&quot;error&quot;:&quot;Not Found&quot;,&quot;message&quot;:&quot;Pizzeria with id 1 was not found.&quot;,&quot;timestamp&quot;:&quot;2026-05-09T05:23:28.242461142&quot;,&quot;status&quot;:404}`

Reproduce with:

    curl -X DELETE http://host.docker.internal:8080/api/pizzerias/1

2. Test Case ID: 4SvfZj

- Undocumented HTTP status code

    Received: 400
    Documented: 204, 404

[400] Bad Request:

    `{&quot;timestamp&quot;:&quot;2026-05-09T05:23:37.616Z&quot;,&quot;status&quot;:400,&quot;error&quot;:&quot;Bad Request&quot;,&quot;path&quot;:&quot;/api/pizzerias/null%2Cnull&quot;}`

Reproduce with:

    curl -X DELETE http://host.docker.internal:8080/api/pizzerias/null%2Cnull

3. Test Case ID: 0HkiHp

- API rejected schema-compliant request

    Valid data should have been accepted
    Expected: 2xx, 401, 403, 404, 409, 5xx

[400] Bad Request:

    `{&quot;timestamp&quot;:&quot;2026-05-09T05:24:46.079Z&quot;,&quot;status&quot;:400,&quot;error&quot;:&quot;Bad Request&quot;,&quot;path&quot;:&quot;/api/pizzerias/139546990783607697928572769844745091858&quot;}`

Reproduce with:

    curl -X DELETE http://host.docker.internal:8080/api/pizzerias/139546990783607697928572769844745091858"/>
		</testcase>
		<testcase name="Stateful tests" time="119.951585">
			<failure type="failure" message="1. Test Case ID: eBmFrU

- Response violates schema

    null is not of type &quot;string&quot;

    Schema at /components/schemas/Pizzeria/properties/address:

        {
            &quot;type&quot;: &quot;string&quot;,
            &quot;description&quot;: &quot;Street address&quot;,
            &quot;example&quot;: 123
        }

    Value:

        null

[200] OK:

    `[{&quot;id&quot;:3,&quot;name&quot;:&quot;Sicilia Slice&quot;,&quot;address&quot;:null,&quot;phone&quot;:null,&quot;createdAt&quot;:&quot;2026-05-09T05:20:44&quot;},{&quot;id&quot;:4,&quot;name&quot;:&quot;ZAP&quot;,&quot;address&quot;:&quot;688 Zaproxy Ridge&quot;,&quot;phone&quot;:&quot;9999999999&quot;,&quot;createdAt&quot;:&quot;2026-05-09T05:21:34&quot;},{&quot;id&quot;:5,&quot;name&quot;:&quot;http://www.google.com/&quot;,&quot;address&quot;:&quot;688 Zaproxy Ridge&quot;,&quot;phone&quot;:&quot;9999999999&quot;,&quot;createdAt&quot;:&quot;2026-05-09T05:21:35&quot;},{&quot;id&quot;:6,&quot;name&quot;:&quot;http://www.google.com:80/&quot;,&quot;address&quot;:&quot;688 Zaproxy Ridge&quot;,&quot;phone&quot;:&quot;9999999999&quot;,&quot;createdAt&quot;:&quot;2026-05-09T05:21:35&quot;},{&quot;id&quot;:7,&quot;name&quot;:&quot;http://www.google.com&quot;,&quot;address&quot;:&quot;688 Z // Output truncated...`

Reproduce with:

    curl -X GET http://host.docker.internal:8080/api/pizzerias"/>
			<failure type="failure" message="1. Test Case ID: eBmFrU

- Response violates schema

    null is not of type &quot;string&quot;

    Schema at /components/schemas/Pizzeria/properties/address:

        {
            &quot;type&quot;: &quot;string&quot;,
            &quot;description&quot;: &quot;Street address&quot;,
            &quot;example&quot;: 123
        }

    Value:

        null

[200] OK:

    `[{&quot;id&quot;:3,&quot;name&quot;:&quot;Sicilia Slice&quot;,&quot;address&quot;:null,&quot;phone&quot;:null,&quot;createdAt&quot;:&quot;2026-05-09T05:20:44&quot;},{&quot;id&quot;:4,&quot;name&quot;:&quot;ZAP&quot;,&quot;address&quot;:&quot;688 Zaproxy Ridge&quot;,&quot;phone&quot;:&quot;9999999999&quot;,&quot;createdAt&quot;:&quot;2026-05-09T05:21:34&quot;},{&quot;id&quot;:5,&quot;name&quot;:&quot;http://www.google.com/&quot;,&quot;address&quot;:&quot;688 Zaproxy Ridge&quot;,&quot;phone&quot;:&quot;9999999999&quot;,&quot;createdAt&quot;:&quot;2026-05-09T05:21:35&quot;},{&quot;id&quot;:6,&quot;name&quot;:&quot;http://www.google.com:80/&quot;,&quot;address&quot;:&quot;688 Zaproxy Ridge&quot;,&quot;phone&quot;:&quot;9999999999&quot;,&quot;createdAt&quot;:&quot;2026-05-09T05:21:35&quot;},{&quot;id&quot;:7,&quot;name&quot;:&quot;http://www.google.com&quot;,&quot;address&quot;:&quot;688 Z // Output truncated...`

Reproduce with:

    curl -X GET http://host.docker.internal:8080/api/pizzerias"/>
			<failure type="failure" message="1. Test Case ID: eBmFrU

- Response violates schema

    null is not of type &quot;string&quot;

    Schema at /components/schemas/Pizzeria/properties/address:

        {
            &quot;type&quot;: &quot;string&quot;,
            &quot;description&quot;: &quot;Street address&quot;,
            &quot;example&quot;: 123
        }

    Value:

        null

[200] OK:

    `[{&quot;id&quot;:3,&quot;name&quot;:&quot;Sicilia Slice&quot;,&quot;address&quot;:null,&quot;phone&quot;:null,&quot;createdAt&quot;:&quot;2026-05-09T05:20:44&quot;},{&quot;id&quot;:4,&quot;name&quot;:&quot;ZAP&quot;,&quot;address&quot;:&quot;688 Zaproxy Ridge&quot;,&quot;phone&quot;:&quot;9999999999&quot;,&quot;createdAt&quot;:&quot;2026-05-09T05:21:34&quot;},{&quot;id&quot;:5,&quot;name&quot;:&quot;http://www.google.com/&quot;,&quot;address&quot;:&quot;688 Zaproxy Ridge&quot;,&quot;phone&quot;:&quot;9999999999&quot;,&quot;createdAt&quot;:&quot;2026-05-09T05:21:35&quot;},{&quot;id&quot;:6,&quot;name&quot;:&quot;http://www.google.com:80/&quot;,&quot;address&quot;:&quot;688 Zaproxy Ridge&quot;,&quot;phone&quot;:&quot;9999999999&quot;,&quot;createdAt&quot;:&quot;2026-05-09T05:21:35&quot;},{&quot;id&quot;:7,&quot;name&quot;:&quot;http://www.google.com&quot;,&quot;address&quot;:&quot;688 Z // Output truncated...`

Reproduce with:

    curl -X GET http://host.docker.internal:8080/api/pizzerias"/>
			<failure type="failure" message="1. Test Case ID: eBmFrU

- Response violates schema

    null is not of type &quot;string&quot;

    Schema at /components/schemas/Pizzeria/properties/address:

        {
            &quot;type&quot;: &quot;string&quot;,
            &quot;description&quot;: &quot;Street address&quot;,
            &quot;example&quot;: 123
        }

    Value:

        null

[200] OK:

    `[{&quot;id&quot;:3,&quot;name&quot;:&quot;Sicilia Slice&quot;,&quot;address&quot;:null,&quot;phone&quot;:null,&quot;createdAt&quot;:&quot;2026-05-09T05:20:44&quot;},{&quot;id&quot;:4,&quot;name&quot;:&quot;ZAP&quot;,&quot;address&quot;:&quot;688 Zaproxy Ridge&quot;,&quot;phone&quot;:&quot;9999999999&quot;,&quot;createdAt&quot;:&quot;2026-05-09T05:21:34&quot;},{&quot;id&quot;:5,&quot;name&quot;:&quot;http://www.google.com/&quot;,&quot;address&quot;:&quot;688 Zaproxy Ridge&quot;,&quot;phone&quot;:&quot;9999999999&quot;,&quot;createdAt&quot;:&quot;2026-05-09T05:21:35&quot;},{&quot;id&quot;:6,&quot;name&quot;:&quot;http://www.google.com:80/&quot;,&quot;address&quot;:&quot;688 Zaproxy Ridge&quot;,&quot;phone&quot;:&quot;9999999999&quot;,&quot;createdAt&quot;:&quot;2026-05-09T05:21:35&quot;},{&quot;id&quot;:7,&quot;name&quot;:&quot;http://www.google.com&quot;,&quot;address&quot;:&quot;688 Z // Output truncated...`

Reproduce with:

    curl -X GET http://host.docker.internal:8080/api/pizzerias"/>
			<failure type="failure" message="1. Test Case ID: eBmFrU

- Response violates schema

    null is not of type &quot;string&quot;

    Schema at /components/schemas/Pizzeria/properties/address:

        {
            &quot;type&quot;: &quot;string&quot;,
            &quot;description&quot;: &quot;Street address&quot;,
            &quot;example&quot;: 123
        }

    Value:

        null

[200] OK:

    `[{&quot;id&quot;:3,&quot;name&quot;:&quot;Sicilia Slice&quot;,&quot;address&quot;:null,&quot;phone&quot;:null,&quot;createdAt&quot;:&quot;2026-05-09T05:20:44&quot;},{&quot;id&quot;:4,&quot;name&quot;:&quot;ZAP&quot;,&quot;address&quot;:&quot;688 Zaproxy Ridge&quot;,&quot;phone&quot;:&quot;9999999999&quot;,&quot;createdAt&quot;:&quot;2026-05-09T05:21:34&quot;},{&quot;id&quot;:5,&quot;name&quot;:&quot;http://www.google.com/&quot;,&quot;address&quot;:&quot;688 Zaproxy Ridge&quot;,&quot;phone&quot;:&quot;9999999999&quot;,&quot;createdAt&quot;:&quot;2026-05-09T05:21:35&quot;},{&quot;id&quot;:6,&quot;name&quot;:&quot;http://www.google.com:80/&quot;,&quot;address&quot;:&quot;688 Zaproxy Ridge&quot;,&quot;phone&quot;:&quot;9999999999&quot;,&quot;createdAt&quot;:&quot;2026-05-09T05:21:35&quot;},{&quot;id&quot;:7,&quot;name&quot;:&quot;http://www.google.com&quot;,&quot;address&quot;:&quot;688 Z // Output truncated...`

Reproduce with:

    curl -X GET http://host.docker.internal:8080/api/pizzerias"/>
			<failure type="failure" message="1. Test Case ID: eBmFrU

- Response violates schema

    null is not of type &quot;string&quot;

    Schema at /components/schemas/Pizzeria/properties/address:

        {
            &quot;type&quot;: &quot;string&quot;,
            &quot;description&quot;: &quot;Street address&quot;,
            &quot;example&quot;: 123
        }

    Value:

        null

[200] OK:

    `[{&quot;id&quot;:3,&quot;name&quot;:&quot;Sicilia Slice&quot;,&quot;address&quot;:null,&quot;phone&quot;:null,&quot;createdAt&quot;:&quot;2026-05-09T05:20:44&quot;},{&quot;id&quot;:4,&quot;name&quot;:&quot;ZAP&quot;,&quot;address&quot;:&quot;688 Zaproxy Ridge&quot;,&quot;phone&quot;:&quot;9999999999&quot;,&quot;createdAt&quot;:&quot;2026-05-09T05:21:34&quot;},{&quot;id&quot;:5,&quot;name&quot;:&quot;http://www.google.com/&quot;,&quot;address&quot;:&quot;688 Zaproxy Ridge&quot;,&quot;phone&quot;:&quot;9999999999&quot;,&quot;createdAt&quot;:&quot;2026-05-09T05:21:35&quot;},{&quot;id&quot;:6,&quot;name&quot;:&quot;http://www.google.com:80/&quot;,&quot;address&quot;:&quot;688 Zaproxy Ridge&quot;,&quot;phone&quot;:&quot;9999999999&quot;,&quot;createdAt&quot;:&quot;2026-05-09T05:21:35&quot;},{&quot;id&quot;:7,&quot;name&quot;:&quot;http://www.google.com&quot;,&quot;address&quot;:&quot;688 Z // Output truncated...`

Reproduce with:

    curl -X GET http://host.docker.internal:8080/api/pizzerias"/>
			<failure type="failure" message="1. Test Case ID: eBmFrU

- Response violates schema

    null is not of type &quot;string&quot;

    Schema at /components/schemas/Pizzeria/properties/address:

        {
            &quot;type&quot;: &quot;string&quot;,
            &quot;description&quot;: &quot;Street address&quot;,
            &quot;example&quot;: 123
        }

    Value:

        null

[200] OK:

    `[{&quot;id&quot;:3,&quot;name&quot;:&quot;Sicilia Slice&quot;,&quot;address&quot;:null,&quot;phone&quot;:null,&quot;createdAt&quot;:&quot;2026-05-09T05:20:44&quot;},{&quot;id&quot;:4,&quot;name&quot;:&quot;ZAP&quot;,&quot;address&quot;:&quot;688 Zaproxy Ridge&quot;,&quot;phone&quot;:&quot;9999999999&quot;,&quot;createdAt&quot;:&quot;2026-05-09T05:21:34&quot;},{&quot;id&quot;:5,&quot;name&quot;:&quot;http://www.google.com/&quot;,&quot;address&quot;:&quot;688 Zaproxy Ridge&quot;,&quot;phone&quot;:&quot;9999999999&quot;,&quot;createdAt&quot;:&quot;2026-05-09T05:21:35&quot;},{&quot;id&quot;:6,&quot;name&quot;:&quot;http://www.google.com:80/&quot;,&quot;address&quot;:&quot;688 Zaproxy Ridge&quot;,&quot;phone&quot;:&quot;9999999999&quot;,&quot;createdAt&quot;:&quot;2026-05-09T05:21:35&quot;},{&quot;id&quot;:7,&quot;name&quot;:&quot;http://www.google.com&quot;,&quot;address&quot;:&quot;688 Z // Output truncated...`

Reproduce with:

    curl -X GET http://host.docker.internal:8080/api/pizzerias"/>
			<failure type="failure" message="1. Test Case ID: eBmFrU

- Response violates schema

    null is not of type &quot;string&quot;

    Schema at /components/schemas/Pizzeria/properties/address:

        {
            &quot;type&quot;: &quot;string&quot;,
            &quot;description&quot;: &quot;Street address&quot;,
            &quot;example&quot;: 123
        }

    Value:

        null

[200] OK:

    `[{&quot;id&quot;:3,&quot;name&quot;:&quot;Sicilia Slice&quot;,&quot;address&quot;:null,&quot;phone&quot;:null,&quot;createdAt&quot;:&quot;2026-05-09T05:20:44&quot;},{&quot;id&quot;:4,&quot;name&quot;:&quot;ZAP&quot;,&quot;address&quot;:&quot;688 Zaproxy Ridge&quot;,&quot;phone&quot;:&quot;9999999999&quot;,&quot;createdAt&quot;:&quot;2026-05-09T05:21:34&quot;},{&quot;id&quot;:5,&quot;name&quot;:&quot;http://www.google.com/&quot;,&quot;address&quot;:&quot;688 Zaproxy Ridge&quot;,&quot;phone&quot;:&quot;9999999999&quot;,&quot;createdAt&quot;:&quot;2026-05-09T05:21:35&quot;},{&quot;id&quot;:6,&quot;name&quot;:&quot;http://www.google.com:80/&quot;,&quot;address&quot;:&quot;688 Zaproxy Ridge&quot;,&quot;phone&quot;:&quot;9999999999&quot;,&quot;createdAt&quot;:&quot;2026-05-09T05:21:35&quot;},{&quot;id&quot;:7,&quot;name&quot;:&quot;http://www.google.com&quot;,&quot;address&quot;:&quot;688 Z // Output truncated...`

Reproduce with:

    curl -X GET http://host.docker.internal:8080/api/pizzerias"/>
			<failure type="failure" message="1. Test Case ID: eBmFrU

- Response violates schema

    null is not of type &quot;string&quot;

    Schema at /components/schemas/Pizzeria/properties/address:

        {
            &quot;type&quot;: &quot;string&quot;,
            &quot;description&quot;: &quot;Street address&quot;,
            &quot;example&quot;: 123
        }

    Value:

        null

[200] OK:

    `[{&quot;id&quot;:3,&quot;name&quot;:&quot;Sicilia Slice&quot;,&quot;address&quot;:null,&quot;phone&quot;:null,&quot;createdAt&quot;:&quot;2026-05-09T05:20:44&quot;},{&quot;id&quot;:4,&quot;name&quot;:&quot;ZAP&quot;,&quot;address&quot;:&quot;688 Zaproxy Ridge&quot;,&quot;phone&quot;:&quot;9999999999&quot;,&quot;createdAt&quot;:&quot;2026-05-09T05:21:34&quot;},{&quot;id&quot;:5,&quot;name&quot;:&quot;http://www.google.com/&quot;,&quot;address&quot;:&quot;688 Zaproxy Ridge&quot;,&quot;phone&quot;:&quot;9999999999&quot;,&quot;createdAt&quot;:&quot;2026-05-09T05:21:35&quot;},{&quot;id&quot;:6,&quot;name&quot;:&quot;http://www.google.com:80/&quot;,&quot;address&quot;:&quot;688 Zaproxy Ridge&quot;,&quot;phone&quot;:&quot;9999999999&quot;,&quot;createdAt&quot;:&quot;2026-05-09T05:21:35&quot;},{&quot;id&quot;:7,&quot;name&quot;:&quot;http://www.google.com&quot;,&quot;address&quot;:&quot;688 Z // Output truncated...`

Reproduce with:

    curl -X GET http://host.docker.internal:8080/api/pizzerias"/>
			<failure type="failure" message="1. Test Case ID: eBmFrU

- Response violates schema

    null is not of type &quot;string&quot;

    Schema at /components/schemas/Pizzeria/properties/address:

        {
            &quot;type&quot;: &quot;string&quot;,
            &quot;description&quot;: &quot;Street address&quot;,
            &quot;example&quot;: 123
        }

    Value:

        null

[200] OK:

    `[{&quot;id&quot;:3,&quot;name&quot;:&quot;Sicilia Slice&quot;,&quot;address&quot;:null,&quot;phone&quot;:null,&quot;createdAt&quot;:&quot;2026-05-09T05:20:44&quot;},{&quot;id&quot;:4,&quot;name&quot;:&quot;ZAP&quot;,&quot;address&quot;:&quot;688 Zaproxy Ridge&quot;,&quot;phone&quot;:&quot;9999999999&quot;,&quot;createdAt&quot;:&quot;2026-05-09T05:21:34&quot;},{&quot;id&quot;:5,&quot;name&quot;:&quot;http://www.google.com/&quot;,&quot;address&quot;:&quot;688 Zaproxy Ridge&quot;,&quot;phone&quot;:&quot;9999999999&quot;,&quot;createdAt&quot;:&quot;2026-05-09T05:21:35&quot;},{&quot;id&quot;:6,&quot;name&quot;:&quot;http://www.google.com:80/&quot;,&quot;address&quot;:&quot;688 Zaproxy Ridge&quot;,&quot;phone&quot;:&quot;9999999999&quot;,&quot;createdAt&quot;:&quot;2026-05-09T05:21:35&quot;},{&quot;id&quot;:7,&quot;name&quot;:&quot;http://www.google.com&quot;,&quot;address&quot;:&quot;688 Z // Output truncated...`

Reproduce with:

    curl -X GET http://host.docker.internal:8080/api/pizzerias"/>
			<failure type="failure" message="1. Test Case ID: eBmFrU

- Response violates schema

    null is not of type &quot;string&quot;

    Schema at /components/schemas/Pizzeria/properties/address:

        {
            &quot;type&quot;: &quot;string&quot;,
            &quot;description&quot;: &quot;Street address&quot;,
            &quot;example&quot;: 123
        }

    Value:

        null

[200] OK:

    `[{&quot;id&quot;:3,&quot;name&quot;:&quot;Sicilia Slice&quot;,&quot;address&quot;:null,&quot;phone&quot;:null,&quot;createdAt&quot;:&quot;2026-05-09T05:20:44&quot;},{&quot;id&quot;:4,&quot;name&quot;:&quot;ZAP&quot;,&quot;address&quot;:&quot;688 Zaproxy Ridge&quot;,&quot;phone&quot;:&quot;9999999999&quot;,&quot;createdAt&quot;:&quot;2026-05-09T05:21:34&quot;},{&quot;id&quot;:5,&quot;name&quot;:&quot;http://www.google.com/&quot;,&quot;address&quot;:&quot;688 Zaproxy Ridge&quot;,&quot;phone&quot;:&quot;9999999999&quot;,&quot;createdAt&quot;:&quot;2026-05-09T05:21:35&quot;},{&quot;id&quot;:6,&quot;name&quot;:&quot;http://www.google.com:80/&quot;,&quot;address&quot;:&quot;688 Zaproxy Ridge&quot;,&quot;phone&quot;:&quot;9999999999&quot;,&quot;createdAt&quot;:&quot;2026-05-09T05:21:35&quot;},{&quot;id&quot;:7,&quot;name&quot;:&quot;http://www.google.com&quot;,&quot;address&quot;:&quot;688 Z // Output truncated...`

Reproduce with:

    curl -X GET http://host.docker.internal:8080/api/pizzerias"/>
			<failure type="failure" message="1. Test Case ID: eBmFrU

- Response violates schema

    null is not of type &quot;string&quot;

    Schema at /components/schemas/Pizzeria/properties/address:

        {
            &quot;type&quot;: &quot;string&quot;,
            &quot;description&quot;: &quot;Street address&quot;,
            &quot;example&quot;: 123
        }

    Value:

        null

[200] OK:

    `[{&quot;id&quot;:3,&quot;name&quot;:&quot;Sicilia Slice&quot;,&quot;address&quot;:null,&quot;phone&quot;:null,&quot;createdAt&quot;:&quot;2026-05-09T05:20:44&quot;},{&quot;id&quot;:4,&quot;name&quot;:&quot;ZAP&quot;,&quot;address&quot;:&quot;688 Zaproxy Ridge&quot;,&quot;phone&quot;:&quot;9999999999&quot;,&quot;createdAt&quot;:&quot;2026-05-09T05:21:34&quot;},{&quot;id&quot;:5,&quot;name&quot;:&quot;http://www.google.com/&quot;,&quot;address&quot;:&quot;688 Zaproxy Ridge&quot;,&quot;phone&quot;:&quot;9999999999&quot;,&quot;createdAt&quot;:&quot;2026-05-09T05:21:35&quot;},{&quot;id&quot;:6,&quot;name&quot;:&quot;http://www.google.com:80/&quot;,&quot;address&quot;:&quot;688 Zaproxy Ridge&quot;,&quot;phone&quot;:&quot;9999999999&quot;,&quot;createdAt&quot;:&quot;2026-05-09T05:21:35&quot;},{&quot;id&quot;:7,&quot;name&quot;:&quot;http://www.google.com&quot;,&quot;address&quot;:&quot;688 Z // Output truncated...`

Reproduce with:

    curl -X GET http://host.docker.internal:8080/api/pizzerias"/>
			<failure type="failure" message="1. Test Case ID: eBmFrU

- Response violates schema

    null is not of type &quot;string&quot;

    Schema at /components/schemas/Pizzeria/properties/address:

        {
            &quot;type&quot;: &quot;string&quot;,
            &quot;description&quot;: &quot;Street address&quot;,
            &quot;example&quot;: 123
        }

    Value:

        null

[200] OK:

    `[{&quot;id&quot;:3,&quot;name&quot;:&quot;Sicilia Slice&quot;,&quot;address&quot;:null,&quot;phone&quot;:null,&quot;createdAt&quot;:&quot;2026-05-09T05:20:44&quot;},{&quot;id&quot;:4,&quot;name&quot;:&quot;ZAP&quot;,&quot;address&quot;:&quot;688 Zaproxy Ridge&quot;,&quot;phone&quot;:&quot;9999999999&quot;,&quot;createdAt&quot;:&quot;2026-05-09T05:21:34&quot;},{&quot;id&quot;:5,&quot;name&quot;:&quot;http://www.google.com/&quot;,&quot;address&quot;:&quot;688 Zaproxy Ridge&quot;,&quot;phone&quot;:&quot;9999999999&quot;,&quot;createdAt&quot;:&quot;2026-05-09T05:21:35&quot;},{&quot;id&quot;:6,&quot;name&quot;:&quot;http://www.google.com:80/&quot;,&quot;address&quot;:&quot;688 Zaproxy Ridge&quot;,&quot;phone&quot;:&quot;9999999999&quot;,&quot;createdAt&quot;:&quot;2026-05-09T05:21:35&quot;},{&quot;id&quot;:7,&quot;name&quot;:&quot;http://www.google.com&quot;,&quot;address&quot;:&quot;688 Z // Output truncated...`

Reproduce with:

    curl -X GET http://host.docker.internal:8080/api/pizzerias"/>
			<failure type="failure" message="1. Test Case ID: eBmFrU

- Response violates schema

    null is not of type &quot;string&quot;

    Schema at /components/schemas/Pizzeria/properties/address:

        {
            &quot;type&quot;: &quot;string&quot;,
            &quot;description&quot;: &quot;Street address&quot;,
            &quot;example&quot;: 123
        }

    Value:

        null

[200] OK:

    `[{&quot;id&quot;:3,&quot;name&quot;:&quot;Sicilia Slice&quot;,&quot;address&quot;:null,&quot;phone&quot;:null,&quot;createdAt&quot;:&quot;2026-05-09T05:20:44&quot;},{&quot;id&quot;:4,&quot;name&quot;:&quot;ZAP&quot;,&quot;address&quot;:&quot;688 Zaproxy Ridge&quot;,&quot;phone&quot;:&quot;9999999999&quot;,&quot;createdAt&quot;:&quot;2026-05-09T05:21:34&quot;},{&quot;id&quot;:5,&quot;name&quot;:&quot;http://www.google.com/&quot;,&quot;address&quot;:&quot;688 Zaproxy Ridge&quot;,&quot;phone&quot;:&quot;9999999999&quot;,&quot;createdAt&quot;:&quot;2026-05-09T05:21:35&quot;},{&quot;id&quot;:6,&quot;name&quot;:&quot;http://www.google.com:80/&quot;,&quot;address&quot;:&quot;688 Zaproxy Ridge&quot;,&quot;phone&quot;:&quot;9999999999&quot;,&quot;createdAt&quot;:&quot;2026-05-09T05:21:35&quot;},{&quot;id&quot;:7,&quot;name&quot;:&quot;http://www.google.com&quot;,&quot;address&quot;:&quot;688 Z // Output truncated...`

Reproduce with:

    curl -X GET http://host.docker.internal:8080/api/pizzerias

2. Test Case ID: NwsGlP

- API rejected schema-compliant request

    Valid data should have been accepted
    Expected: 2xx, 401, 403, 404, 409, 5xx

[400] Bad Request:

    `{&quot;timestamp&quot;:&quot;2026-05-09T05:25:30.732Z&quot;,&quot;status&quot;:400,&quot;error&quot;:&quot;Bad Request&quot;,&quot;path&quot;:&quot;/api/pizzas&quot;}`

Reproduce with:

    curl -X GET http://host.docker.internal:8080/api/pizzerias
    curl -X GET 'http://host.docker.internal:8080/api/pizzas?pizzeriaId=-106110222000309027211641244362159851985'"/>
			<failure type="failure" message="1. Test Case ID: eBmFrU

- Response violates schema

    null is not of type &quot;string&quot;

    Schema at /components/schemas/Pizzeria/properties/address:

        {
            &quot;type&quot;: &quot;string&quot;,
            &quot;description&quot;: &quot;Street address&quot;,
            &quot;example&quot;: 123
        }

    Value:

        null

[200] OK:

    `[{&quot;id&quot;:3,&quot;name&quot;:&quot;Sicilia Slice&quot;,&quot;address&quot;:null,&quot;phone&quot;:null,&quot;createdAt&quot;:&quot;2026-05-09T05:20:44&quot;},{&quot;id&quot;:4,&quot;name&quot;:&quot;ZAP&quot;,&quot;address&quot;:&quot;688 Zaproxy Ridge&quot;,&quot;phone&quot;:&quot;9999999999&quot;,&quot;createdAt&quot;:&quot;2026-05-09T05:21:34&quot;},{&quot;id&quot;:5,&quot;name&quot;:&quot;http://www.google.com/&quot;,&quot;address&quot;:&quot;688 Zaproxy Ridge&quot;,&quot;phone&quot;:&quot;9999999999&quot;,&quot;createdAt&quot;:&quot;2026-05-09T05:21:35&quot;},{&quot;id&quot;:6,&quot;name&quot;:&quot;http://www.google.com:80/&quot;,&quot;address&quot;:&quot;688 Zaproxy Ridge&quot;,&quot;phone&quot;:&quot;9999999999&quot;,&quot;createdAt&quot;:&quot;2026-05-09T05:21:35&quot;},{&quot;id&quot;:7,&quot;name&quot;:&quot;http://www.google.com&quot;,&quot;address&quot;:&quot;688 Z // Output truncated...`

Reproduce with:

    curl -X GET http://host.docker.internal:8080/api/pizzerias

2. Test Case ID: NwsGlP

- API rejected schema-compliant request

    Valid data should have been accepted
    Expected: 2xx, 401, 403, 404, 409, 5xx

[400] Bad Request:

    `{&quot;timestamp&quot;:&quot;2026-05-09T05:25:30.732Z&quot;,&quot;status&quot;:400,&quot;error&quot;:&quot;Bad Request&quot;,&quot;path&quot;:&quot;/api/pizzas&quot;}`

Reproduce with:

    curl -X GET http://host.docker.internal:8080/api/pizzerias
    curl -X GET 'http://host.docker.internal:8080/api/pizzas?pizzeriaId=-106110222000309027211641244362159851985'

3. Test Case ID: MNpBDi

- API rejected schema-compliant request

    Valid data should have been accepted
    Expected: 2xx, 401, 403, 404, 409, 5xx

[400] Bad Request:

    `{&quot;timestamp&quot;:&quot;2026-05-09T05:25:47.678Z&quot;,&quot;status&quot;:400,&quot;error&quot;:&quot;Bad Request&quot;,&quot;path&quot;:&quot;/api/pizzas/19204845568148007952193845665831978798&quot;}`

Reproduce with:

    curl -X GET 'http://host.docker.internal:8080/api/pizzas?pizzeriaId=1'
    curl -X GET http://host.docker.internal:8080/api/pizzas/19204845568148007952193845665831978798"/>
			<failure type="failure" message="1. Test Case ID: eBmFrU

- Response violates schema

    null is not of type &quot;string&quot;

    Schema at /components/schemas/Pizzeria/properties/address:

        {
            &quot;type&quot;: &quot;string&quot;,
            &quot;description&quot;: &quot;Street address&quot;,
            &quot;example&quot;: 123
        }

    Value:

        null

[200] OK:

    `[{&quot;id&quot;:3,&quot;name&quot;:&quot;Sicilia Slice&quot;,&quot;address&quot;:null,&quot;phone&quot;:null,&quot;createdAt&quot;:&quot;2026-05-09T05:20:44&quot;},{&quot;id&quot;:4,&quot;name&quot;:&quot;ZAP&quot;,&quot;address&quot;:&quot;688 Zaproxy Ridge&quot;,&quot;phone&quot;:&quot;9999999999&quot;,&quot;createdAt&quot;:&quot;2026-05-09T05:21:34&quot;},{&quot;id&quot;:5,&quot;name&quot;:&quot;http://www.google.com/&quot;,&quot;address&quot;:&quot;688 Zaproxy Ridge&quot;,&quot;phone&quot;:&quot;9999999999&quot;,&quot;createdAt&quot;:&quot;2026-05-09T05:21:35&quot;},{&quot;id&quot;:6,&quot;name&quot;:&quot;http://www.google.com:80/&quot;,&quot;address&quot;:&quot;688 Zaproxy Ridge&quot;,&quot;phone&quot;:&quot;9999999999&quot;,&quot;createdAt&quot;:&quot;2026-05-09T05:21:35&quot;},{&quot;id&quot;:7,&quot;name&quot;:&quot;http://www.google.com&quot;,&quot;address&quot;:&quot;688 Z // Output truncated...`

Reproduce with:

    curl -X GET http://host.docker.internal:8080/api/pizzerias

2. Test Case ID: NwsGlP

- API rejected schema-compliant request

    Valid data should have been accepted
    Expected: 2xx, 401, 403, 404, 409, 5xx

[400] Bad Request:

    `{&quot;timestamp&quot;:&quot;2026-05-09T05:25:30.732Z&quot;,&quot;status&quot;:400,&quot;error&quot;:&quot;Bad Request&quot;,&quot;path&quot;:&quot;/api/pizzas&quot;}`

Reproduce with:

    curl -X GET http://host.docker.internal:8080/api/pizzerias
    curl -X GET 'http://host.docker.internal:8080/api/pizzas?pizzeriaId=-106110222000309027211641244362159851985'

3. Test Case ID: MNpBDi

- API rejected schema-compliant request

    Valid data should have been accepted
    Expected: 2xx, 401, 403, 404, 409, 5xx

[400] Bad Request:

    `{&quot;timestamp&quot;:&quot;2026-05-09T05:25:47.678Z&quot;,&quot;status&quot;:400,&quot;error&quot;:&quot;Bad Request&quot;,&quot;path&quot;:&quot;/api/pizzas/19204845568148007952193845665831978798&quot;}`

Reproduce with:

    curl -X GET 'http://host.docker.internal:8080/api/pizzas?pizzeriaId=1'
    curl -X GET http://host.docker.internal:8080/api/pizzas/19204845568148007952193845665831978798"/>
			<failure type="failure" message="1. Test Case ID: eBmFrU

- Response violates schema

    null is not of type &quot;string&quot;

    Schema at /components/schemas/Pizzeria/properties/address:

        {
            &quot;type&quot;: &quot;string&quot;,
            &quot;description&quot;: &quot;Street address&quot;,
            &quot;example&quot;: 123
        }

    Value:

        null

[200] OK:

    `[{&quot;id&quot;:3,&quot;name&quot;:&quot;Sicilia Slice&quot;,&quot;address&quot;:null,&quot;phone&quot;:null,&quot;createdAt&quot;:&quot;2026-05-09T05:20:44&quot;},{&quot;id&quot;:4,&quot;name&quot;:&quot;ZAP&quot;,&quot;address&quot;:&quot;688 Zaproxy Ridge&quot;,&quot;phone&quot;:&quot;9999999999&quot;,&quot;createdAt&quot;:&quot;2026-05-09T05:21:34&quot;},{&quot;id&quot;:5,&quot;name&quot;:&quot;http://www.google.com/&quot;,&quot;address&quot;:&quot;688 Zaproxy Ridge&quot;,&quot;phone&quot;:&quot;9999999999&quot;,&quot;createdAt&quot;:&quot;2026-05-09T05:21:35&quot;},{&quot;id&quot;:6,&quot;name&quot;:&quot;http://www.google.com:80/&quot;,&quot;address&quot;:&quot;688 Zaproxy Ridge&quot;,&quot;phone&quot;:&quot;9999999999&quot;,&quot;createdAt&quot;:&quot;2026-05-09T05:21:35&quot;},{&quot;id&quot;:7,&quot;name&quot;:&quot;http://www.google.com&quot;,&quot;address&quot;:&quot;688 Z // Output truncated...`

Reproduce with:

    curl -X GET http://host.docker.internal:8080/api/pizzerias

2. Test Case ID: NwsGlP

- API rejected schema-compliant request

    Valid data should have been accepted
    Expected: 2xx, 401, 403, 404, 409, 5xx

[400] Bad Request:

    `{&quot;timestamp&quot;:&quot;2026-05-09T05:25:30.732Z&quot;,&quot;status&quot;:400,&quot;error&quot;:&quot;Bad Request&quot;,&quot;path&quot;:&quot;/api/pizzas&quot;}`

Reproduce with:

    curl -X GET http://host.docker.internal:8080/api/pizzerias
    curl -X GET 'http://host.docker.internal:8080/api/pizzas?pizzeriaId=-106110222000309027211641244362159851985'

3. Test Case ID: MNpBDi

- API rejected schema-compliant request

    Valid data should have been accepted
    Expected: 2xx, 401, 403, 404, 409, 5xx

[400] Bad Request:

    `{&quot;timestamp&quot;:&quot;2026-05-09T05:25:47.678Z&quot;,&quot;status&quot;:400,&quot;error&quot;:&quot;Bad Request&quot;,&quot;path&quot;:&quot;/api/pizzas/19204845568148007952193845665831978798&quot;}`

Reproduce with:

    curl -X GET 'http://host.docker.internal:8080/api/pizzas?pizzeriaId=1'
    curl -X GET http://host.docker.internal:8080/api/pizzas/19204845568148007952193845665831978798

4. Test Case ID: 93b4td

- API accepted schema-violating request

    Invalid data should have been rejected
    Expected: 400, 401, 403, 404, 406, 422, 428, 5xx
    Invalid component: in body - invalid type boolean (expected string)

[200] OK:

    `{&quot;id&quot;:94,&quot;name&quot;:&quot;true&quot;,&quot;address&quot;:null,&quot;phone&quot;:null,&quot;createdAt&quot;:&quot;2026-05-09T05:21:39&quot;}`

Reproduce with:

    curl -X GET -H 'Content-Type: application/json' http://host.docker.internal:8080/api/pizzerias
    curl -X PUT -H 'Content-Type: application/json' -d '{&quot;name&quot;: true}' http://host.docker.internal:8080/api/pizzerias/94"/>
			<failure type="failure" message="1. Test Case ID: eBmFrU

- Response violates schema

    null is not of type &quot;string&quot;

    Schema at /components/schemas/Pizzeria/properties/address:

        {
            &quot;type&quot;: &quot;string&quot;,
            &quot;description&quot;: &quot;Street address&quot;,
            &quot;example&quot;: 123
        }

    Value:

        null

[200] OK:

    `[{&quot;id&quot;:3,&quot;name&quot;:&quot;Sicilia Slice&quot;,&quot;address&quot;:null,&quot;phone&quot;:null,&quot;createdAt&quot;:&quot;2026-05-09T05:20:44&quot;},{&quot;id&quot;:4,&quot;name&quot;:&quot;ZAP&quot;,&quot;address&quot;:&quot;688 Zaproxy Ridge&quot;,&quot;phone&quot;:&quot;9999999999&quot;,&quot;createdAt&quot;:&quot;2026-05-09T05:21:34&quot;},{&quot;id&quot;:5,&quot;name&quot;:&quot;http://www.google.com/&quot;,&quot;address&quot;:&quot;688 Zaproxy Ridge&quot;,&quot;phone&quot;:&quot;9999999999&quot;,&quot;createdAt&quot;:&quot;2026-05-09T05:21:35&quot;},{&quot;id&quot;:6,&quot;name&quot;:&quot;http://www.google.com:80/&quot;,&quot;address&quot;:&quot;688 Zaproxy Ridge&quot;,&quot;phone&quot;:&quot;9999999999&quot;,&quot;createdAt&quot;:&quot;2026-05-09T05:21:35&quot;},{&quot;id&quot;:7,&quot;name&quot;:&quot;http://www.google.com&quot;,&quot;address&quot;:&quot;688 Z // Output truncated...`

Reproduce with:

    curl -X GET http://host.docker.internal:8080/api/pizzerias

2. Test Case ID: NwsGlP

- API rejected schema-compliant request

    Valid data should have been accepted
    Expected: 2xx, 401, 403, 404, 409, 5xx

[400] Bad Request:

    `{&quot;timestamp&quot;:&quot;2026-05-09T05:25:30.732Z&quot;,&quot;status&quot;:400,&quot;error&quot;:&quot;Bad Request&quot;,&quot;path&quot;:&quot;/api/pizzas&quot;}`

Reproduce with:

    curl -X GET http://host.docker.internal:8080/api/pizzerias
    curl -X GET 'http://host.docker.internal:8080/api/pizzas?pizzeriaId=-106110222000309027211641244362159851985'

3. Test Case ID: MNpBDi

- API rejected schema-compliant request

    Valid data should have been accepted
    Expected: 2xx, 401, 403, 404, 409, 5xx

[400] Bad Request:

    `{&quot;timestamp&quot;:&quot;2026-05-09T05:25:47.678Z&quot;,&quot;status&quot;:400,&quot;error&quot;:&quot;Bad Request&quot;,&quot;path&quot;:&quot;/api/pizzas/19204845568148007952193845665831978798&quot;}`

Reproduce with:

    curl -X GET 'http://host.docker.internal:8080/api/pizzas?pizzeriaId=1'
    curl -X GET http://host.docker.internal:8080/api/pizzas/19204845568148007952193845665831978798

4. Test Case ID: 93b4td

- API accepted schema-violating request

    Invalid data should have been rejected
    Expected: 400, 401, 403, 404, 406, 422, 428, 5xx
    Invalid component: in body - invalid type boolean (expected string)

[200] OK:

    `{&quot;id&quot;:94,&quot;name&quot;:&quot;true&quot;,&quot;address&quot;:null,&quot;phone&quot;:null,&quot;createdAt&quot;:&quot;2026-05-09T05:21:39&quot;}`

Reproduce with:

    curl -X GET -H 'Content-Type: application/json' http://host.docker.internal:8080/api/pizzerias
    curl -X PUT -H 'Content-Type: application/json' -d '{&quot;name&quot;: true}' http://host.docker.internal:8080/api/pizzerias/94"/>
		</testcase>
	</testsuite>
</testsuites>
