<?xml version="1.0" encoding="utf-8"?>
<testsuites disabled="0" errors="0" failures="11" tests="11" time="205.75240617100047">
	<testsuite disabled="0" errors="0" failures="11" name="schemathesis" skipped="1" tests="11" time="205.75240617100047" hostname="51f70792cb41">
		<testcase name="POST /api/pizzerias" time="7.258496">
			<failure type="failure" message="1. Test Case ID: Pz2ro6

- Response violates schema

    null is not of type &quot;string&quot;

    Schema at /properties/createdAt:

        {
            &quot;type&quot;: &quot;string&quot;,
            &quot;format&quot;: &quot;date-time&quot;,
            &quot;description&quot;: &quot;Creation timestamp&quot;,
            &quot;example&quot;: &quot;2026-02-23T10:45:12&quot;
        }

    Value:

        null

[201] Created:

    `{&quot;id&quot;:320,&quot;name&quot;:&quot;Napoli Centrale&quot;,&quot;address&quot;:&quot;123&quot;,&quot;phone&quot;:&quot;+351912345678&quot;,&quot;createdAt&quot;:null}`

Reproduce with:

    curl -X POST -H 'Content-Type: application/json' -d '{&quot;name&quot;: &quot;Napoli Centrale&quot;, &quot;address&quot;: 123, &quot;phone&quot;: &quot;+351912345678&quot;}' http://host.docker.internal:8080/api/pizzerias"/>
			<failure type="failure" message="1. Test Case ID: Pz2ro6

- Response violates schema

    null is not of type &quot;string&quot;

    Schema at /properties/createdAt:

        {
            &quot;type&quot;: &quot;string&quot;,
            &quot;format&quot;: &quot;date-time&quot;,
            &quot;description&quot;: &quot;Creation timestamp&quot;,
            &quot;example&quot;: &quot;2026-02-23T10:45:12&quot;
        }

    Value:

        null

[201] Created:

    `{&quot;id&quot;:320,&quot;name&quot;:&quot;Napoli Centrale&quot;,&quot;address&quot;:&quot;123&quot;,&quot;phone&quot;:&quot;+351912345678&quot;,&quot;createdAt&quot;:null}`

Reproduce with:

    curl -X POST -H 'Content-Type: application/json' -d '{&quot;name&quot;: &quot;Napoli Centrale&quot;, &quot;address&quot;: 123, &quot;phone&quot;: &quot;+351912345678&quot;}' http://host.docker.internal:8080/api/pizzerias

2. Test Case ID: Fq8Vov

- Response violates schema

    &quot;2026-08-04T05:16:07.440511863&quot; is not a &quot;date-time&quot;

    Schema at /properties/timestamp:

        {
            &quot;format&quot;: &quot;date-time&quot;,
            &quot;type&quot;: &quot;string&quot;,
            &quot;description&quot;: &quot;Time when the error was generated&quot;,
            &quot;example&quot;: &quot;2026-02-23T10:45:12.345&quot;
        }

    Value:

        &quot;2026-08-04T05:16:07.440511863&quot;

[400] Bad Request:

    `{&quot;error&quot;:&quot;Bad Request&quot;,&quot;message&quot;:&quot;name: must not be blank&quot;,&quot;timestamp&quot;:&quot;2026-08-04T05:16:07.440511863&quot;,&quot;status&quot;:400}`

Reproduce with:

    curl -X POST -H 'Content-Type: application/json' -d '{&quot;address&quot;: 123, &quot;phone&quot;: &quot;+351912345678&quot;}' http://host.docker.internal:8080/api/pizzerias

3. Test Case ID: vobnCF

- Response violates schema

    null is not of type &quot;string&quot;

    Schema at /properties/phone:

        {
            &quot;type&quot;: &quot;string&quot;,
            &quot;description&quot;: &quot;Contact phone number&quot;,
            &quot;example&quot;: &quot;+351912345678&quot;
        }

    Value:

        null

- API accepted schema-violating request

    Invalid data should have been rejected
    Expected: 400, 401, 403, 404, 406, 422, 428, 5xx
    Invalid component: in body - object with invalid 'phone' value: Incorrect type

[201] Created:

    `{&quot;id&quot;:321,&quot;name&quot;:&quot;Napoli Centrale&quot;,&quot;address&quot;:&quot;123&quot;,&quot;phone&quot;:null,&quot;createdAt&quot;:null}`

Reproduce with:

    curl -X POST -H 'Content-Type: application/json' -d '{&quot;name&quot;: &quot;Napoli Centrale&quot;, &quot;address&quot;: 123, &quot;phone&quot;: null}' http://host.docker.internal:8080/api/pizzerias

4. Test Case ID: kkARVM

- Response violates schema

    null is not of type &quot;string&quot;

    Schema at /properties/address:

        {
            &quot;type&quot;: &quot;string&quot;,
            &quot;description&quot;: &quot;Street address&quot;,
            &quot;example&quot;: 123
        }

    Value:

        null

[201] Created:

    `{&quot;id&quot;:324,&quot;name&quot;:&quot;Napoli Centrale&quot;,&quot;address&quot;:null,&quot;phone&quot;:&quot;+351912345678&quot;,&quot;createdAt&quot;:null}`

Reproduce with:

    curl -X POST -H 'Content-Type: application/json' -d '{&quot;name&quot;: &quot;Napoli Centrale&quot;, &quot;address&quot;: null, &quot;phone&quot;: &quot;+351912345678&quot;}' http://host.docker.internal:8080/api/pizzerias"/>
			<failure type="failure" message="1. Test Case ID: Pz2ro6

- Response violates schema

    null is not of type &quot;string&quot;

    Schema at /properties/createdAt:

        {
            &quot;type&quot;: &quot;string&quot;,
            &quot;format&quot;: &quot;date-time&quot;,
            &quot;description&quot;: &quot;Creation timestamp&quot;,
            &quot;example&quot;: &quot;2026-02-23T10:45:12&quot;
        }

    Value:

        null

[201] Created:

    `{&quot;id&quot;:320,&quot;name&quot;:&quot;Napoli Centrale&quot;,&quot;address&quot;:&quot;123&quot;,&quot;phone&quot;:&quot;+351912345678&quot;,&quot;createdAt&quot;:null}`

Reproduce with:

    curl -X POST -H 'Content-Type: application/json' -d '{&quot;name&quot;: &quot;Napoli Centrale&quot;, &quot;address&quot;: 123, &quot;phone&quot;: &quot;+351912345678&quot;}' http://host.docker.internal:8080/api/pizzerias

2. Test Case ID: Fq8Vov

- Response violates schema

    &quot;2026-08-04T05:16:07.440511863&quot; is not a &quot;date-time&quot;

    Schema at /properties/timestamp:

        {
            &quot;format&quot;: &quot;date-time&quot;,
            &quot;type&quot;: &quot;string&quot;,
            &quot;description&quot;: &quot;Time when the error was generated&quot;,
            &quot;example&quot;: &quot;2026-02-23T10:45:12.345&quot;
        }

    Value:

        &quot;2026-08-04T05:16:07.440511863&quot;

[400] Bad Request:

    `{&quot;error&quot;:&quot;Bad Request&quot;,&quot;message&quot;:&quot;name: must not be blank&quot;,&quot;timestamp&quot;:&quot;2026-08-04T05:16:07.440511863&quot;,&quot;status&quot;:400}`

Reproduce with:

    curl -X POST -H 'Content-Type: application/json' -d '{&quot;address&quot;: 123, &quot;phone&quot;: &quot;+351912345678&quot;}' http://host.docker.internal:8080/api/pizzerias

3. Test Case ID: vobnCF

- Response violates schema

    null is not of type &quot;string&quot;

    Schema at /properties/phone:

        {
            &quot;type&quot;: &quot;string&quot;,
            &quot;description&quot;: &quot;Contact phone number&quot;,
            &quot;example&quot;: &quot;+351912345678&quot;
        }

    Value:

        null

- API accepted schema-violating request

    Invalid data should have been rejected
    Expected: 400, 401, 403, 404, 406, 422, 428, 5xx
    Invalid component: in body - object with invalid 'phone' value: Incorrect type

[201] Created:

    `{&quot;id&quot;:321,&quot;name&quot;:&quot;Napoli Centrale&quot;,&quot;address&quot;:&quot;123&quot;,&quot;phone&quot;:null,&quot;createdAt&quot;:null}`

Reproduce with:

    curl -X POST -H 'Content-Type: application/json' -d '{&quot;name&quot;: &quot;Napoli Centrale&quot;, &quot;address&quot;: 123, &quot;phone&quot;: null}' http://host.docker.internal:8080/api/pizzerias

4. Test Case ID: kkARVM

- Response violates schema

    null is not of type &quot;string&quot;

    Schema at /properties/address:

        {
            &quot;type&quot;: &quot;string&quot;,
            &quot;description&quot;: &quot;Street address&quot;,
            &quot;example&quot;: 123
        }

    Value:

        null

[201] Created:

    `{&quot;id&quot;:324,&quot;name&quot;:&quot;Napoli Centrale&quot;,&quot;address&quot;:null,&quot;phone&quot;:&quot;+351912345678&quot;,&quot;createdAt&quot;:null}`

Reproduce with:

    curl -X POST -H 'Content-Type: application/json' -d '{&quot;name&quot;: &quot;Napoli Centrale&quot;, &quot;address&quot;: null, &quot;phone&quot;: &quot;+351912345678&quot;}' http://host.docker.internal:8080/api/pizzerias

5. Test Case ID: i3Thng

- API rejected schema-compliant request

    Valid data should have been accepted
    Expected: 2xx, 401, 403, 404, 409, 5xx

[400] Bad Request:

    `{&quot;error&quot;:&quot;Bad Request&quot;,&quot;message&quot;:&quot;name: must not be blank&quot;,&quot;timestamp&quot;:&quot;2026-08-04T05:16:16.384694982&quot;,&quot;status&quot;:400}`

Reproduce with:

    curl -X POST -H 'Content-Type: application/json' -d '{&quot;name&quot;: &quot;&quot;}' http://host.docker.internal:8080/api/pizzerias"/>
		</testcase>
		<testcase name="GET /api/pizzerias" time="0.154701">
			<failure type="failure" message="1. Test Case ID: 9y14AI

- Response violates schema

    &quot;2026-08-04T05:13:18&quot; is not a &quot;date-time&quot;

    Schema at /components/schemas/Pizzeria/properties/createdAt:

        {
            &quot;format&quot;: &quot;date-time&quot;,
            &quot;type&quot;: &quot;string&quot;,
            &quot;description&quot;: &quot;Creation timestamp&quot;,
            &quot;example&quot;: &quot;2026-02-23T10:45:12&quot;
        }

    Value:

        &quot;2026-08-04T05:13:18&quot;

[200] OK:

    `[{&quot;id&quot;:2,&quot;name&quot;:&quot;Roma Antica&quot;,&quot;address&quot;:&quot;Avenida da Liberdade 22, Lisboa&quot;,&quot;phone&quot;:&quot;+351 210 200 200&quot;,&quot;createdAt&quot;:&quot;2026-08-04T05:13:18&quot;},{&quot;id&quot;:3,&quot;name&quot;:&quot;Sicilia Slice&quot;,&quot;address&quot;:&quot;Praça do Mercado 5, Coimbra&quot;,&quot;phone&quot;:&quot;+351 239 300 300&quot;,&quot;createdAt&quot;:&quot;2026-08-04T05:13:18&quot;},{&quot;id&quot;:4,&quot;name&quot;:&quot;ZAP&quot;,&quot;address&quot;:&quot;688 Zaproxy Ridge&quot;,&quot;phone&quot;:&quot;9999999999&quot;,&quot;createdAt&quot;:&quot;2026-08-04T05:14:20&quot;},{&quot;id&quot;:5,&quot;name&quot;:&quot;http://www.google.com/&quot;,&quot;address&quot;:&quot;688 Zaproxy Ridge&quot;,&quot;phone&quot;:&quot;9999999999&quot;,&quot;createdAt&quot;:&quot;2026-08-04T05:14:21&quot;},{&quot;id&quot;:6,&quot;n // Output truncated...`

Reproduce with:

    curl -X GET http://host.docker.internal:8080/api/pizzerias"/>
			<failure type="failure" message="1. Test Case ID: 9y14AI

- Response violates schema

    &quot;2026-08-04T05:13:18&quot; is not a &quot;date-time&quot;

    Schema at /components/schemas/Pizzeria/properties/createdAt:

        {
            &quot;format&quot;: &quot;date-time&quot;,
            &quot;type&quot;: &quot;string&quot;,
            &quot;description&quot;: &quot;Creation timestamp&quot;,
            &quot;example&quot;: &quot;2026-02-23T10:45:12&quot;
        }

    Value:

        &quot;2026-08-04T05:13:18&quot;

[200] OK:

    `[{&quot;id&quot;:2,&quot;name&quot;:&quot;Roma Antica&quot;,&quot;address&quot;:&quot;Avenida da Liberdade 22, Lisboa&quot;,&quot;phone&quot;:&quot;+351 210 200 200&quot;,&quot;createdAt&quot;:&quot;2026-08-04T05:13:18&quot;},{&quot;id&quot;:3,&quot;name&quot;:&quot;Sicilia Slice&quot;,&quot;address&quot;:&quot;Praça do Mercado 5, Coimbra&quot;,&quot;phone&quot;:&quot;+351 239 300 300&quot;,&quot;createdAt&quot;:&quot;2026-08-04T05:13:18&quot;},{&quot;id&quot;:4,&quot;name&quot;:&quot;ZAP&quot;,&quot;address&quot;:&quot;688 Zaproxy Ridge&quot;,&quot;phone&quot;:&quot;9999999999&quot;,&quot;createdAt&quot;:&quot;2026-08-04T05:14:20&quot;},{&quot;id&quot;:5,&quot;name&quot;:&quot;http://www.google.com/&quot;,&quot;address&quot;:&quot;688 Zaproxy Ridge&quot;,&quot;phone&quot;:&quot;9999999999&quot;,&quot;createdAt&quot;:&quot;2026-08-04T05:14:21&quot;},{&quot;id&quot;:6,&quot;n // Output truncated...`

Reproduce with:

    curl -X GET http://host.docker.internal:8080/api/pizzerias"/>
			<skipped type="skipped">Hypothesis has been told to run no test cases for this test.</skipped>
		</testcase>
		<testcase name="POST /api/pizzas" time="11.981894">
			<failure type="failure" message="1. Test Case ID: vajTNJ

- Response violates schema

    &quot;2026-08-04T05:16:05.713506183&quot; is not a &quot;date-time&quot;

    Schema at /properties/timestamp:

        {
            &quot;format&quot;: &quot;date-time&quot;,
            &quot;type&quot;: &quot;string&quot;,
            &quot;description&quot;: &quot;Time when the error was generated&quot;,
            &quot;example&quot;: &quot;2026-02-23T10:45:12.345&quot;
        }

    Value:

        &quot;2026-08-04T05:16:05.713506183&quot;

[404] Not Found:

    `{&quot;error&quot;:&quot;Not Found&quot;,&quot;message&quot;:&quot;Pizzeria with id 1 was not found.&quot;,&quot;timestamp&quot;:&quot;2026-08-04T05:16:05.713506183&quot;,&quot;status&quot;:404}`

Reproduce with:

    curl -X POST -H 'Content-Type: application/json' -d '{&quot;name&quot;: &quot;Margherita&quot;, &quot;ingredients&quot;: &quot;Tomato, mozzarella, basil&quot;, &quot;pizzeriaId&quot;: 1, &quot;price&quot;: 12.5, &quot;size&quot;: &quot;medium&quot;, &quot;isAvailable&quot;: true, &quot;photoUrl&quot;: &quot;https://example.com/pizzas/margherita.jpg&quot;}' http://host.docker.internal:8080/api/pizzas"/>
			<failure type="failure" message="1. Test Case ID: vajTNJ

- Response violates schema

    &quot;2026-08-04T05:16:05.713506183&quot; is not a &quot;date-time&quot;

    Schema at /properties/timestamp:

        {
            &quot;format&quot;: &quot;date-time&quot;,
            &quot;type&quot;: &quot;string&quot;,
            &quot;description&quot;: &quot;Time when the error was generated&quot;,
            &quot;example&quot;: &quot;2026-02-23T10:45:12.345&quot;
        }

    Value:

        &quot;2026-08-04T05:16:05.713506183&quot;

[404] Not Found:

    `{&quot;error&quot;:&quot;Not Found&quot;,&quot;message&quot;:&quot;Pizzeria with id 1 was not found.&quot;,&quot;timestamp&quot;:&quot;2026-08-04T05:16:05.713506183&quot;,&quot;status&quot;:404}`

Reproduce with:

    curl -X POST -H 'Content-Type: application/json' -d '{&quot;name&quot;: &quot;Margherita&quot;, &quot;ingredients&quot;: &quot;Tomato, mozzarella, basil&quot;, &quot;pizzeriaId&quot;: 1, &quot;price&quot;: 12.5, &quot;size&quot;: &quot;medium&quot;, &quot;isAvailable&quot;: true, &quot;photoUrl&quot;: &quot;https://example.com/pizzas/margherita.jpg&quot;}' http://host.docker.internal:8080/api/pizzas"/>
			<failure type="failure" message="1. Test Case ID: vajTNJ

- Response violates schema

    &quot;2026-08-04T05:16:05.713506183&quot; is not a &quot;date-time&quot;

    Schema at /properties/timestamp:

        {
            &quot;format&quot;: &quot;date-time&quot;,
            &quot;type&quot;: &quot;string&quot;,
            &quot;description&quot;: &quot;Time when the error was generated&quot;,
            &quot;example&quot;: &quot;2026-02-23T10:45:12.345&quot;
        }

    Value:

        &quot;2026-08-04T05:16:05.713506183&quot;

[404] Not Found:

    `{&quot;error&quot;:&quot;Not Found&quot;,&quot;message&quot;:&quot;Pizzeria with id 1 was not found.&quot;,&quot;timestamp&quot;:&quot;2026-08-04T05:16:05.713506183&quot;,&quot;status&quot;:404}`

Reproduce with:

    curl -X POST -H 'Content-Type: application/json' -d '{&quot;name&quot;: &quot;Margherita&quot;, &quot;ingredients&quot;: &quot;Tomato, mozzarella, basil&quot;, &quot;pizzeriaId&quot;: 1, &quot;price&quot;: 12.5, &quot;size&quot;: &quot;medium&quot;, &quot;isAvailable&quot;: true, &quot;photoUrl&quot;: &quot;https://example.com/pizzas/margherita.jpg&quot;}' http://host.docker.internal:8080/api/pizzas

2. Test Case ID: qN9Ksm

- API rejected schema-compliant request

    Valid data should have been accepted
    Expected: 2xx, 401, 403, 404, 409, 5xx

[400] Bad Request:

    `{&quot;error&quot;:&quot;Bad Request&quot;,&quot;message&quot;:&quot;name: must not be blank&quot;,&quot;timestamp&quot;:&quot;2026-08-04T05:16:23.53720076&quot;,&quot;status&quot;:400}`

Reproduce with:

    curl -X POST -H 'Content-Type: application/json' -d '{&quot;name&quot;: &quot;&quot;, &quot;pizzeriaId&quot;: 296, &quot;price&quot;: 0.0, &quot;size&quot;: &quot;large&quot;}' http://host.docker.internal:8080/api/pizzas

3. Test Case ID: i3ARfi

- Response violates schema

    null is not of type &quot;string&quot;

    Schema at /properties/ingredients:

        {
            &quot;type&quot;: &quot;string&quot;,
            &quot;description&quot;: &quot;Ingredient list or description&quot;,
            &quot;example&quot;: &quot;Tomato, mozzarella, basil&quot;
        }

    Value:

        null

[201] Created:

    `{&quot;id&quot;:7,&quot;name&quot;:&quot;!t    &quot;,&quot;ingredients&quot;:null,&quot;price&quot;:0.5,&quot;size&quot;:&quot;medium&quot;,&quot;isAvailable&quot;:false,&quot;photoUrl&quot;:null,&quot;createdAt&quot;:null,&quot;pizzeriaId&quot;:285}`

Reproduce with:

    curl -X POST -H 'Content-Type: application/json' -d '{&quot;name&quot;: &quot;!t\u0085&quot;, &quot;pizzeriaId&quot;: 285, &quot;price&quot;: 0.5, &quot;size&quot;: &quot;medium&quot;, &quot;isAvailable&quot;: false}' http://host.docker.internal:8080/api/pizzas

4. Test Case ID: w38lYs

- Response violates schema

    null is not of type &quot;string&quot;

    Schema at /properties/photoUrl:

        {
            &quot;type&quot;: &quot;string&quot;,
            &quot;format&quot;: &quot;uri&quot;,
            &quot;description&quot;: &quot;Photo URL&quot;,
            &quot;example&quot;: &quot;https://example.com/pizzas/margherita.jpg&quot;
        }

    Value:

        null

[201] Created:

    `{&quot;id&quot;:18,&quot;name&quot;:&quot;­󫕏ó\u0005u󷐕ü\r¹2&quot;,&quot;ingredients&quot;:&quot;&quot;,&quot;price&quot;:0.0,&quot;size&quot;:&quot;large&quot;,&quot;isAvailable&quot;:true,&quot;photoUrl&quot;:null,&quot;createdAt&quot;:null,&quot;pizzeriaId&quot;:300}`

Reproduce with:

    curl -X POST -H 'Content-Type: application/json' -d '{&quot;name&quot;: &quot;\u00ad\udb6d\udd4f\u00f3\u0005u\udb9d\udc15\u00fc\r\u00b92&quot;, &quot;pizzeriaId&quot;: 300, &quot;price&quot;: 0.0, &quot;size&quot;: &quot;large&quot;, &quot;ingredients&quot;: &quot;&quot;}' http://host.docker.internal:8080/api/pizzas"/>
		</testcase>
		<testcase name="PUT /api/pizzas/{id}" time="10.817435">
			<failure type="failure" message="1. Test Case ID: mdUduu

- Response violates schema

    &quot;2026-08-04T05:16:07.202234589&quot; is not a &quot;date-time&quot;

    Schema at /properties/timestamp:

        {
            &quot;format&quot;: &quot;date-time&quot;,
            &quot;type&quot;: &quot;string&quot;,
            &quot;description&quot;: &quot;Time when the error was generated&quot;,
            &quot;example&quot;: &quot;2026-02-23T10:45:12.345&quot;
        }

    Value:

        &quot;2026-08-04T05:16:07.202234589&quot;

[404] Not Found:

    `{&quot;error&quot;:&quot;Not Found&quot;,&quot;message&quot;:&quot;Pizza with id 1 was not found.&quot;,&quot;timestamp&quot;:&quot;2026-08-04T05:16:07.202234589&quot;,&quot;status&quot;:404}`

Reproduce with:

    curl -X PUT -H 'Content-Type: application/json' -d '{&quot;name&quot;: &quot;Margherita&quot;, &quot;ingredients&quot;: &quot;Tomato, mozzarella, basil&quot;, &quot;pizzeriaId&quot;: 1, &quot;price&quot;: 12.5, &quot;size&quot;: &quot;medium&quot;, &quot;isAvailable&quot;: true, &quot;photoUrl&quot;: &quot;https://example.com/pizzas/margherita.jpg&quot;}' http://host.docker.internal:8080/api/pizzas/1"/>
			<failure type="failure" message="1. Test Case ID: mdUduu

- Response violates schema

    &quot;2026-08-04T05:16:07.202234589&quot; is not a &quot;date-time&quot;

    Schema at /properties/timestamp:

        {
            &quot;format&quot;: &quot;date-time&quot;,
            &quot;type&quot;: &quot;string&quot;,
            &quot;description&quot;: &quot;Time when the error was generated&quot;,
            &quot;example&quot;: &quot;2026-02-23T10:45:12.345&quot;
        }

    Value:

        &quot;2026-08-04T05:16:07.202234589&quot;

[404] Not Found:

    `{&quot;error&quot;:&quot;Not Found&quot;,&quot;message&quot;:&quot;Pizza with id 1 was not found.&quot;,&quot;timestamp&quot;:&quot;2026-08-04T05:16:07.202234589&quot;,&quot;status&quot;:404}`

Reproduce with:

    curl -X PUT -H 'Content-Type: application/json' -d '{&quot;name&quot;: &quot;Margherita&quot;, &quot;ingredients&quot;: &quot;Tomato, mozzarella, basil&quot;, &quot;pizzeriaId&quot;: 1, &quot;price&quot;: 12.5, &quot;size&quot;: &quot;medium&quot;, &quot;isAvailable&quot;: true, &quot;photoUrl&quot;: &quot;https://example.com/pizzas/margherita.jpg&quot;}' http://host.docker.internal:8080/api/pizzas/1"/>
			<failure type="failure" message="1. Test Case ID: mdUduu

- Response violates schema

    &quot;2026-08-04T05:16:07.202234589&quot; is not a &quot;date-time&quot;

    Schema at /properties/timestamp:

        {
            &quot;format&quot;: &quot;date-time&quot;,
            &quot;type&quot;: &quot;string&quot;,
            &quot;description&quot;: &quot;Time when the error was generated&quot;,
            &quot;example&quot;: &quot;2026-02-23T10:45:12.345&quot;
        }

    Value:

        &quot;2026-08-04T05:16:07.202234589&quot;

[404] Not Found:

    `{&quot;error&quot;:&quot;Not Found&quot;,&quot;message&quot;:&quot;Pizza with id 1 was not found.&quot;,&quot;timestamp&quot;:&quot;2026-08-04T05:16:07.202234589&quot;,&quot;status&quot;:404}`

Reproduce with:

    curl -X PUT -H 'Content-Type: application/json' -d '{&quot;name&quot;: &quot;Margherita&quot;, &quot;ingredients&quot;: &quot;Tomato, mozzarella, basil&quot;, &quot;pizzeriaId&quot;: 1, &quot;price&quot;: 12.5, &quot;size&quot;: &quot;medium&quot;, &quot;isAvailable&quot;: true, &quot;photoUrl&quot;: &quot;https://example.com/pizzas/margherita.jpg&quot;}' http://host.docker.internal:8080/api/pizzas/1

2. Test Case ID: cpZWX7

- API rejected schema-compliant request

    Valid data should have been accepted
    Expected: 2xx, 401, 403, 404, 409, 5xx

[400] Bad Request:

    `{&quot;error&quot;:&quot;Bad Request&quot;,&quot;message&quot;:&quot;name: must not be blank&quot;,&quot;timestamp&quot;:&quot;2026-08-04T05:16:35.268992727&quot;,&quot;status&quot;:400}`

Reproduce with:

    curl -X PUT -H 'Content-Type: application/json' -d '{&quot;name&quot;: &quot;&quot;, &quot;pizzeriaId&quot;: 0, &quot;price&quot;: 0.0, &quot;size&quot;: &quot;large&quot;}' http://host.docker.internal:8080/api/pizzas/3"/>
		</testcase>
		<testcase name="PUT /api/pizzerias/{id}" time="16.109669">
			<failure type="failure" message="1. Test Case ID: ZUHAoJ

- Response violates schema

    &quot;2026-08-04T05:16:05&quot; is not a &quot;date-time&quot;

    Schema at /properties/createdAt:

        {
            &quot;format&quot;: &quot;date-time&quot;,
            &quot;type&quot;: &quot;string&quot;,
            &quot;description&quot;: &quot;Creation timestamp&quot;,
            &quot;example&quot;: &quot;2026-02-23T10:45:12&quot;
        }

    Value:

        &quot;2026-08-04T05:16:05&quot;

[200] OK:

    `{&quot;id&quot;:320,&quot;name&quot;:&quot;Napoli Centrale&quot;,&quot;address&quot;:&quot;123&quot;,&quot;phone&quot;:&quot;+351912345678&quot;,&quot;createdAt&quot;:&quot;2026-08-04T05:16:05&quot;}`

Reproduce with:

    curl -X PUT -H 'Content-Type: application/json' -d '{&quot;name&quot;: &quot;Napoli Centrale&quot;, &quot;address&quot;: 123, &quot;phone&quot;: &quot;+351912345678&quot;}' http://host.docker.internal:8080/api/pizzerias/320

2. Test Case ID: 4sjxF2

- Response violates schema

    &quot;2026-08-04T05:16:07.21930613&quot; is not a &quot;date-time&quot;

    Schema at /properties/timestamp:

        {
            &quot;format&quot;: &quot;date-time&quot;,
            &quot;type&quot;: &quot;string&quot;,
            &quot;description&quot;: &quot;Time when the error was generated&quot;,
            &quot;example&quot;: &quot;2026-02-23T10:45:12.345&quot;
        }

    Value:

        &quot;2026-08-04T05:16:07.21930613&quot;

[404] Not Found:

    `{&quot;error&quot;:&quot;Not Found&quot;,&quot;message&quot;:&quot;Pizzeria with id 1 was not found.&quot;,&quot;timestamp&quot;:&quot;2026-08-04T05:16:07.21930613&quot;,&quot;status&quot;:404}`

Reproduce with:

    curl -X PUT -H 'Content-Type: application/json' -d '{&quot;name&quot;: &quot;Napoli Centrale&quot;, &quot;address&quot;: 123, &quot;phone&quot;: &quot;+351912345678&quot;}' http://host.docker.internal:8080/api/pizzerias/1"/>
			<failure type="failure" message="1. Test Case ID: ZUHAoJ

- Response violates schema

    &quot;2026-08-04T05:16:05&quot; is not a &quot;date-time&quot;

    Schema at /properties/createdAt:

        {
            &quot;format&quot;: &quot;date-time&quot;,
            &quot;type&quot;: &quot;string&quot;,
            &quot;description&quot;: &quot;Creation timestamp&quot;,
            &quot;example&quot;: &quot;2026-02-23T10:45:12&quot;
        }

    Value:

        &quot;2026-08-04T05:16:05&quot;

[200] OK:

    `{&quot;id&quot;:320,&quot;name&quot;:&quot;Napoli Centrale&quot;,&quot;address&quot;:&quot;123&quot;,&quot;phone&quot;:&quot;+351912345678&quot;,&quot;createdAt&quot;:&quot;2026-08-04T05:16:05&quot;}`

Reproduce with:

    curl -X PUT -H 'Content-Type: application/json' -d '{&quot;name&quot;: &quot;Napoli Centrale&quot;, &quot;address&quot;: 123, &quot;phone&quot;: &quot;+351912345678&quot;}' http://host.docker.internal:8080/api/pizzerias/320

2. Test Case ID: 4sjxF2

- Response violates schema

    &quot;2026-08-04T05:16:07.21930613&quot; is not a &quot;date-time&quot;

    Schema at /properties/timestamp:

        {
            &quot;format&quot;: &quot;date-time&quot;,
            &quot;type&quot;: &quot;string&quot;,
            &quot;description&quot;: &quot;Time when the error was generated&quot;,
            &quot;example&quot;: &quot;2026-02-23T10:45:12.345&quot;
        }

    Value:

        &quot;2026-08-04T05:16:07.21930613&quot;

[404] Not Found:

    `{&quot;error&quot;:&quot;Not Found&quot;,&quot;message&quot;:&quot;Pizzeria with id 1 was not found.&quot;,&quot;timestamp&quot;:&quot;2026-08-04T05:16:07.21930613&quot;,&quot;status&quot;:404}`

Reproduce with:

    curl -X PUT -H 'Content-Type: application/json' -d '{&quot;name&quot;: &quot;Napoli Centrale&quot;, &quot;address&quot;: 123, &quot;phone&quot;: &quot;+351912345678&quot;}' http://host.docker.internal:8080/api/pizzerias/1"/>
			<failure type="failure" message="1. Test Case ID: ZUHAoJ

- Response violates schema

    &quot;2026-08-04T05:16:05&quot; is not a &quot;date-time&quot;

    Schema at /properties/createdAt:

        {
            &quot;format&quot;: &quot;date-time&quot;,
            &quot;type&quot;: &quot;string&quot;,
            &quot;description&quot;: &quot;Creation timestamp&quot;,
            &quot;example&quot;: &quot;2026-02-23T10:45:12&quot;
        }

    Value:

        &quot;2026-08-04T05:16:05&quot;

[200] OK:

    `{&quot;id&quot;:320,&quot;name&quot;:&quot;Napoli Centrale&quot;,&quot;address&quot;:&quot;123&quot;,&quot;phone&quot;:&quot;+351912345678&quot;,&quot;createdAt&quot;:&quot;2026-08-04T05:16:05&quot;}`

Reproduce with:

    curl -X PUT -H 'Content-Type: application/json' -d '{&quot;name&quot;: &quot;Napoli Centrale&quot;, &quot;address&quot;: 123, &quot;phone&quot;: &quot;+351912345678&quot;}' http://host.docker.internal:8080/api/pizzerias/320

2. Test Case ID: 4sjxF2

- Response violates schema

    &quot;2026-08-04T05:16:07.21930613&quot; is not a &quot;date-time&quot;

    Schema at /properties/timestamp:

        {
            &quot;format&quot;: &quot;date-time&quot;,
            &quot;type&quot;: &quot;string&quot;,
            &quot;description&quot;: &quot;Time when the error was generated&quot;,
            &quot;example&quot;: &quot;2026-02-23T10:45:12.345&quot;
        }

    Value:

        &quot;2026-08-04T05:16:07.21930613&quot;

[404] Not Found:

    `{&quot;error&quot;:&quot;Not Found&quot;,&quot;message&quot;:&quot;Pizzeria with id 1 was not found.&quot;,&quot;timestamp&quot;:&quot;2026-08-04T05:16:07.21930613&quot;,&quot;status&quot;:404}`

Reproduce with:

    curl -X PUT -H 'Content-Type: application/json' -d '{&quot;name&quot;: &quot;Napoli Centrale&quot;, &quot;address&quot;: 123, &quot;phone&quot;: &quot;+351912345678&quot;}' http://host.docker.internal:8080/api/pizzerias/1

3. Test Case ID: yPjePm

- Response violates schema

    null is not of type &quot;string&quot;

    Schema at /properties/address:

        {
            &quot;type&quot;: &quot;string&quot;,
            &quot;description&quot;: &quot;Street address&quot;,
            &quot;example&quot;: 123
        }

    Value:

        null

[200] OK:

    `{&quot;id&quot;:296,&quot;name&quot;:&quot;ZAP&quot;,&quot;address&quot;:null,&quot;phone&quot;:null,&quot;createdAt&quot;:&quot;2026-08-04T05:14:29&quot;}`

Reproduce with:

    curl -X PUT -H 'Content-Type: application/json' -d '{&quot;name&quot;: &quot;ZAP&quot;}' http://host.docker.internal:8080/api/pizzerias/296

4. Test Case ID: PBJWu1

- API rejected schema-compliant request

    Valid data should have been accepted
    Expected: 2xx, 401, 403, 404, 409, 5xx
    Hint: The request body contains 3 additional properties not defined in the schema (`c􆿽󤋚𦟋𑗑ÀÝ`, `é[򴩒󦒚	¨ñ;񧩟XjàÏS񢐓󾨋c𸞪􄪎-`, `񵾶·ù°󝍞`). The server likely rejects unexpected fields. Add `additionalProperties: false` to your schema to prevent this.

[400] Bad Request:

    `{&quot;timestamp&quot;:&quot;2026-08-04T05:16:46.098Z&quot;,&quot;status&quot;:400,&quot;error&quot;:&quot;Bad Request&quot;,&quot;path&quot;:&quot;/api/pizzerias/362&quot;}`

Reproduce with:

    curl -X PUT -H 'Content-Type: application/json' -d '{&quot;name&quot;: &quot;https://8138326420901376243%2eowasp%2eorg&quot;, &quot;\u0084c\udbdb\udffd\udb50\udeda\ud859\udfcb\ud805\uddd1\u00c0\u001f\u00dd&quot;: {&quot;&quot;: {&quot;f\u00a1\u00dcy\\\u00b8\u00d1R\u00e33\u008b\u0019&quot;: []}, &quot;\u0091\u00bf\u0089&quot;: [[null, false, false]]}, &quot;phone&quot;: &quot;s\u0080\u0083,\u009d\udb3e\udd9b&quot;, &quot;\u00e9[\uda92\ude52\udb59\udc9a\t\u00a8\u00f1\u0012;\u009a\ud95e\ude5fXj\u00e0\u00cfS\u0002\ud949\udc13\udbba\ude0bc\ud8a1\udfaa\udbd2\ude8e-&quot;: {&quot;\ud8e7\ude07_\u008d\u00d6#)\u00f6\u009b\ud885\udd31*M\u00ff*\ud846\udfd2\u5e54\u00aa\u0084\udac4\uddf2\u0081&quot;: 1.9, &quot;\u00f36l&quot;: 3.960209566960462e-64, &quot;&quot;: 1545600}, &quot;\ud997\udfb6\u001f\u00b7\u00f9\u00b0\u008b\udb34\udf5e&quot;: [{&quot;F\ud9bc\ude4d\u00caz\u00b1\udace\udc06\u0092\u0005&quot;: 20922789888000, &quot;l1\u00ec6\udb3c\ude68\u00f4&quot;: 70000776733723}, [null, &quot;\u00f1\ud9d4\udd39\u00f2\u001b\udb40\udc40&quot;, false]]}' http://host.docker.internal:8080/api/pizzerias/362

5. Test Case ID: uyhgaH

- Response violates schema

    null is not of type &quot;string&quot;

    Schema at /properties/phone:

        {
            &quot;type&quot;: &quot;string&quot;,
            &quot;description&quot;: &quot;Contact phone number&quot;,
            &quot;example&quot;: &quot;+351912345678&quot;
        }

    Value:

        null

[200] OK:

    `{&quot;id&quot;:213,&quot;name&quot;:&quot;\u0017&quot;,&quot;address&quot;:&quot;__proto__&quot;,&quot;phone&quot;:null,&quot;createdAt&quot;:&quot;2026-08-04T05:14:27&quot;}`

Reproduce with:

    curl -X PUT -H 'Content-Type: application/json' -d '{&quot;name&quot;: &quot;\u0017&quot;, &quot;address&quot;: &quot;__proto__&quot;}' http://host.docker.internal:8080/api/pizzerias/213"/>
		</testcase>
		<testcase name="GET /api/pizzas" time="6.132872">
			<failure type="failure" message="1. Test Case ID: EqiRky

- Response violates schema

    &quot;2026-08-04T05:13:18&quot; is not a &quot;date-time&quot;

    Schema at /components/schemas/Pizza/properties/createdAt:

        {
            &quot;format&quot;: &quot;date-time&quot;,
            &quot;type&quot;: &quot;string&quot;,
            &quot;description&quot;: &quot;Creation timestamp&quot;,
            &quot;example&quot;: &quot;2026-02-23T10:45:12&quot;
        }

    Value:

        &quot;2026-08-04T05:13:18&quot;

- API accepted schema-violating request

    Invalid data should have been rejected
    Expected: 400, 401, 403, 404, 406, 422, 428, 5xx
    Invalid component: parameter `pizzeriaId` in query - incorrect type

[200] OK:

    `[{&quot;id&quot;:3,&quot;name&quot;:&quot;Pepperoni&quot;,&quot;ingredients&quot;:&quot;Tomato, mozzarella, pepperoni&quot;,&quot;price&quot;:11.00,&quot;size&quot;:&quot;large&quot;,&quot;isAvailable&quot;:true,&quot;photoUrl&quot;:&quot;https://images.unsplash.com/photo-1513104890138-7c749659a591&quot;,&quot;createdAt&quot;:&quot;2026-08-04T05:13:18&quot;,&quot;pizzeriaId&quot;:2},{&quot;id&quot;:4,&quot;name&quot;:&quot;Quattro Formaggi&quot;,&quot;ingredients&quot;:&quot;Mozzarella, gorgonzola, parmesan, provolone&quot;,&quot;price&quot;:12.40,&quot;size&quot;:&quot;medium&quot;,&quot;isAvailable&quot;:true,&quot;photoUrl&quot;:null,&quot;createdAt&quot;:&quot;2026-08-04T05:13:18&quot;,&quot;pizzeriaId&quot;:2},{&quot;id&quot;:5,&quot;name&quot;:&quot;Vegetariana&quot;,&quot;ingredients&quot;:&quot;Tomato, mozza // Output truncated...`

Reproduce with:

    curl -X GET 'http://host.docker.internal:8080/api/pizzas?pizzeriaId='"/>
			<failure type="failure" message="1. Test Case ID: EqiRky

- Response violates schema

    &quot;2026-08-04T05:13:18&quot; is not a &quot;date-time&quot;

    Schema at /components/schemas/Pizza/properties/createdAt:

        {
            &quot;format&quot;: &quot;date-time&quot;,
            &quot;type&quot;: &quot;string&quot;,
            &quot;description&quot;: &quot;Creation timestamp&quot;,
            &quot;example&quot;: &quot;2026-02-23T10:45:12&quot;
        }

    Value:

        &quot;2026-08-04T05:13:18&quot;

- API accepted schema-violating request

    Invalid data should have been rejected
    Expected: 400, 401, 403, 404, 406, 422, 428, 5xx
    Invalid component: parameter `pizzeriaId` in query - incorrect type

[200] OK:

    `[{&quot;id&quot;:3,&quot;name&quot;:&quot;Pepperoni&quot;,&quot;ingredients&quot;:&quot;Tomato, mozzarella, pepperoni&quot;,&quot;price&quot;:11.00,&quot;size&quot;:&quot;large&quot;,&quot;isAvailable&quot;:true,&quot;photoUrl&quot;:&quot;https://images.unsplash.com/photo-1513104890138-7c749659a591&quot;,&quot;createdAt&quot;:&quot;2026-08-04T05:13:18&quot;,&quot;pizzeriaId&quot;:2},{&quot;id&quot;:4,&quot;name&quot;:&quot;Quattro Formaggi&quot;,&quot;ingredients&quot;:&quot;Mozzarella, gorgonzola, parmesan, provolone&quot;,&quot;price&quot;:12.40,&quot;size&quot;:&quot;medium&quot;,&quot;isAvailable&quot;:true,&quot;photoUrl&quot;:null,&quot;createdAt&quot;:&quot;2026-08-04T05:13:18&quot;,&quot;pizzeriaId&quot;:2},{&quot;id&quot;:5,&quot;name&quot;:&quot;Vegetariana&quot;,&quot;ingredients&quot;:&quot;Tomato, mozza // Output truncated...`

Reproduce with:

    curl -X GET 'http://host.docker.internal:8080/api/pizzas?pizzeriaId='

2. Test Case ID: Jw15vA

- Response violates schema

    null is not of type &quot;string&quot;

    Schema at /components/schemas/Pizza/properties/ingredients:

        {
            &quot;type&quot;: &quot;string&quot;,
            &quot;description&quot;: &quot;Ingredient list or description&quot;,
            &quot;example&quot;: &quot;Tomato, mozzarella, basil&quot;
        }

    Value:

        null

[200] OK:

    `[{&quot;id&quot;:10,&quot;name&quot;:&quot;}\u0004j&quot;,&quot;ingredients&quot;:null,&quot;price&quot;:0.00,&quot;size&quot;:&quot;medium&quot;,&quot;isAvailable&quot;:true,&quot;photoUrl&quot;:null,&quot;createdAt&quot;:&quot;2026-08-04T05:16:26&quot;,&quot;pizzeriaId&quot;:296},{&quot;id&quot;:12,&quot;name&quot;:&quot;}\u0004j&quot;,&quot;ingredients&quot;:null,&quot;price&quot;:0.00,&quot;size&quot;:&quot;large&quot;,&quot;isAvailable&quot;:true,&quot;photoUrl&quot;:null,&quot;createdAt&quot;:&quot;2026-08-04T05:16:26&quot;,&quot;pizzeriaId&quot;:296},{&quot;id&quot;:13,&quot;name&quot;:&quot;&quot;,&quot;ingredients&quot;:null,&quot;price&quot;:0.50,&quot;size&quot;:&quot;large&quot;,&quot;isAvailable&quot;:true,&quot;photoUrl&quot;:null,&quot;createdAt&quot;:&quot;2026-08-04T05:16:28&quot;,&quot;pizzeriaId&quot;:296},{&quot;id&quot;:14,&quot;name&quot;:&quot;Ðð񸛇q򕫽&quot;,&quot;ingredie // Output truncated...`

Reproduce with:

    curl -X GET 'http://host.docker.internal:8080/api/pizzas?pizzeriaId=296'"/>
		</testcase>
		<testcase name="GET /api/pizzas/{id}" time="5.392195">
			<failure type="failure" message="1. Test Case ID: n54qCJ

- Response violates schema

    &quot;2026-08-04T05:16:07.242538742&quot; is not a &quot;date-time&quot;

    Schema at /properties/timestamp:

        {
            &quot;format&quot;: &quot;date-time&quot;,
            &quot;type&quot;: &quot;string&quot;,
            &quot;description&quot;: &quot;Time when the error was generated&quot;,
            &quot;example&quot;: &quot;2026-02-23T10:45:12.345&quot;
        }

    Value:

        &quot;2026-08-04T05:16:07.242538742&quot;

[404] Not Found:

    `{&quot;error&quot;:&quot;Not Found&quot;,&quot;message&quot;:&quot;Pizza with id 1 was not found.&quot;,&quot;timestamp&quot;:&quot;2026-08-04T05:16:07.242538742&quot;,&quot;status&quot;:404}`

Reproduce with:

    curl -X GET http://host.docker.internal:8080/api/pizzas/1"/>
			<failure type="failure" message="1. Test Case ID: n54qCJ

- Response violates schema

    &quot;2026-08-04T05:16:07.242538742&quot; is not a &quot;date-time&quot;

    Schema at /properties/timestamp:

        {
            &quot;format&quot;: &quot;date-time&quot;,
            &quot;type&quot;: &quot;string&quot;,
            &quot;description&quot;: &quot;Time when the error was generated&quot;,
            &quot;example&quot;: &quot;2026-02-23T10:45:12.345&quot;
        }

    Value:

        &quot;2026-08-04T05:16:07.242538742&quot;

[404] Not Found:

    `{&quot;error&quot;:&quot;Not Found&quot;,&quot;message&quot;:&quot;Pizza with id 1 was not found.&quot;,&quot;timestamp&quot;:&quot;2026-08-04T05:16:07.242538742&quot;,&quot;status&quot;:404}`

Reproduce with:

    curl -X GET http://host.docker.internal:8080/api/pizzas/1

2. Test Case ID: MDuiWD

- Undocumented HTTP status code

    Received: 400
    Documented: 200, 404

[400] Bad Request:

    `{&quot;timestamp&quot;:&quot;2026-08-04T05:16:12.329Z&quot;,&quot;status&quot;:400,&quot;error&quot;:&quot;Bad Request&quot;,&quot;path&quot;:&quot;/api/pizzas/null%2Cnull&quot;}`

Reproduce with:

    curl -X GET http://host.docker.internal:8080/api/pizzas/null%2Cnull"/>
			<failure type="failure" message="1. Test Case ID: n54qCJ

- Response violates schema

    &quot;2026-08-04T05:16:07.242538742&quot; is not a &quot;date-time&quot;

    Schema at /properties/timestamp:

        {
            &quot;format&quot;: &quot;date-time&quot;,
            &quot;type&quot;: &quot;string&quot;,
            &quot;description&quot;: &quot;Time when the error was generated&quot;,
            &quot;example&quot;: &quot;2026-02-23T10:45:12.345&quot;
        }

    Value:

        &quot;2026-08-04T05:16:07.242538742&quot;

[404] Not Found:

    `{&quot;error&quot;:&quot;Not Found&quot;,&quot;message&quot;:&quot;Pizza with id 1 was not found.&quot;,&quot;timestamp&quot;:&quot;2026-08-04T05:16:07.242538742&quot;,&quot;status&quot;:404}`

Reproduce with:

    curl -X GET http://host.docker.internal:8080/api/pizzas/1

2. Test Case ID: MDuiWD

- Undocumented HTTP status code

    Received: 400
    Documented: 200, 404

[400] Bad Request:

    `{&quot;timestamp&quot;:&quot;2026-08-04T05:16:12.329Z&quot;,&quot;status&quot;:400,&quot;error&quot;:&quot;Bad Request&quot;,&quot;path&quot;:&quot;/api/pizzas/null%2Cnull&quot;}`

Reproduce with:

    curl -X GET http://host.docker.internal:8080/api/pizzas/null%2Cnull

3. Test Case ID: OEunit

- Response violates schema

    null is not of type &quot;string&quot;

    Schema at /properties/ingredients:

        {
            &quot;type&quot;: &quot;string&quot;,
            &quot;description&quot;: &quot;Ingredient list or description&quot;,
            &quot;example&quot;: &quot;Tomato, mozzarella, basil&quot;
        }

    Value:

        null

[200] OK:

    `{&quot;id&quot;:51,&quot;name&quot;:&quot;}\u0004j&quot;,&quot;ingredients&quot;:null,&quot;price&quot;:0.00,&quot;size&quot;:&quot;large&quot;,&quot;isAvailable&quot;:true,&quot;photoUrl&quot;:null,&quot;createdAt&quot;:&quot;2026-08-04T05:16:30&quot;,&quot;pizzeriaId&quot;:296}`

Reproduce with:

    curl -X GET http://host.docker.internal:8080/api/pizzas/51"/>
		</testcase>
		<testcase name="GET /api/pizzerias/{id}" time="4.616183">
			<failure type="failure" message="1. Test Case ID: GxnBKO

- Response violates schema

    &quot;2026-08-04T05:16:05&quot; is not a &quot;date-time&quot;

    Schema at /properties/createdAt:

        {
            &quot;format&quot;: &quot;date-time&quot;,
            &quot;type&quot;: &quot;string&quot;,
            &quot;description&quot;: &quot;Creation timestamp&quot;,
            &quot;example&quot;: &quot;2026-02-23T10:45:12&quot;
        }

    Value:

        &quot;2026-08-04T05:16:05&quot;

[200] OK:

    `{&quot;id&quot;:320,&quot;name&quot;:&quot;Napoli Centrale&quot;,&quot;address&quot;:&quot;123&quot;,&quot;phone&quot;:&quot;+351912345678&quot;,&quot;createdAt&quot;:&quot;2026-08-04T05:16:05&quot;}`

Reproduce with:

    curl -X GET http://host.docker.internal:8080/api/pizzerias/320

2. Test Case ID: j2eSAd

- Response violates schema

    &quot;2026-08-04T05:16:07.256674564&quot; is not a &quot;date-time&quot;

    Schema at /properties/timestamp:

        {
            &quot;format&quot;: &quot;date-time&quot;,
            &quot;type&quot;: &quot;string&quot;,
            &quot;description&quot;: &quot;Time when the error was generated&quot;,
            &quot;example&quot;: &quot;2026-02-23T10:45:12.345&quot;
        }

    Value:

        &quot;2026-08-04T05:16:07.256674564&quot;

[404] Not Found:

    `{&quot;error&quot;:&quot;Not Found&quot;,&quot;message&quot;:&quot;Pizzeria with id 1 was not found.&quot;,&quot;timestamp&quot;:&quot;2026-08-04T05:16:07.256674564&quot;,&quot;status&quot;:404}`

Reproduce with:

    curl -X GET http://host.docker.internal:8080/api/pizzerias/1"/>
			<failure type="failure" message="1. Test Case ID: GxnBKO

- Response violates schema

    &quot;2026-08-04T05:16:05&quot; is not a &quot;date-time&quot;

    Schema at /properties/createdAt:

        {
            &quot;format&quot;: &quot;date-time&quot;,
            &quot;type&quot;: &quot;string&quot;,
            &quot;description&quot;: &quot;Creation timestamp&quot;,
            &quot;example&quot;: &quot;2026-02-23T10:45:12&quot;
        }

    Value:

        &quot;2026-08-04T05:16:05&quot;

[200] OK:

    `{&quot;id&quot;:320,&quot;name&quot;:&quot;Napoli Centrale&quot;,&quot;address&quot;:&quot;123&quot;,&quot;phone&quot;:&quot;+351912345678&quot;,&quot;createdAt&quot;:&quot;2026-08-04T05:16:05&quot;}`

Reproduce with:

    curl -X GET http://host.docker.internal:8080/api/pizzerias/320

2. Test Case ID: j2eSAd

- Response violates schema

    &quot;2026-08-04T05:16:07.256674564&quot; is not a &quot;date-time&quot;

    Schema at /properties/timestamp:

        {
            &quot;format&quot;: &quot;date-time&quot;,
            &quot;type&quot;: &quot;string&quot;,
            &quot;description&quot;: &quot;Time when the error was generated&quot;,
            &quot;example&quot;: &quot;2026-02-23T10:45:12.345&quot;
        }

    Value:

        &quot;2026-08-04T05:16:07.256674564&quot;

[404] Not Found:

    `{&quot;error&quot;:&quot;Not Found&quot;,&quot;message&quot;:&quot;Pizzeria with id 1 was not found.&quot;,&quot;timestamp&quot;:&quot;2026-08-04T05:16:07.256674564&quot;,&quot;status&quot;:404}`

Reproduce with:

    curl -X GET http://host.docker.internal:8080/api/pizzerias/1

3. Test Case ID: 780DkV

- Undocumented HTTP status code

    Received: 400
    Documented: 200, 404

[400] Bad Request:

    `{&quot;timestamp&quot;:&quot;2026-08-04T05:16:13.600Z&quot;,&quot;status&quot;:400,&quot;error&quot;:&quot;Bad Request&quot;,&quot;path&quot;:&quot;/api/pizzerias/null%2Cnull&quot;}`

Reproduce with:

    curl -X GET http://host.docker.internal:8080/api/pizzerias/null%2Cnull"/>
			<failure type="failure" message="1. Test Case ID: GxnBKO

- Response violates schema

    &quot;2026-08-04T05:16:05&quot; is not a &quot;date-time&quot;

    Schema at /properties/createdAt:

        {
            &quot;format&quot;: &quot;date-time&quot;,
            &quot;type&quot;: &quot;string&quot;,
            &quot;description&quot;: &quot;Creation timestamp&quot;,
            &quot;example&quot;: &quot;2026-02-23T10:45:12&quot;
        }

    Value:

        &quot;2026-08-04T05:16:05&quot;

[200] OK:

    `{&quot;id&quot;:320,&quot;name&quot;:&quot;Napoli Centrale&quot;,&quot;address&quot;:&quot;123&quot;,&quot;phone&quot;:&quot;+351912345678&quot;,&quot;createdAt&quot;:&quot;2026-08-04T05:16:05&quot;}`

Reproduce with:

    curl -X GET http://host.docker.internal:8080/api/pizzerias/320

2. Test Case ID: j2eSAd

- Response violates schema

    &quot;2026-08-04T05:16:07.256674564&quot; is not a &quot;date-time&quot;

    Schema at /properties/timestamp:

        {
            &quot;format&quot;: &quot;date-time&quot;,
            &quot;type&quot;: &quot;string&quot;,
            &quot;description&quot;: &quot;Time when the error was generated&quot;,
            &quot;example&quot;: &quot;2026-02-23T10:45:12.345&quot;
        }

    Value:

        &quot;2026-08-04T05:16:07.256674564&quot;

[404] Not Found:

    `{&quot;error&quot;:&quot;Not Found&quot;,&quot;message&quot;:&quot;Pizzeria with id 1 was not found.&quot;,&quot;timestamp&quot;:&quot;2026-08-04T05:16:07.256674564&quot;,&quot;status&quot;:404}`

Reproduce with:

    curl -X GET http://host.docker.internal:8080/api/pizzerias/1

3. Test Case ID: 780DkV

- Undocumented HTTP status code

    Received: 400
    Documented: 200, 404

[400] Bad Request:

    `{&quot;timestamp&quot;:&quot;2026-08-04T05:16:13.600Z&quot;,&quot;status&quot;:400,&quot;error&quot;:&quot;Bad Request&quot;,&quot;path&quot;:&quot;/api/pizzerias/null%2Cnull&quot;}`

Reproduce with:

    curl -X GET http://host.docker.internal:8080/api/pizzerias/null%2Cnull

4. Test Case ID: 7UWoRe

- Response violates schema

    null is not of type &quot;string&quot;

    Schema at /properties/address:

        {
            &quot;type&quot;: &quot;string&quot;,
            &quot;description&quot;: &quot;Street address&quot;,
            &quot;example&quot;: 123
        }

    Value:

        null

[200] OK:

    `{&quot;id&quot;:23,&quot;name&quot;:&quot;󼴒&quot;,&quot;address&quot;:null,&quot;phone&quot;:null,&quot;createdAt&quot;:&quot;2026-08-04T05:14:21&quot;}`

Reproduce with:

    curl -X GET http://host.docker.internal:8080/api/pizzerias/23

5. Test Case ID: 8o0Hfo

- Response violates schema

    null is not of type &quot;string&quot;

    Schema at /properties/phone:

        {
            &quot;type&quot;: &quot;string&quot;,
            &quot;description&quot;: &quot;Contact phone number&quot;,
            &quot;example&quot;: &quot;+351912345678&quot;
        }

    Value:

        null

[200] OK:

    `{&quot;id&quot;:13,&quot;name&quot;:&quot;󼴒&quot;,&quot;address&quot;:&quot;röù`1Ä𭳂³&quot;,&quot;phone&quot;:null,&quot;createdAt&quot;:&quot;2026-08-04T05:14:21&quot;}`

Reproduce with:

    curl -X GET http://host.docker.internal:8080/api/pizzerias/13"/>
		</testcase>
		<testcase name="DELETE /api/pizzas/{id}" time="4.409884">
			<failure type="failure" message="1. Test Case ID: IDXxb7

- Response violates schema

    &quot;2026-08-04T05:16:07.2656672&quot; is not a &quot;date-time&quot;

    Schema at /properties/timestamp:

        {
            &quot;format&quot;: &quot;date-time&quot;,
            &quot;type&quot;: &quot;string&quot;,
            &quot;description&quot;: &quot;Time when the error was generated&quot;,
            &quot;example&quot;: &quot;2026-02-23T10:45:12.345&quot;
        }

    Value:

        &quot;2026-08-04T05:16:07.2656672&quot;

[404] Not Found:

    `{&quot;error&quot;:&quot;Not Found&quot;,&quot;message&quot;:&quot;Pizza with id 1 was not found.&quot;,&quot;timestamp&quot;:&quot;2026-08-04T05:16:07.2656672&quot;,&quot;status&quot;:404}`

Reproduce with:

    curl -X DELETE http://host.docker.internal:8080/api/pizzas/1"/>
			<failure type="failure" message="1. Test Case ID: IDXxb7

- Response violates schema

    &quot;2026-08-04T05:16:07.2656672&quot; is not a &quot;date-time&quot;

    Schema at /properties/timestamp:

        {
            &quot;format&quot;: &quot;date-time&quot;,
            &quot;type&quot;: &quot;string&quot;,
            &quot;description&quot;: &quot;Time when the error was generated&quot;,
            &quot;example&quot;: &quot;2026-02-23T10:45:12.345&quot;
        }

    Value:

        &quot;2026-08-04T05:16:07.2656672&quot;

[404] Not Found:

    `{&quot;error&quot;:&quot;Not Found&quot;,&quot;message&quot;:&quot;Pizza with id 1 was not found.&quot;,&quot;timestamp&quot;:&quot;2026-08-04T05:16:07.2656672&quot;,&quot;status&quot;:404}`

Reproduce with:

    curl -X DELETE http://host.docker.internal:8080/api/pizzas/1

2. Test Case ID: XrUwtt

- Undocumented HTTP status code

    Received: 400
    Documented: 204, 404

[400] Bad Request:

    `{&quot;timestamp&quot;:&quot;2026-08-04T05:16:14.926Z&quot;,&quot;status&quot;:400,&quot;error&quot;:&quot;Bad Request&quot;,&quot;path&quot;:&quot;/api/pizzas/null%2Cnull&quot;}`

Reproduce with:

    curl -X DELETE http://host.docker.internal:8080/api/pizzas/null%2Cnull"/>
			<failure type="failure" message="1. Test Case ID: IDXxb7

- Response violates schema

    &quot;2026-08-04T05:16:07.2656672&quot; is not a &quot;date-time&quot;

    Schema at /properties/timestamp:

        {
            &quot;format&quot;: &quot;date-time&quot;,
            &quot;type&quot;: &quot;string&quot;,
            &quot;description&quot;: &quot;Time when the error was generated&quot;,
            &quot;example&quot;: &quot;2026-02-23T10:45:12.345&quot;
        }

    Value:

        &quot;2026-08-04T05:16:07.2656672&quot;

[404] Not Found:

    `{&quot;error&quot;:&quot;Not Found&quot;,&quot;message&quot;:&quot;Pizza with id 1 was not found.&quot;,&quot;timestamp&quot;:&quot;2026-08-04T05:16:07.2656672&quot;,&quot;status&quot;:404}`

Reproduce with:

    curl -X DELETE http://host.docker.internal:8080/api/pizzas/1

2. Test Case ID: XrUwtt

- Undocumented HTTP status code

    Received: 400
    Documented: 204, 404

[400] Bad Request:

    `{&quot;timestamp&quot;:&quot;2026-08-04T05:16:14.926Z&quot;,&quot;status&quot;:400,&quot;error&quot;:&quot;Bad Request&quot;,&quot;path&quot;:&quot;/api/pizzas/null%2Cnull&quot;}`

Reproduce with:

    curl -X DELETE http://host.docker.internal:8080/api/pizzas/null%2Cnull"/>
		</testcase>
		<testcase name="DELETE /api/pizzerias/{id}" time="4.346345">
			<failure type="failure" message="1. Test Case ID: xdz9UF

- Response violates schema

    &quot;2026-08-04T05:16:07.282481258&quot; is not a &quot;date-time&quot;

    Schema at /properties/timestamp:

        {
            &quot;format&quot;: &quot;date-time&quot;,
            &quot;type&quot;: &quot;string&quot;,
            &quot;description&quot;: &quot;Time when the error was generated&quot;,
            &quot;example&quot;: &quot;2026-02-23T10:45:12.345&quot;
        }

    Value:

        &quot;2026-08-04T05:16:07.282481258&quot;

[404] Not Found:

    `{&quot;error&quot;:&quot;Not Found&quot;,&quot;message&quot;:&quot;Pizzeria with id 1 was not found.&quot;,&quot;timestamp&quot;:&quot;2026-08-04T05:16:07.282481258&quot;,&quot;status&quot;:404}`

Reproduce with:

    curl -X DELETE http://host.docker.internal:8080/api/pizzerias/1"/>
			<failure type="failure" message="1. Test Case ID: xdz9UF

- Response violates schema

    &quot;2026-08-04T05:16:07.282481258&quot; is not a &quot;date-time&quot;

    Schema at /properties/timestamp:

        {
            &quot;format&quot;: &quot;date-time&quot;,
            &quot;type&quot;: &quot;string&quot;,
            &quot;description&quot;: &quot;Time when the error was generated&quot;,
            &quot;example&quot;: &quot;2026-02-23T10:45:12.345&quot;
        }

    Value:

        &quot;2026-08-04T05:16:07.282481258&quot;

[404] Not Found:

    `{&quot;error&quot;:&quot;Not Found&quot;,&quot;message&quot;:&quot;Pizzeria with id 1 was not found.&quot;,&quot;timestamp&quot;:&quot;2026-08-04T05:16:07.282481258&quot;,&quot;status&quot;:404}`

Reproduce with:

    curl -X DELETE http://host.docker.internal:8080/api/pizzerias/1

2. Test Case ID: PAN7k2

- Undocumented HTTP status code

    Received: 400
    Documented: 204, 404

[400] Bad Request:

    `{&quot;timestamp&quot;:&quot;2026-08-04T05:16:16.227Z&quot;,&quot;status&quot;:400,&quot;error&quot;:&quot;Bad Request&quot;,&quot;path&quot;:&quot;/api/pizzerias/null%2Cnull&quot;}`

Reproduce with:

    curl -X DELETE http://host.docker.internal:8080/api/pizzerias/null%2Cnull"/>
			<failure type="failure" message="1. Test Case ID: xdz9UF

- Response violates schema

    &quot;2026-08-04T05:16:07.282481258&quot; is not a &quot;date-time&quot;

    Schema at /properties/timestamp:

        {
            &quot;format&quot;: &quot;date-time&quot;,
            &quot;type&quot;: &quot;string&quot;,
            &quot;description&quot;: &quot;Time when the error was generated&quot;,
            &quot;example&quot;: &quot;2026-02-23T10:45:12.345&quot;
        }

    Value:

        &quot;2026-08-04T05:16:07.282481258&quot;

[404] Not Found:

    `{&quot;error&quot;:&quot;Not Found&quot;,&quot;message&quot;:&quot;Pizzeria with id 1 was not found.&quot;,&quot;timestamp&quot;:&quot;2026-08-04T05:16:07.282481258&quot;,&quot;status&quot;:404}`

Reproduce with:

    curl -X DELETE http://host.docker.internal:8080/api/pizzerias/1

2. Test Case ID: PAN7k2

- Undocumented HTTP status code

    Received: 400
    Documented: 204, 404

[400] Bad Request:

    `{&quot;timestamp&quot;:&quot;2026-08-04T05:16:16.227Z&quot;,&quot;status&quot;:400,&quot;error&quot;:&quot;Bad Request&quot;,&quot;path&quot;:&quot;/api/pizzerias/null%2Cnull&quot;}`

Reproduce with:

    curl -X DELETE http://host.docker.internal:8080/api/pizzerias/null%2Cnull"/>
		</testcase>
		<testcase name="Stateful tests" time="134.532732">
			<failure type="failure" message="1. Test Case ID: Ryk3Np

- Response violates schema

    &quot;2026-08-04T05:13:18&quot; is not a &quot;date-time&quot;

    Schema at /properties/createdAt:

        {
            &quot;format&quot;: &quot;date-time&quot;,
            &quot;type&quot;: &quot;string&quot;,
            &quot;description&quot;: &quot;Creation timestamp&quot;,
            &quot;example&quot;: &quot;2026-02-23T10:45:12&quot;
        }

    Value:

        &quot;2026-08-04T05:13:18&quot;

[200] OK:

    `{&quot;id&quot;:3,&quot;name&quot;:&quot;Pepperoni&quot;,&quot;ingredients&quot;:&quot;Tomato, mozzarella, pepperoni&quot;,&quot;price&quot;:11.00,&quot;size&quot;:&quot;large&quot;,&quot;isAvailable&quot;:true,&quot;photoUrl&quot;:&quot;https://images.unsplash.com/photo-1513104890138-7c749659a591&quot;,&quot;createdAt&quot;:&quot;2026-08-04T05:13:18&quot;,&quot;pizzeriaId&quot;:2}`

Reproduce with:

    curl -X GET http://host.docker.internal:8080/api/pizzas
    curl -X GET http://host.docker.internal:8080/api/pizzas/3"/>
			<failure type="failure" message="1. Test Case ID: Ryk3Np

- Response violates schema

    &quot;2026-08-04T05:13:18&quot; is not a &quot;date-time&quot;

    Schema at /properties/createdAt:

        {
            &quot;format&quot;: &quot;date-time&quot;,
            &quot;type&quot;: &quot;string&quot;,
            &quot;description&quot;: &quot;Creation timestamp&quot;,
            &quot;example&quot;: &quot;2026-02-23T10:45:12&quot;
        }

    Value:

        &quot;2026-08-04T05:13:18&quot;

[200] OK:

    `{&quot;id&quot;:3,&quot;name&quot;:&quot;Pepperoni&quot;,&quot;ingredients&quot;:&quot;Tomato, mozzarella, pepperoni&quot;,&quot;price&quot;:11.00,&quot;size&quot;:&quot;large&quot;,&quot;isAvailable&quot;:true,&quot;photoUrl&quot;:&quot;https://images.unsplash.com/photo-1513104890138-7c749659a591&quot;,&quot;createdAt&quot;:&quot;2026-08-04T05:13:18&quot;,&quot;pizzeriaId&quot;:2}`

Reproduce with:

    curl -X GET http://host.docker.internal:8080/api/pizzas
    curl -X GET http://host.docker.internal:8080/api/pizzas/3

2. Test Case ID: SIt1nf

- Response violates schema

    null is not of type &quot;string&quot;

    Schema at /components/schemas/Pizza/properties/photoUrl:

        {
            &quot;type&quot;: &quot;string&quot;,
            &quot;format&quot;: &quot;uri&quot;,
            &quot;description&quot;: &quot;Photo URL&quot;,
            &quot;example&quot;: &quot;https://example.com/pizzas/margherita.jpg&quot;
        }

    Value:

        null

[200] OK:

    `[{&quot;id&quot;:4,&quot;name&quot;:&quot;Quattro Formaggi&quot;,&quot;ingredients&quot;:&quot;Mozzarella, gorgonzola, parmesan, provolone&quot;,&quot;price&quot;:12.40,&quot;size&quot;:&quot;medium&quot;,&quot;isAvailable&quot;:true,&quot;photoUrl&quot;:null,&quot;createdAt&quot;:&quot;2026-08-04T05:13:18&quot;,&quot;pizzeriaId&quot;:2},{&quot;id&quot;:5,&quot;name&quot;:&quot;Vegetariana&quot;,&quot;ingredients&quot;:&quot;Tomato, mozzarella, peppers, onion, olives&quot;,&quot;price&quot;:9.90,&quot;size&quot;:&quot;small&quot;,&quot;isAvailable&quot;:true,&quot;photoUrl&quot;:null,&quot;createdAt&quot;:&quot;2026-08-04T05:13:18&quot;,&quot;pizzeriaId&quot;:3},{&quot;id&quot;:6,&quot;name&quot;:&quot;Diavola&quot;,&quot;ingredients&quot;:&quot;Tomato, mozzarella, spicy salami&quot;,&quot;price&quot;:11.80,&quot;size&quot;:&quot;mediu // Output truncated...`

Reproduce with:

    curl -X GET http://host.docker.internal:8080/api/pizzas"/>
			<failure type="failure" message="1. Test Case ID: Ryk3Np

- Response violates schema

    &quot;2026-08-04T05:13:18&quot; is not a &quot;date-time&quot;

    Schema at /properties/createdAt:

        {
            &quot;format&quot;: &quot;date-time&quot;,
            &quot;type&quot;: &quot;string&quot;,
            &quot;description&quot;: &quot;Creation timestamp&quot;,
            &quot;example&quot;: &quot;2026-02-23T10:45:12&quot;
        }

    Value:

        &quot;2026-08-04T05:13:18&quot;

[200] OK:

    `{&quot;id&quot;:3,&quot;name&quot;:&quot;Pepperoni&quot;,&quot;ingredients&quot;:&quot;Tomato, mozzarella, pepperoni&quot;,&quot;price&quot;:11.00,&quot;size&quot;:&quot;large&quot;,&quot;isAvailable&quot;:true,&quot;photoUrl&quot;:&quot;https://images.unsplash.com/photo-1513104890138-7c749659a591&quot;,&quot;createdAt&quot;:&quot;2026-08-04T05:13:18&quot;,&quot;pizzeriaId&quot;:2}`

Reproduce with:

    curl -X GET http://host.docker.internal:8080/api/pizzas
    curl -X GET http://host.docker.internal:8080/api/pizzas/3

2. Test Case ID: SIt1nf

- Response violates schema

    null is not of type &quot;string&quot;

    Schema at /components/schemas/Pizza/properties/photoUrl:

        {
            &quot;type&quot;: &quot;string&quot;,
            &quot;format&quot;: &quot;uri&quot;,
            &quot;description&quot;: &quot;Photo URL&quot;,
            &quot;example&quot;: &quot;https://example.com/pizzas/margherita.jpg&quot;
        }

    Value:

        null

[200] OK:

    `[{&quot;id&quot;:4,&quot;name&quot;:&quot;Quattro Formaggi&quot;,&quot;ingredients&quot;:&quot;Mozzarella, gorgonzola, parmesan, provolone&quot;,&quot;price&quot;:12.40,&quot;size&quot;:&quot;medium&quot;,&quot;isAvailable&quot;:true,&quot;photoUrl&quot;:null,&quot;createdAt&quot;:&quot;2026-08-04T05:13:18&quot;,&quot;pizzeriaId&quot;:2},{&quot;id&quot;:5,&quot;name&quot;:&quot;Vegetariana&quot;,&quot;ingredients&quot;:&quot;Tomato, mozzarella, peppers, onion, olives&quot;,&quot;price&quot;:9.90,&quot;size&quot;:&quot;small&quot;,&quot;isAvailable&quot;:true,&quot;photoUrl&quot;:null,&quot;createdAt&quot;:&quot;2026-08-04T05:13:18&quot;,&quot;pizzeriaId&quot;:3},{&quot;id&quot;:6,&quot;name&quot;:&quot;Diavola&quot;,&quot;ingredients&quot;:&quot;Tomato, mozzarella, spicy salami&quot;,&quot;price&quot;:11.80,&quot;size&quot;:&quot;mediu // Output truncated...`

Reproduce with:

    curl -X GET http://host.docker.internal:8080/api/pizzas"/>
			<failure type="failure" message="1. Test Case ID: Ryk3Np

- Response violates schema

    &quot;2026-08-04T05:13:18&quot; is not a &quot;date-time&quot;

    Schema at /properties/createdAt:

        {
            &quot;format&quot;: &quot;date-time&quot;,
            &quot;type&quot;: &quot;string&quot;,
            &quot;description&quot;: &quot;Creation timestamp&quot;,
            &quot;example&quot;: &quot;2026-02-23T10:45:12&quot;
        }

    Value:

        &quot;2026-08-04T05:13:18&quot;

[200] OK:

    `{&quot;id&quot;:3,&quot;name&quot;:&quot;Pepperoni&quot;,&quot;ingredients&quot;:&quot;Tomato, mozzarella, pepperoni&quot;,&quot;price&quot;:11.00,&quot;size&quot;:&quot;large&quot;,&quot;isAvailable&quot;:true,&quot;photoUrl&quot;:&quot;https://images.unsplash.com/photo-1513104890138-7c749659a591&quot;,&quot;createdAt&quot;:&quot;2026-08-04T05:13:18&quot;,&quot;pizzeriaId&quot;:2}`

Reproduce with:

    curl -X GET http://host.docker.internal:8080/api/pizzas
    curl -X GET http://host.docker.internal:8080/api/pizzas/3

2. Test Case ID: SIt1nf

- Response violates schema

    null is not of type &quot;string&quot;

    Schema at /components/schemas/Pizza/properties/photoUrl:

        {
            &quot;type&quot;: &quot;string&quot;,
            &quot;format&quot;: &quot;uri&quot;,
            &quot;description&quot;: &quot;Photo URL&quot;,
            &quot;example&quot;: &quot;https://example.com/pizzas/margherita.jpg&quot;
        }

    Value:

        null

[200] OK:

    `[{&quot;id&quot;:4,&quot;name&quot;:&quot;Quattro Formaggi&quot;,&quot;ingredients&quot;:&quot;Mozzarella, gorgonzola, parmesan, provolone&quot;,&quot;price&quot;:12.40,&quot;size&quot;:&quot;medium&quot;,&quot;isAvailable&quot;:true,&quot;photoUrl&quot;:null,&quot;createdAt&quot;:&quot;2026-08-04T05:13:18&quot;,&quot;pizzeriaId&quot;:2},{&quot;id&quot;:5,&quot;name&quot;:&quot;Vegetariana&quot;,&quot;ingredients&quot;:&quot;Tomato, mozzarella, peppers, onion, olives&quot;,&quot;price&quot;:9.90,&quot;size&quot;:&quot;small&quot;,&quot;isAvailable&quot;:true,&quot;photoUrl&quot;:null,&quot;createdAt&quot;:&quot;2026-08-04T05:13:18&quot;,&quot;pizzeriaId&quot;:3},{&quot;id&quot;:6,&quot;name&quot;:&quot;Diavola&quot;,&quot;ingredients&quot;:&quot;Tomato, mozzarella, spicy salami&quot;,&quot;price&quot;:11.80,&quot;size&quot;:&quot;mediu // Output truncated...`

Reproduce with:

    curl -X GET http://host.docker.internal:8080/api/pizzas

3. Test Case ID: 5fULhm

- Response violates schema

    null is not of type &quot;string&quot;

    Schema at /components/schemas/Pizzeria/properties/address:

        {
            &quot;type&quot;: &quot;string&quot;,
            &quot;description&quot;: &quot;Street address&quot;,
            &quot;example&quot;: 123
        }

    Value:

        null

[200] OK:

    `[{&quot;id&quot;:3,&quot;name&quot;:&quot;ZAP&quot;,&quot;address&quot;:null,&quot;phone&quot;:null,&quot;createdAt&quot;:&quot;2026-08-04T05:13:18&quot;},{&quot;id&quot;:4,&quot;name&quot;:&quot;ZAP&quot;,&quot;address&quot;:&quot;688 Zaproxy Ridge&quot;,&quot;phone&quot;:&quot;9999999999&quot;,&quot;createdAt&quot;:&quot;2026-08-04T05:14:20&quot;},{&quot;id&quot;:5,&quot;name&quot;:&quot;http://www.google.com/&quot;,&quot;address&quot;:&quot;688 Zaproxy Ridge&quot;,&quot;phone&quot;:&quot;9999999999&quot;,&quot;createdAt&quot;:&quot;2026-08-04T05:14:21&quot;},{&quot;id&quot;:6,&quot;name&quot;:&quot;http://www.google.com:80/&quot;,&quot;address&quot;:&quot;688 Zaproxy Ridge&quot;,&quot;phone&quot;:&quot;9999999999&quot;,&quot;createdAt&quot;:&quot;2026-08-04T05:14:21&quot;},{&quot;id&quot;:7,&quot;name&quot;:&quot;http://www.google.com&quot;,&quot;address&quot;:&quot;688 Zaproxy Rid // Output truncated...`

Reproduce with:

    curl -X GET http://host.docker.internal:8080/api/pizzerias"/>
			<failure type="failure" message="1. Test Case ID: Ryk3Np

- Response violates schema

    &quot;2026-08-04T05:13:18&quot; is not a &quot;date-time&quot;

    Schema at /properties/createdAt:

        {
            &quot;format&quot;: &quot;date-time&quot;,
            &quot;type&quot;: &quot;string&quot;,
            &quot;description&quot;: &quot;Creation timestamp&quot;,
            &quot;example&quot;: &quot;2026-02-23T10:45:12&quot;
        }

    Value:

        &quot;2026-08-04T05:13:18&quot;

[200] OK:

    `{&quot;id&quot;:3,&quot;name&quot;:&quot;Pepperoni&quot;,&quot;ingredients&quot;:&quot;Tomato, mozzarella, pepperoni&quot;,&quot;price&quot;:11.00,&quot;size&quot;:&quot;large&quot;,&quot;isAvailable&quot;:true,&quot;photoUrl&quot;:&quot;https://images.unsplash.com/photo-1513104890138-7c749659a591&quot;,&quot;createdAt&quot;:&quot;2026-08-04T05:13:18&quot;,&quot;pizzeriaId&quot;:2}`

Reproduce with:

    curl -X GET http://host.docker.internal:8080/api/pizzas
    curl -X GET http://host.docker.internal:8080/api/pizzas/3

2. Test Case ID: SIt1nf

- Response violates schema

    null is not of type &quot;string&quot;

    Schema at /components/schemas/Pizza/properties/photoUrl:

        {
            &quot;type&quot;: &quot;string&quot;,
            &quot;format&quot;: &quot;uri&quot;,
            &quot;description&quot;: &quot;Photo URL&quot;,
            &quot;example&quot;: &quot;https://example.com/pizzas/margherita.jpg&quot;
        }

    Value:

        null

[200] OK:

    `[{&quot;id&quot;:4,&quot;name&quot;:&quot;Quattro Formaggi&quot;,&quot;ingredients&quot;:&quot;Mozzarella, gorgonzola, parmesan, provolone&quot;,&quot;price&quot;:12.40,&quot;size&quot;:&quot;medium&quot;,&quot;isAvailable&quot;:true,&quot;photoUrl&quot;:null,&quot;createdAt&quot;:&quot;2026-08-04T05:13:18&quot;,&quot;pizzeriaId&quot;:2},{&quot;id&quot;:5,&quot;name&quot;:&quot;Vegetariana&quot;,&quot;ingredients&quot;:&quot;Tomato, mozzarella, peppers, onion, olives&quot;,&quot;price&quot;:9.90,&quot;size&quot;:&quot;small&quot;,&quot;isAvailable&quot;:true,&quot;photoUrl&quot;:null,&quot;createdAt&quot;:&quot;2026-08-04T05:13:18&quot;,&quot;pizzeriaId&quot;:3},{&quot;id&quot;:6,&quot;name&quot;:&quot;Diavola&quot;,&quot;ingredients&quot;:&quot;Tomato, mozzarella, spicy salami&quot;,&quot;price&quot;:11.80,&quot;size&quot;:&quot;mediu // Output truncated...`

Reproduce with:

    curl -X GET http://host.docker.internal:8080/api/pizzas

3. Test Case ID: 5fULhm

- Response violates schema

    null is not of type &quot;string&quot;

    Schema at /components/schemas/Pizzeria/properties/address:

        {
            &quot;type&quot;: &quot;string&quot;,
            &quot;description&quot;: &quot;Street address&quot;,
            &quot;example&quot;: 123
        }

    Value:

        null

[200] OK:

    `[{&quot;id&quot;:3,&quot;name&quot;:&quot;ZAP&quot;,&quot;address&quot;:null,&quot;phone&quot;:null,&quot;createdAt&quot;:&quot;2026-08-04T05:13:18&quot;},{&quot;id&quot;:4,&quot;name&quot;:&quot;ZAP&quot;,&quot;address&quot;:&quot;688 Zaproxy Ridge&quot;,&quot;phone&quot;:&quot;9999999999&quot;,&quot;createdAt&quot;:&quot;2026-08-04T05:14:20&quot;},{&quot;id&quot;:5,&quot;name&quot;:&quot;http://www.google.com/&quot;,&quot;address&quot;:&quot;688 Zaproxy Ridge&quot;,&quot;phone&quot;:&quot;9999999999&quot;,&quot;createdAt&quot;:&quot;2026-08-04T05:14:21&quot;},{&quot;id&quot;:6,&quot;name&quot;:&quot;http://www.google.com:80/&quot;,&quot;address&quot;:&quot;688 Zaproxy Ridge&quot;,&quot;phone&quot;:&quot;9999999999&quot;,&quot;createdAt&quot;:&quot;2026-08-04T05:14:21&quot;},{&quot;id&quot;:7,&quot;name&quot;:&quot;http://www.google.com&quot;,&quot;address&quot;:&quot;688 Zaproxy Rid // Output truncated...`

Reproduce with:

    curl -X GET http://host.docker.internal:8080/api/pizzerias"/>
			<failure type="failure" message="1. Test Case ID: Ryk3Np

- Response violates schema

    &quot;2026-08-04T05:13:18&quot; is not a &quot;date-time&quot;

    Schema at /properties/createdAt:

        {
            &quot;format&quot;: &quot;date-time&quot;,
            &quot;type&quot;: &quot;string&quot;,
            &quot;description&quot;: &quot;Creation timestamp&quot;,
            &quot;example&quot;: &quot;2026-02-23T10:45:12&quot;
        }

    Value:

        &quot;2026-08-04T05:13:18&quot;

[200] OK:

    `{&quot;id&quot;:3,&quot;name&quot;:&quot;Pepperoni&quot;,&quot;ingredients&quot;:&quot;Tomato, mozzarella, pepperoni&quot;,&quot;price&quot;:11.00,&quot;size&quot;:&quot;large&quot;,&quot;isAvailable&quot;:true,&quot;photoUrl&quot;:&quot;https://images.unsplash.com/photo-1513104890138-7c749659a591&quot;,&quot;createdAt&quot;:&quot;2026-08-04T05:13:18&quot;,&quot;pizzeriaId&quot;:2}`

Reproduce with:

    curl -X GET http://host.docker.internal:8080/api/pizzas
    curl -X GET http://host.docker.internal:8080/api/pizzas/3

2. Test Case ID: SIt1nf

- Response violates schema

    null is not of type &quot;string&quot;

    Schema at /components/schemas/Pizza/properties/photoUrl:

        {
            &quot;type&quot;: &quot;string&quot;,
            &quot;format&quot;: &quot;uri&quot;,
            &quot;description&quot;: &quot;Photo URL&quot;,
            &quot;example&quot;: &quot;https://example.com/pizzas/margherita.jpg&quot;
        }

    Value:

        null

[200] OK:

    `[{&quot;id&quot;:4,&quot;name&quot;:&quot;Quattro Formaggi&quot;,&quot;ingredients&quot;:&quot;Mozzarella, gorgonzola, parmesan, provolone&quot;,&quot;price&quot;:12.40,&quot;size&quot;:&quot;medium&quot;,&quot;isAvailable&quot;:true,&quot;photoUrl&quot;:null,&quot;createdAt&quot;:&quot;2026-08-04T05:13:18&quot;,&quot;pizzeriaId&quot;:2},{&quot;id&quot;:5,&quot;name&quot;:&quot;Vegetariana&quot;,&quot;ingredients&quot;:&quot;Tomato, mozzarella, peppers, onion, olives&quot;,&quot;price&quot;:9.90,&quot;size&quot;:&quot;small&quot;,&quot;isAvailable&quot;:true,&quot;photoUrl&quot;:null,&quot;createdAt&quot;:&quot;2026-08-04T05:13:18&quot;,&quot;pizzeriaId&quot;:3},{&quot;id&quot;:6,&quot;name&quot;:&quot;Diavola&quot;,&quot;ingredients&quot;:&quot;Tomato, mozzarella, spicy salami&quot;,&quot;price&quot;:11.80,&quot;size&quot;:&quot;mediu // Output truncated...`

Reproduce with:

    curl -X GET http://host.docker.internal:8080/api/pizzas

3. Test Case ID: 5fULhm

- Response violates schema

    null is not of type &quot;string&quot;

    Schema at /components/schemas/Pizzeria/properties/address:

        {
            &quot;type&quot;: &quot;string&quot;,
            &quot;description&quot;: &quot;Street address&quot;,
            &quot;example&quot;: 123
        }

    Value:

        null

[200] OK:

    `[{&quot;id&quot;:3,&quot;name&quot;:&quot;ZAP&quot;,&quot;address&quot;:null,&quot;phone&quot;:null,&quot;createdAt&quot;:&quot;2026-08-04T05:13:18&quot;},{&quot;id&quot;:4,&quot;name&quot;:&quot;ZAP&quot;,&quot;address&quot;:&quot;688 Zaproxy Ridge&quot;,&quot;phone&quot;:&quot;9999999999&quot;,&quot;createdAt&quot;:&quot;2026-08-04T05:14:20&quot;},{&quot;id&quot;:5,&quot;name&quot;:&quot;http://www.google.com/&quot;,&quot;address&quot;:&quot;688 Zaproxy Ridge&quot;,&quot;phone&quot;:&quot;9999999999&quot;,&quot;createdAt&quot;:&quot;2026-08-04T05:14:21&quot;},{&quot;id&quot;:6,&quot;name&quot;:&quot;http://www.google.com:80/&quot;,&quot;address&quot;:&quot;688 Zaproxy Ridge&quot;,&quot;phone&quot;:&quot;9999999999&quot;,&quot;createdAt&quot;:&quot;2026-08-04T05:14:21&quot;},{&quot;id&quot;:7,&quot;name&quot;:&quot;http://www.google.com&quot;,&quot;address&quot;:&quot;688 Zaproxy Rid // Output truncated...`

Reproduce with:

    curl -X GET http://host.docker.internal:8080/api/pizzerias"/>
			<failure type="failure" message="1. Test Case ID: Ryk3Np

- Response violates schema

    &quot;2026-08-04T05:13:18&quot; is not a &quot;date-time&quot;

    Schema at /properties/createdAt:

        {
            &quot;format&quot;: &quot;date-time&quot;,
            &quot;type&quot;: &quot;string&quot;,
            &quot;description&quot;: &quot;Creation timestamp&quot;,
            &quot;example&quot;: &quot;2026-02-23T10:45:12&quot;
        }

    Value:

        &quot;2026-08-04T05:13:18&quot;

[200] OK:

    `{&quot;id&quot;:3,&quot;name&quot;:&quot;Pepperoni&quot;,&quot;ingredients&quot;:&quot;Tomato, mozzarella, pepperoni&quot;,&quot;price&quot;:11.00,&quot;size&quot;:&quot;large&quot;,&quot;isAvailable&quot;:true,&quot;photoUrl&quot;:&quot;https://images.unsplash.com/photo-1513104890138-7c749659a591&quot;,&quot;createdAt&quot;:&quot;2026-08-04T05:13:18&quot;,&quot;pizzeriaId&quot;:2}`

Reproduce with:

    curl -X GET http://host.docker.internal:8080/api/pizzas
    curl -X GET http://host.docker.internal:8080/api/pizzas/3

2. Test Case ID: SIt1nf

- Response violates schema

    null is not of type &quot;string&quot;

    Schema at /components/schemas/Pizza/properties/photoUrl:

        {
            &quot;type&quot;: &quot;string&quot;,
            &quot;format&quot;: &quot;uri&quot;,
            &quot;description&quot;: &quot;Photo URL&quot;,
            &quot;example&quot;: &quot;https://example.com/pizzas/margherita.jpg&quot;
        }

    Value:

        null

[200] OK:

    `[{&quot;id&quot;:4,&quot;name&quot;:&quot;Quattro Formaggi&quot;,&quot;ingredients&quot;:&quot;Mozzarella, gorgonzola, parmesan, provolone&quot;,&quot;price&quot;:12.40,&quot;size&quot;:&quot;medium&quot;,&quot;isAvailable&quot;:true,&quot;photoUrl&quot;:null,&quot;createdAt&quot;:&quot;2026-08-04T05:13:18&quot;,&quot;pizzeriaId&quot;:2},{&quot;id&quot;:5,&quot;name&quot;:&quot;Vegetariana&quot;,&quot;ingredients&quot;:&quot;Tomato, mozzarella, peppers, onion, olives&quot;,&quot;price&quot;:9.90,&quot;size&quot;:&quot;small&quot;,&quot;isAvailable&quot;:true,&quot;photoUrl&quot;:null,&quot;createdAt&quot;:&quot;2026-08-04T05:13:18&quot;,&quot;pizzeriaId&quot;:3},{&quot;id&quot;:6,&quot;name&quot;:&quot;Diavola&quot;,&quot;ingredients&quot;:&quot;Tomato, mozzarella, spicy salami&quot;,&quot;price&quot;:11.80,&quot;size&quot;:&quot;mediu // Output truncated...`

Reproduce with:

    curl -X GET http://host.docker.internal:8080/api/pizzas

3. Test Case ID: 5fULhm

- Response violates schema

    null is not of type &quot;string&quot;

    Schema at /components/schemas/Pizzeria/properties/address:

        {
            &quot;type&quot;: &quot;string&quot;,
            &quot;description&quot;: &quot;Street address&quot;,
            &quot;example&quot;: 123
        }

    Value:

        null

[200] OK:

    `[{&quot;id&quot;:3,&quot;name&quot;:&quot;ZAP&quot;,&quot;address&quot;:null,&quot;phone&quot;:null,&quot;createdAt&quot;:&quot;2026-08-04T05:13:18&quot;},{&quot;id&quot;:4,&quot;name&quot;:&quot;ZAP&quot;,&quot;address&quot;:&quot;688 Zaproxy Ridge&quot;,&quot;phone&quot;:&quot;9999999999&quot;,&quot;createdAt&quot;:&quot;2026-08-04T05:14:20&quot;},{&quot;id&quot;:5,&quot;name&quot;:&quot;http://www.google.com/&quot;,&quot;address&quot;:&quot;688 Zaproxy Ridge&quot;,&quot;phone&quot;:&quot;9999999999&quot;,&quot;createdAt&quot;:&quot;2026-08-04T05:14:21&quot;},{&quot;id&quot;:6,&quot;name&quot;:&quot;http://www.google.com:80/&quot;,&quot;address&quot;:&quot;688 Zaproxy Ridge&quot;,&quot;phone&quot;:&quot;9999999999&quot;,&quot;createdAt&quot;:&quot;2026-08-04T05:14:21&quot;},{&quot;id&quot;:7,&quot;name&quot;:&quot;http://www.google.com&quot;,&quot;address&quot;:&quot;688 Zaproxy Rid // Output truncated...`

Reproduce with:

    curl -X GET http://host.docker.internal:8080/api/pizzerias"/>
			<failure type="failure" message="1. Test Case ID: Ryk3Np

- Response violates schema

    &quot;2026-08-04T05:13:18&quot; is not a &quot;date-time&quot;

    Schema at /properties/createdAt:

        {
            &quot;format&quot;: &quot;date-time&quot;,
            &quot;type&quot;: &quot;string&quot;,
            &quot;description&quot;: &quot;Creation timestamp&quot;,
            &quot;example&quot;: &quot;2026-02-23T10:45:12&quot;
        }

    Value:

        &quot;2026-08-04T05:13:18&quot;

[200] OK:

    `{&quot;id&quot;:3,&quot;name&quot;:&quot;Pepperoni&quot;,&quot;ingredients&quot;:&quot;Tomato, mozzarella, pepperoni&quot;,&quot;price&quot;:11.00,&quot;size&quot;:&quot;large&quot;,&quot;isAvailable&quot;:true,&quot;photoUrl&quot;:&quot;https://images.unsplash.com/photo-1513104890138-7c749659a591&quot;,&quot;createdAt&quot;:&quot;2026-08-04T05:13:18&quot;,&quot;pizzeriaId&quot;:2}`

Reproduce with:

    curl -X GET http://host.docker.internal:8080/api/pizzas
    curl -X GET http://host.docker.internal:8080/api/pizzas/3

2. Test Case ID: SIt1nf

- Response violates schema

    null is not of type &quot;string&quot;

    Schema at /components/schemas/Pizza/properties/photoUrl:

        {
            &quot;type&quot;: &quot;string&quot;,
            &quot;format&quot;: &quot;uri&quot;,
            &quot;description&quot;: &quot;Photo URL&quot;,
            &quot;example&quot;: &quot;https://example.com/pizzas/margherita.jpg&quot;
        }

    Value:

        null

[200] OK:

    `[{&quot;id&quot;:4,&quot;name&quot;:&quot;Quattro Formaggi&quot;,&quot;ingredients&quot;:&quot;Mozzarella, gorgonzola, parmesan, provolone&quot;,&quot;price&quot;:12.40,&quot;size&quot;:&quot;medium&quot;,&quot;isAvailable&quot;:true,&quot;photoUrl&quot;:null,&quot;createdAt&quot;:&quot;2026-08-04T05:13:18&quot;,&quot;pizzeriaId&quot;:2},{&quot;id&quot;:5,&quot;name&quot;:&quot;Vegetariana&quot;,&quot;ingredients&quot;:&quot;Tomato, mozzarella, peppers, onion, olives&quot;,&quot;price&quot;:9.90,&quot;size&quot;:&quot;small&quot;,&quot;isAvailable&quot;:true,&quot;photoUrl&quot;:null,&quot;createdAt&quot;:&quot;2026-08-04T05:13:18&quot;,&quot;pizzeriaId&quot;:3},{&quot;id&quot;:6,&quot;name&quot;:&quot;Diavola&quot;,&quot;ingredients&quot;:&quot;Tomato, mozzarella, spicy salami&quot;,&quot;price&quot;:11.80,&quot;size&quot;:&quot;mediu // Output truncated...`

Reproduce with:

    curl -X GET http://host.docker.internal:8080/api/pizzas

3. Test Case ID: 5fULhm

- Response violates schema

    null is not of type &quot;string&quot;

    Schema at /components/schemas/Pizzeria/properties/address:

        {
            &quot;type&quot;: &quot;string&quot;,
            &quot;description&quot;: &quot;Street address&quot;,
            &quot;example&quot;: 123
        }

    Value:

        null

[200] OK:

    `[{&quot;id&quot;:3,&quot;name&quot;:&quot;ZAP&quot;,&quot;address&quot;:null,&quot;phone&quot;:null,&quot;createdAt&quot;:&quot;2026-08-04T05:13:18&quot;},{&quot;id&quot;:4,&quot;name&quot;:&quot;ZAP&quot;,&quot;address&quot;:&quot;688 Zaproxy Ridge&quot;,&quot;phone&quot;:&quot;9999999999&quot;,&quot;createdAt&quot;:&quot;2026-08-04T05:14:20&quot;},{&quot;id&quot;:5,&quot;name&quot;:&quot;http://www.google.com/&quot;,&quot;address&quot;:&quot;688 Zaproxy Ridge&quot;,&quot;phone&quot;:&quot;9999999999&quot;,&quot;createdAt&quot;:&quot;2026-08-04T05:14:21&quot;},{&quot;id&quot;:6,&quot;name&quot;:&quot;http://www.google.com:80/&quot;,&quot;address&quot;:&quot;688 Zaproxy Ridge&quot;,&quot;phone&quot;:&quot;9999999999&quot;,&quot;createdAt&quot;:&quot;2026-08-04T05:14:21&quot;},{&quot;id&quot;:7,&quot;name&quot;:&quot;http://www.google.com&quot;,&quot;address&quot;:&quot;688 Zaproxy Rid // Output truncated...`

Reproduce with:

    curl -X GET http://host.docker.internal:8080/api/pizzerias"/>
[...]
			<failure type="failure" message="1. Test Case ID: Ryk3Np

- Response violates schema

    &quot;2026-08-04T05:13:18&quot; is not a &quot;date-time&quot;

    Schema at /properties/createdAt:

        {
            &quot;format&quot;: &quot;date-time&quot;,
            &quot;type&quot;: &quot;string&quot;,
            &quot;description&quot;: &quot;Creation timestamp&quot;,
            &quot;example&quot;: &quot;2026-02-23T10:45:12&quot;
        }

    Value:

        &quot;2026-08-04T05:13:18&quot;

[200] OK:

    `{&quot;id&quot;:3,&quot;name&quot;:&quot;Pepperoni&quot;,&quot;ingredients&quot;:&quot;Tomato, mozzarella, pepperoni&quot;,&quot;price&quot;:11.00,&quot;size&quot;:&quot;large&quot;,&quot;isAvailable&quot;:true,&quot;photoUrl&quot;:&quot;https://images.unsplash.com/photo-1513104890138-7c749659a591&quot;,&quot;createdAt&quot;:&quot;2026-08-04T05:13:18&quot;,&quot;pizzeriaId&quot;:2}`

Reproduce with:

    curl -X GET http://host.docker.internal:8080/api/pizzas
    curl -X GET http://host.docker.internal:8080/api/pizzas/3

2. Test Case ID: SIt1nf

- Response violates schema

    null is not of type &quot;string&quot;

    Schema at /components/schemas/Pizza/properties/photoUrl:

        {
            &quot;type&quot;: &quot;string&quot;,
            &quot;format&quot;: &quot;uri&quot;,
            &quot;description&quot;: &quot;Photo URL&quot;,
            &quot;example&quot;: &quot;https://example.com/pizzas/margherita.jpg&quot;
        }

    Value:

        null

[200] OK:

    `[{&quot;id&quot;:4,&quot;name&quot;:&quot;Quattro Formaggi&quot;,&quot;ingredients&quot;:&quot;Mozzarella, gorgonzola, parmesan, provolone&quot;,&quot;price&quot;:12.40,&quot;size&quot;:&quot;medium&quot;,&quot;isAvailable&quot;:true,&quot;photoUrl&quot;:null,&quot;createdAt&quot;:&quot;2026-08-04T05:13:18&quot;,&quot;pizzeriaId&quot;:2},{&quot;id&quot;:5,&quot;name&quot;:&quot;Vegetariana&quot;,&quot;ingredients&quot;:&quot;Tomato, mozzarella, peppers, onion, olives&quot;,&quot;price&quot;:9.90,&quot;size&quot;:&quot;small&quot;,&quot;isAvailable&quot;:true,&quot;photoUrl&quot;:null,&quot;createdAt&quot;:&quot;2026-08-04T05:13:18&quot;,&quot;pizzeriaId&quot;:3},{&quot;id&quot;:6,&quot;name&quot;:&quot;Diavola&quot;,&quot;ingredients&quot;:&quot;Tomato, mozzarella, spicy salami&quot;,&quot;price&quot;:11.80,&quot;size&quot;:&quot;mediu // Output truncated...`

Reproduce with:

    curl -X GET http://host.docker.internal:8080/api/pizzas

3. Test Case ID: 5fULhm

- Response violates schema

    null is not of type &quot;string&quot;

    Schema at /components/schemas/Pizzeria/properties/address:

        {
            &quot;type&quot;: &quot;string&quot;,
            &quot;description&quot;: &quot;Street address&quot;,
            &quot;example&quot;: 123
        }

    Value:

        null

[200] OK:

    `[{&quot;id&quot;:3,&quot;name&quot;:&quot;ZAP&quot;,&quot;address&quot;:null,&quot;phone&quot;:null,&quot;createdAt&quot;:&quot;2026-08-04T05:13:18&quot;},{&quot;id&quot;:4,&quot;name&quot;:&quot;ZAP&quot;,&quot;address&quot;:&quot;688 Zaproxy Ridge&quot;,&quot;phone&quot;:&quot;9999999999&quot;,&quot;createdAt&quot;:&quot;2026-08-04T05:14:20&quot;},{&quot;id&quot;:5,&quot;name&quot;:&quot;http://www.google.com/&quot;,&quot;address&quot;:&quot;688 Zaproxy Ridge&quot;,&quot;phone&quot;:&quot;9999999999&quot;,&quot;createdAt&quot;:&quot;2026-08-04T05:14:21&quot;},{&quot;id&quot;:6,&quot;name&quot;:&quot;http://www.google.com:80/&quot;,&quot;address&quot;:&quot;688 Zaproxy Ridge&quot;,&quot;phone&quot;:&quot;9999999999&quot;,&quot;createdAt&quot;:&quot;2026-08-04T05:14:21&quot;},{&quot;id&quot;:7,&quot;name&quot;:&quot;http://www.google.com&quot;,&quot;address&quot;:&quot;688 Zaproxy Rid // Output truncated...`

Reproduce with:

    curl -X GET http://host.docker.internal:8080/api/pizzerias

4. Test Case ID: DlJQtF

- API rejected schema-compliant request

    Valid data should have been accepted
    Expected: 2xx, 401, 403, 404, 409, 5xx

[400] Bad Request:

    `{&quot;timestamp&quot;:&quot;2026-08-04T05:17:34.015Z&quot;,&quot;status&quot;:400,&quot;error&quot;:&quot;Bad Request&quot;,&quot;path&quot;:&quot;/api/pizzas/1027164301003859296256&quot;}`

Reproduce with:

    curl -X GET 'http://host.docker.internal:8080/api/pizzas?pizzeriaId=-187'
    curl -X GET http://host.docker.internal:8080/api/pizzas/1027164301003859296256

5. Test Case ID: rqVjsL

- Response violates schema

    null is not of type &quot;string&quot;

    Schema at /components/schemas/Pizzeria/properties/phone:

        {
            &quot;type&quot;: &quot;string&quot;,
            &quot;description&quot;: &quot;Contact phone number&quot;,
            &quot;example&quot;: &quot;+351912345678&quot;
        }

    Value:

        null

[200] OK:

    `[{&quot;id&quot;:47,&quot;name&quot;:&quot;ZAP&quot;,&quot;address&quot;:&quot;÷&quot;,&quot;phone&quot;:null,&quot;createdAt&quot;:&quot;2026-08-04T05:14:23&quot;},{&quot;id&quot;:48,&quot;name&quot;:&quot;ZAP'(&quot;,&quot;address&quot;:&quot;±𪿦¾Ô&quot;,&quot;phone&quot;:null,&quot;createdAt&quot;:&quot;2026-08-04T05:14:23&quot;},{&quot;id&quot;:49,&quot;name&quot;:&quot;ZAP&quot;,&quot;address&quot;:&quot;https://\\8138326420901376243.owasp.org&quot;,&quot;phone&quot;:&quot;9999999999&quot;,&quot;createdAt&quot;:&quot;2026-08-04T05:14:23&quot;},{&quot;id&quot;:50,&quot;name&quot;:&quot;${@print(chr(122).chr(97).chr(112).chr(95).chr(116).chr(111).chr(107).chr(101).chr(110))}\\&quot;,&quot;address&quot;:&quot;J0½\\񱰲&quot;,&quot;phone&quot;:&quot;÷&quot;,&quot;createdAt&quot;:&quot;2026-08-04T05:14:23&quot;},{&quot;id&quot;:51,&quot;name&quot;:&quot;ZAP'(&quot;,&quot;addres // Output truncated...`

Reproduce with:

    curl -X GET http://host.docker.internal:8080/api/pizzerias

6. Test Case ID: gWmCjP

- API rejected schema-compliant request

    Valid data should have been accepted
    Expected: 2xx, 401, 403, 404, 409, 5xx

[400] Bad Request:

    `{&quot;timestamp&quot;:&quot;2026-08-04T05:17:50.511Z&quot;,&quot;status&quot;:400,&quot;error&quot;:&quot;Bad Request&quot;,&quot;path&quot;:&quot;/api/pizzas&quot;}`

Reproduce with:

    curl -X GET 'http://host.docker.internal:8080/api/pizzas?pizzeriaId=48700824454647943004160'"/>
			<failure type="failure" message="1. Test Case ID: Ryk3Np

- Response violates schema

    &quot;2026-08-04T05:13:18&quot; is not a &quot;date-time&quot;

    Schema at /properties/createdAt:

        {
            &quot;format&quot;: &quot;date-time&quot;,
            &quot;type&quot;: &quot;string&quot;,
            &quot;description&quot;: &quot;Creation timestamp&quot;,
            &quot;example&quot;: &quot;2026-02-23T10:45:12&quot;
        }

    Value:

        &quot;2026-08-04T05:13:18&quot;

[200] OK:

    `{&quot;id&quot;:3,&quot;name&quot;:&quot;Pepperoni&quot;,&quot;ingredients&quot;:&quot;Tomato, mozzarella, pepperoni&quot;,&quot;price&quot;:11.00,&quot;size&quot;:&quot;large&quot;,&quot;isAvailable&quot;:true,&quot;photoUrl&quot;:&quot;https://images.unsplash.com/photo-1513104890138-7c749659a591&quot;,&quot;createdAt&quot;:&quot;2026-08-04T05:13:18&quot;,&quot;pizzeriaId&quot;:2}`

Reproduce with:

    curl -X GET http://host.docker.internal:8080/api/pizzas
    curl -X GET http://host.docker.internal:8080/api/pizzas/3

2. Test Case ID: SIt1nf

- Response violates schema

    null is not of type &quot;string&quot;

    Schema at /components/schemas/Pizza/properties/photoUrl:

        {
            &quot;type&quot;: &quot;string&quot;,
            &quot;format&quot;: &quot;uri&quot;,
            &quot;description&quot;: &quot;Photo URL&quot;,
            &quot;example&quot;: &quot;https://example.com/pizzas/margherita.jpg&quot;
        }

    Value:

        null

[200] OK:

    `[{&quot;id&quot;:4,&quot;name&quot;:&quot;Quattro Formaggi&quot;,&quot;ingredients&quot;:&quot;Mozzarella, gorgonzola, parmesan, provolone&quot;,&quot;price&quot;:12.40,&quot;size&quot;:&quot;medium&quot;,&quot;isAvailable&quot;:true,&quot;photoUrl&quot;:null,&quot;createdAt&quot;:&quot;2026-08-04T05:13:18&quot;,&quot;pizzeriaId&quot;:2},{&quot;id&quot;:5,&quot;name&quot;:&quot;Vegetariana&quot;,&quot;ingredients&quot;:&quot;Tomato, mozzarella, peppers, onion, olives&quot;,&quot;price&quot;:9.90,&quot;size&quot;:&quot;small&quot;,&quot;isAvailable&quot;:true,&quot;photoUrl&quot;:null,&quot;createdAt&quot;:&quot;2026-08-04T05:13:18&quot;,&quot;pizzeriaId&quot;:3},{&quot;id&quot;:6,&quot;name&quot;:&quot;Diavola&quot;,&quot;ingredients&quot;:&quot;Tomato, mozzarella, spicy salami&quot;,&quot;price&quot;:11.80,&quot;size&quot;:&quot;mediu // Output truncated...`

Reproduce with:

    curl -X GET http://host.docker.internal:8080/api/pizzas

3. Test Case ID: 5fULhm

- Response violates schema

    null is not of type &quot;string&quot;

    Schema at /components/schemas/Pizzeria/properties/address:

        {
            &quot;type&quot;: &quot;string&quot;,
            &quot;description&quot;: &quot;Street address&quot;,
            &quot;example&quot;: 123
        }

    Value:

        null

[200] OK:

    `[{&quot;id&quot;:3,&quot;name&quot;:&quot;ZAP&quot;,&quot;address&quot;:null,&quot;phone&quot;:null,&quot;createdAt&quot;:&quot;2026-08-04T05:13:18&quot;},{&quot;id&quot;:4,&quot;name&quot;:&quot;ZAP&quot;,&quot;address&quot;:&quot;688 Zaproxy Ridge&quot;,&quot;phone&quot;:&quot;9999999999&quot;,&quot;createdAt&quot;:&quot;2026-08-04T05:14:20&quot;},{&quot;id&quot;:5,&quot;name&quot;:&quot;http://www.google.com/&quot;,&quot;address&quot;:&quot;688 Zaproxy Ridge&quot;,&quot;phone&quot;:&quot;9999999999&quot;,&quot;createdAt&quot;:&quot;2026-08-04T05:14:21&quot;},{&quot;id&quot;:6,&quot;name&quot;:&quot;http://www.google.com:80/&quot;,&quot;address&quot;:&quot;688 Zaproxy Ridge&quot;,&quot;phone&quot;:&quot;9999999999&quot;,&quot;createdAt&quot;:&quot;2026-08-04T05:14:21&quot;},{&quot;id&quot;:7,&quot;name&quot;:&quot;http://www.google.com&quot;,&quot;address&quot;:&quot;688 Zaproxy Rid // Output truncated...`

Reproduce with:

    curl -X GET http://host.docker.internal:8080/api/pizzerias

4. Test Case ID: DlJQtF

- API rejected schema-compliant request

    Valid data should have been accepted
    Expected: 2xx, 401, 403, 404, 409, 5xx

[400] Bad Request:

    `{&quot;timestamp&quot;:&quot;2026-08-04T05:17:34.015Z&quot;,&quot;status&quot;:400,&quot;error&quot;:&quot;Bad Request&quot;,&quot;path&quot;:&quot;/api/pizzas/1027164301003859296256&quot;}`

Reproduce with:

    curl -X GET 'http://host.docker.internal:8080/api/pizzas?pizzeriaId=-187'
    curl -X GET http://host.docker.internal:8080/api/pizzas/1027164301003859296256

5. Test Case ID: rqVjsL

- Response violates schema

    null is not of type &quot;string&quot;

    Schema at /components/schemas/Pizzeria/properties/phone:

        {
            &quot;type&quot;: &quot;string&quot;,
            &quot;description&quot;: &quot;Contact phone number&quot;,
            &quot;example&quot;: &quot;+351912345678&quot;
        }

    Value:

        null

[200] OK:

    `[{&quot;id&quot;:47,&quot;name&quot;:&quot;ZAP&quot;,&quot;address&quot;:&quot;÷&quot;,&quot;phone&quot;:null,&quot;createdAt&quot;:&quot;2026-08-04T05:14:23&quot;},{&quot;id&quot;:48,&quot;name&quot;:&quot;ZAP'(&quot;,&quot;address&quot;:&quot;±𪿦¾Ô&quot;,&quot;phone&quot;:null,&quot;createdAt&quot;:&quot;2026-08-04T05:14:23&quot;},{&quot;id&quot;:49,&quot;name&quot;:&quot;ZAP&quot;,&quot;address&quot;:&quot;https://\\8138326420901376243.owasp.org&quot;,&quot;phone&quot;:&quot;9999999999&quot;,&quot;createdAt&quot;:&quot;2026-08-04T05:14:23&quot;},{&quot;id&quot;:50,&quot;name&quot;:&quot;${@print(chr(122).chr(97).chr(112).chr(95).chr(116).chr(111).chr(107).chr(101).chr(110))}\\&quot;,&quot;address&quot;:&quot;J0½\\񱰲&quot;,&quot;phone&quot;:&quot;÷&quot;,&quot;createdAt&quot;:&quot;2026-08-04T05:14:23&quot;},{&quot;id&quot;:51,&quot;name&quot;:&quot;ZAP'(&quot;,&quot;addres // Output truncated...`

Reproduce with:

    curl -X GET http://host.docker.internal:8080/api/pizzerias

6. Test Case ID: gWmCjP

- API rejected schema-compliant request

    Valid data should have been accepted
    Expected: 2xx, 401, 403, 404, 409, 5xx

[400] Bad Request:

    `{&quot;timestamp&quot;:&quot;2026-08-04T05:17:50.511Z&quot;,&quot;status&quot;:400,&quot;error&quot;:&quot;Bad Request&quot;,&quot;path&quot;:&quot;/api/pizzas&quot;}`

Reproduce with:

    curl -X GET 'http://host.docker.internal:8080/api/pizzas?pizzeriaId=48700824454647943004160'

7. Test Case ID: cjLTJM

- API rejected schema-compliant request

    Valid data should have been accepted
    Expected: 2xx, 401, 403, 404, 409, 5xx

[400] Bad Request:

    `{&quot;timestamp&quot;:&quot;2026-08-04T05:18:51.356Z&quot;,&quot;status&quot;:400,&quot;error&quot;:&quot;Bad Request&quot;,&quot;path&quot;:&quot;/api/pizzas/542749037305623964000731730542592&quot;}`

Reproduce with:

    curl -X GET 'http://host.docker.internal:8080/api/pizzas?pizzeriaId=7815970'
    curl -X DELETE http://host.docker.internal:8080/api/pizzas/542749037305623964000731730542592"/>
			<failure type="failure" message="1. Test Case ID: Ryk3Np

- Response violates schema

    &quot;2026-08-04T05:13:18&quot; is not a &quot;date-time&quot;

    Schema at /properties/createdAt:

        {
            &quot;format&quot;: &quot;date-time&quot;,
            &quot;type&quot;: &quot;string&quot;,
            &quot;description&quot;: &quot;Creation timestamp&quot;,
            &quot;example&quot;: &quot;2026-02-23T10:45:12&quot;
        }

    Value:

        &quot;2026-08-04T05:13:18&quot;

[200] OK:

    `{&quot;id&quot;:3,&quot;name&quot;:&quot;Pepperoni&quot;,&quot;ingredients&quot;:&quot;Tomato, mozzarella, pepperoni&quot;,&quot;price&quot;:11.00,&quot;size&quot;:&quot;large&quot;,&quot;isAvailable&quot;:true,&quot;photoUrl&quot;:&quot;https://images.unsplash.com/photo-1513104890138-7c749659a591&quot;,&quot;createdAt&quot;:&quot;2026-08-04T05:13:18&quot;,&quot;pizzeriaId&quot;:2}`

Reproduce with:

    curl -X GET http://host.docker.internal:8080/api/pizzas
    curl -X GET http://host.docker.internal:8080/api/pizzas/3

2. Test Case ID: SIt1nf

- Response violates schema

    null is not of type &quot;string&quot;

    Schema at /components/schemas/Pizza/properties/photoUrl:

        {
            &quot;type&quot;: &quot;string&quot;,
            &quot;format&quot;: &quot;uri&quot;,
            &quot;description&quot;: &quot;Photo URL&quot;,
            &quot;example&quot;: &quot;https://example.com/pizzas/margherita.jpg&quot;
        }

    Value:

        null

[200] OK:

    `[{&quot;id&quot;:4,&quot;name&quot;:&quot;Quattro Formaggi&quot;,&quot;ingredients&quot;:&quot;Mozzarella, gorgonzola, parmesan, provolone&quot;,&quot;price&quot;:12.40,&quot;size&quot;:&quot;medium&quot;,&quot;isAvailable&quot;:true,&quot;photoUrl&quot;:null,&quot;createdAt&quot;:&quot;2026-08-04T05:13:18&quot;,&quot;pizzeriaId&quot;:2},{&quot;id&quot;:5,&quot;name&quot;:&quot;Vegetariana&quot;,&quot;ingredients&quot;:&quot;Tomato, mozzarella, peppers, onion, olives&quot;,&quot;price&quot;:9.90,&quot;size&quot;:&quot;small&quot;,&quot;isAvailable&quot;:true,&quot;photoUrl&quot;:null,&quot;createdAt&quot;:&quot;2026-08-04T05:13:18&quot;,&quot;pizzeriaId&quot;:3},{&quot;id&quot;:6,&quot;name&quot;:&quot;Diavola&quot;,&quot;ingredients&quot;:&quot;Tomato, mozzarella, spicy salami&quot;,&quot;price&quot;:11.80,&quot;size&quot;:&quot;mediu // Output truncated...`

Reproduce with:

    curl -X GET http://host.docker.internal:8080/api/pizzas

3. Test Case ID: 5fULhm

- Response violates schema

    null is not of type &quot;string&quot;

    Schema at /components/schemas/Pizzeria/properties/address:

        {
            &quot;type&quot;: &quot;string&quot;,
            &quot;description&quot;: &quot;Street address&quot;,
            &quot;example&quot;: 123
        }

    Value:

        null

[200] OK:

    `[{&quot;id&quot;:3,&quot;name&quot;:&quot;ZAP&quot;,&quot;address&quot;:null,&quot;phone&quot;:null,&quot;createdAt&quot;:&quot;2026-08-04T05:13:18&quot;},{&quot;id&quot;:4,&quot;name&quot;:&quot;ZAP&quot;,&quot;address&quot;:&quot;688 Zaproxy Ridge&quot;,&quot;phone&quot;:&quot;9999999999&quot;,&quot;createdAt&quot;:&quot;2026-08-04T05:14:20&quot;},{&quot;id&quot;:5,&quot;name&quot;:&quot;http://www.google.com/&quot;,&quot;address&quot;:&quot;688 Zaproxy Ridge&quot;,&quot;phone&quot;:&quot;9999999999&quot;,&quot;createdAt&quot;:&quot;2026-08-04T05:14:21&quot;},{&quot;id&quot;:6,&quot;name&quot;:&quot;http://www.google.com:80/&quot;,&quot;address&quot;:&quot;688 Zaproxy Ridge&quot;,&quot;phone&quot;:&quot;9999999999&quot;,&quot;createdAt&quot;:&quot;2026-08-04T05:14:21&quot;},{&quot;id&quot;:7,&quot;name&quot;:&quot;http://www.google.com&quot;,&quot;address&quot;:&quot;688 Zaproxy Rid // Output truncated...`

Reproduce with:

    curl -X GET http://host.docker.internal:8080/api/pizzerias

4. Test Case ID: DlJQtF

- API rejected schema-compliant request

    Valid data should have been accepted
    Expected: 2xx, 401, 403, 404, 409, 5xx

[400] Bad Request:

    `{&quot;timestamp&quot;:&quot;2026-08-04T05:17:34.015Z&quot;,&quot;status&quot;:400,&quot;error&quot;:&quot;Bad Request&quot;,&quot;path&quot;:&quot;/api/pizzas/1027164301003859296256&quot;}`

Reproduce with:

    curl -X GET 'http://host.docker.internal:8080/api/pizzas?pizzeriaId=-187'
    curl -X GET http://host.docker.internal:8080/api/pizzas/1027164301003859296256

5. Test Case ID: rqVjsL

- Response violates schema

    null is not of type &quot;string&quot;

    Schema at /components/schemas/Pizzeria/properties/phone:

        {
            &quot;type&quot;: &quot;string&quot;,
            &quot;description&quot;: &quot;Contact phone number&quot;,
            &quot;example&quot;: &quot;+351912345678&quot;
        }

    Value:

        null

[200] OK:

    `[{&quot;id&quot;:47,&quot;name&quot;:&quot;ZAP&quot;,&quot;address&quot;:&quot;÷&quot;,&quot;phone&quot;:null,&quot;createdAt&quot;:&quot;2026-08-04T05:14:23&quot;},{&quot;id&quot;:48,&quot;name&quot;:&quot;ZAP'(&quot;,&quot;address&quot;:&quot;±𪿦¾Ô&quot;,&quot;phone&quot;:null,&quot;createdAt&quot;:&quot;2026-08-04T05:14:23&quot;},{&quot;id&quot;:49,&quot;name&quot;:&quot;ZAP&quot;,&quot;address&quot;:&quot;https://\\8138326420901376243.owasp.org&quot;,&quot;phone&quot;:&quot;9999999999&quot;,&quot;createdAt&quot;:&quot;2026-08-04T05:14:23&quot;},{&quot;id&quot;:50,&quot;name&quot;:&quot;${@print(chr(122).chr(97).chr(112).chr(95).chr(116).chr(111).chr(107).chr(101).chr(110))}\\&quot;,&quot;address&quot;:&quot;J0½\\񱰲&quot;,&quot;phone&quot;:&quot;÷&quot;,&quot;createdAt&quot;:&quot;2026-08-04T05:14:23&quot;},{&quot;id&quot;:51,&quot;name&quot;:&quot;ZAP'(&quot;,&quot;addres // Output truncated...`

Reproduce with:

    curl -X GET http://host.docker.internal:8080/api/pizzerias

6. Test Case ID: gWmCjP

- API rejected schema-compliant request

    Valid data should have been accepted
    Expected: 2xx, 401, 403, 404, 409, 5xx

[400] Bad Request:

    `{&quot;timestamp&quot;:&quot;2026-08-04T05:17:50.511Z&quot;,&quot;status&quot;:400,&quot;error&quot;:&quot;Bad Request&quot;,&quot;path&quot;:&quot;/api/pizzas&quot;}`

Reproduce with:

    curl -X GET 'http://host.docker.internal:8080/api/pizzas?pizzeriaId=48700824454647943004160'

7. Test Case ID: cjLTJM

- API rejected schema-compliant request

    Valid data should have been accepted
    Expected: 2xx, 401, 403, 404, 409, 5xx

[400] Bad Request:

    `{&quot;timestamp&quot;:&quot;2026-08-04T05:18:51.356Z&quot;,&quot;status&quot;:400,&quot;error&quot;:&quot;Bad Request&quot;,&quot;path&quot;:&quot;/api/pizzas/542749037305623964000731730542592&quot;}`

Reproduce with:

    curl -X GET 'http://host.docker.internal:8080/api/pizzas?pizzeriaId=7815970'
    curl -X DELETE http://host.docker.internal:8080/api/pizzas/542749037305623964000731730542592"/>
		</testcase>
	</testsuite>
</testsuites>
